#
# A fatal error has been detected by the Java Runtime Environment:
#
#  SIGFPE (0x8) at pc=0x00007f19fd879271, pid=3340, tid=0x00007f1a044b4700
#
# JRE version: OpenJDK Runtime Environment (8.0_212-b03) (build 1.8.0_212-8u212-b03-0ubuntu1.16.04.1-b03)
# Java VM: OpenJDK 64-Bit Server VM (25.212-b03 mixed mode, sharing linux-amd64 compressed oops)
# Problematic frame:
# C  [mtype521.cooja+0xa271]  process_thread_SR_b_send_proc+0x11c
#
# Failed to write core dump. Core dumps have been disabled. To enable core dumping, try "ulimit -c unlimited" before starting Java again
#
# If you would like to submit a bug report, please visit:
#   http://bugreport.java.com/bugreport/crash.jsp
# The crash happened outside the Java Virtual Machine in native code.
# See problematic frame for where to report the bug.
#

---------------  T H R E A D  ---------------

Current thread (0x00007f19bc295000):  JavaThread "Thread-51" [_thread_in_native, id=13369, stack(0x00007f1a043b4000,0x00007f1a044b5000)]

siginfo: si_signo: 8 (SIGFPE), si_code: 1 (FPE_INTDIV), si_addr: 0x00007f19fd879271

Registers:
RAX=0x0000000000007d23, RBX=0x0000000000000000, RCX=0x0000000000000000, RDX=0x0000000000000000
RSP=0x00007f19fda8cd98, RBP=0x00007f19fda8cdc8, RSI=0x00007f19fda8cd64, RDI=0x00007f1a3b41d620
R8 =0x00007f1a3b41d0a4, R9 =0x00007f1a3b41d120, R10=0x0000000000000005, R11=0x00007f19fda88de0
R12=0x0000000000000000, R13=0x0000000000000002, R14=0x0000000000000002, R15=0x00007f19bc295000
RIP=0x00007f19fd879271, EFLAGS=0x0000000000010212, CSGSFS=0x002b000000000033, ERR=0x0000000000000000
  TRAPNO=0x0000000000000000

Top of Stack: (sp=0x00007f19fda8cd98)
0x00007f19fda8cd98:   00752f826d6f682f 00007f19fda88c98
0x00007f19fda8cda8:   0000003400000000 00007f19fda88658
0x00007f19fda8cdb8:   00007f19fda8cdf8 01007f19fd87d1e1
0x00007f19fda8cdc8:   00007f19fda8ce08 00007f19fd87d1e1
0x00007f19fda8cdd8:   00007f82fda88618 00007f19fda88c98
0x00007f19fda8cde8:   0000003400000000 00007f19fda88640
0x00007f19fda8cdf8:   00007f19fda8ce18 00007f19fd87d2d6
0x00007f19fda8ce08:   00007f19fda8ce18 00007f19fd87d466
0x00007f19fda8ce18:   00007f19fda8ce28 00007f19fd87d482
0x00007f19fda8ce28:   00007f19fda8ce48 00007f19fd879f15
0x00007f19fda8ce38:   0000000000000000 0000000000000000
0x00007f19fda8ce48:   0000000000000000 0000000000000000
0x00007f19fda8ce58:   0000000000000000 0000000000000000
0x00007f19fda8ce68:   00007f19fda8ae40 00007f19fda8ae58
0x00007f19fda8ce78:   0000000000000000 0000000000000000
0x00007f19fda8ce88:   0000000000000000 0000000000000001
0x00007f19fda8ce98:   0000000000000000 0000000000000000
0x00007f19fda8cea8:   0000000000000000 0000000000000000
0x00007f19fda8ceb8:   0000000000000000 0000000000000000
0x00007f19fda8cec8:   0000000000000000 0000000000000000
0x00007f19fda8ced8:   0000000000000000 20676e69646e6553
0x00007f19fda8cee8:   6163696e7520524c 2e31206f74207473
0x00007f19fda8cef8:   6e6f707365722030 206f7420676e6964
0x00007f19fda8cf08:   73616364616f7262 4e4e5b67736d2074
0x00007f19fda8cf18:   3030303030303230 32203a4f000a5d30
0x00007f19fda8cf28:   5f45424f52545320 45444f4d5f544e43
0x00007f19fda8cf38:   4c4155442030203a 474e4954554f525f
0x00007f19fda8cf48:   475245564e4f435f 41534c2030203a45
0x00007f19fda8cf58:   0a31203a43414d5f 0000000000000000
0x00007f19fda8cf68:   0000000000000000 0000000000000000
0x00007f19fda8cf78:   0000000000000000 0000000000000000
0x00007f19fda8cf88:   0000000000000000 0000000000000000 

Instructions: (pc=0x00007f19fd879271)
0x00007f19fd879251:   05 96 f3 20 00 84 c0 0f 85 e8 00 00 00 e8 5d ed
0x00007f19fd879261:   ff ff 0f b7 c0 0f b6 15 81 f3 20 00 0f b6 ca 99
0x00007f19fd879271:   f7 f9 89 d0 48 98 48 89 05 da fa 20 00 48 8b 05
0x00007f19fd879281:   d3 fa 20 00 48 85 c0 74 6d 48 8b 05 c7 fa 20 00 

Register to memory mapping:

RAX=0x0000000000007d23 is an unknown value
RBX=0x0000000000000000 is an unknown value
RCX=0x0000000000000000 is an unknown value
RDX=0x0000000000000000 is an unknown value
RSP=0x00007f19fda8cd98: <offset 0x21dd98> in /home/tryfon/coral/contiki/coral_dual/obj_cooja/mtype521.cooja at 0x00007f19fd86f000
RBP=0x00007f19fda8cdc8: <offset 0x21ddc8> in /home/tryfon/coral/contiki/coral_dual/obj_cooja/mtype521.cooja at 0x00007f19fd86f000
RSI=0x00007f19fda8cd64: <offset 0x21dd64> in /home/tryfon/coral/contiki/coral_dual/obj_cooja/mtype521.cooja at 0x00007f19fd86f000
RDI=0x00007f1a3b41d620: <offset 0x3c4620> in /lib/x86_64-linux-gnu/libc.so.6 at 0x00007f1a3b059000
R8 =0x00007f1a3b41d0a4: <offset 0x3c40a4> in /lib/x86_64-linux-gnu/libc.so.6 at 0x00007f1a3b059000
R9 =0x00007f1a3b41d120: <offset 0x3c4120> in /lib/x86_64-linux-gnu/libc.so.6 at 0x00007f1a3b059000
R10=0x0000000000000005 is an unknown value
R11=0x00007f19fda88de0: <offset 0x219de0> in /home/tryfon/coral/contiki/coral_dual/obj_cooja/mtype521.cooja at 0x00007f19fd86f000
R12=0x0000000000000000 is an unknown value
R13=0x0000000000000002 is an unknown value
R14=0x0000000000000002 is an unknown value
R15=0x00007f19bc295000 is a thread


Stack: [0x00007f1a043b4000,0x00007f1a044b5000],  sp=0x00007f19fda8cd98,  free space=18014398509374307k
Native frames: (J=compiled Java code, j=interpreted, Vv=VM code, C=native code)
C  [mtype521.cooja+0xa271]  process_thread_SR_b_send_proc+0x11c

Java frames: (J=compiled Java code, j=interpreted, Vv=VM code)
J 8118  org.contikios.cooja.corecomm.Lib11.tick()V (0 bytes) @ 0x00007f1a2594bd88 [0x00007f1a2594bd40+0x48]
J 8126 C2 org.contikios.cooja.motes.AbstractWakeupMote$1.execute(J)V (9 bytes) @ 0x00007f1a25d9eb40 [0x00007f1a25d9e4a0+0x6a0]
J 8214% C2 org.contikios.cooja.Simulation.run()V (427 bytes) @ 0x00007f1a26616850 [0x00007f1a26616460+0x3f0]
j  java.lang.Thread.run()V+11
v  ~StubRoutines::call_stub

---------------  P R O C E S S  ---------------

Java Threads: ( => current thread )
=>0x00007f19bc295000 JavaThread "Thread-51" [_thread_in_native, id=13369, stack(0x00007f1a043b4000,0x00007f1a044b5000)]
  0x00007f1978024800 JavaThread "Thread-50" [_thread_blocked, id=13365, stack(0x00007f19fea46000,0x00007f19feb47000)]
  0x00007f1978007000 JavaThread "Thread-47" [_thread_blocked, id=13341, stack(0x00007f19fe0fb000,0x00007f19fe1fc000)]
  0x00007f1978002800 JavaThread "Thread-45" [_thread_blocked, id=13280, stack(0x00007f19fe41f000,0x00007f19fe520000)]
  0x00007f1994003000 JavaThread "Thread-39" [_thread_blocked, id=12196, stack(0x00007f19ff18f000,0x00007f19ff290000)]
  0x00007f1994034000 JavaThread "Thread-37" [_thread_blocked, id=12136, stack(0x00007f19ffeff000,0x00007f1a00000000)]
  0x00007f1988018000 JavaThread "Thread-31" [_thread_blocked, id=11958, stack(0x00007f19fe520000,0x00007f19fe621000)]
  0x00007f1988014000 JavaThread "Thread-29" [_thread_blocked, id=11899, stack(0x00007f19fe945000,0x00007f19fea46000)]
  0x00007f19bc2aa800 JavaThread "Thread-28" [_thread_blocked, id=11861, stack(0x00007f19ff391000,0x00007f19ff492000)]
  0x00007f198800f800 JavaThread "Thread-26" [_thread_blocked, id=11839, stack(0x00007f19fee6b000,0x00007f19fef6c000)]
  0x00007f1988006800 JavaThread "Thread-24" [_thread_blocked, id=11785, stack(0x00007f19ff290000,0x00007f19ff391000)]
  0x00007f19bc1c0000 JavaThread "Thread-23" [_thread_blocked, id=11747, stack(0x00007f19ff6b5000,0x00007f19ff7b6000)]
  0x00007f1988001800 JavaThread "Thread-21" [_thread_blocked, id=11725, stack(0x00007f19ff7b6000,0x00007f19ff8b7000)]
  0x00007f198800a000 JavaThread "Thread-19" [_thread_blocked, id=11671, stack(0x00007f1a0c7ce000,0x00007f1a0c8cf000)]
  0x00007f19bc1a5800 JavaThread "Thread-17" [_thread_blocked, id=11637, stack(0x00007f1a04090000,0x00007f1a04191000)]
  0x00007f19a8006000 JavaThread "Thread-15" [_thread_blocked, id=11615, stack(0x00007f19ffdfe000,0x00007f19ffeff000)]
  0x00007f19bc1b0000 JavaThread "Thread-14" [_thread_blocked, id=11580, stack(0x00007f1a0cb0a000,0x00007f1a0cc0b000)]
  0x00007f19a8046000 JavaThread "Thread-12" [_thread_blocked, id=11558, stack(0x00007f1a0c0a8000,0x00007f1a0c1a9000)]
  0x00007f19bc1c2000 JavaThread "Thread-10" [_thread_blocked, id=8211, stack(0x00007f1a048d8000,0x00007f1a049d9000)]
  0x00007f19bc1b9800 JavaThread "Thread-9" [_thread_blocked, id=8210, stack(0x00007f1a0c2aa000,0x00007f1a0c3ab000)]
  0x00007f19b419a000 JavaThread "Thread-5" [_thread_in_native, id=3525, stack(0x00007f1a0c1a9000,0x00007f1a0c2aa000)]
  0x00007f19b407a000 JavaThread "Thread-3" [_thread_blocked, id=3484, stack(0x00007f1a0c9d0000,0x00007f1a0cad1000)]
  0x00007f19b406e000 JavaThread "Thread-1" [_thread_blocked, id=3425, stack(0x00007f1a0c8cf000,0x00007f1a0c9d0000)]
  0x00007f19bc032000 JavaThread "TimerQueue" daemon [_thread_blocked, id=3368, stack(0x00007f1a0cc0d000,0x00007f1a0cd0e000)]
  0x00007f1a3400b000 JavaThread "DestroyJavaVM" [_thread_blocked, id=3345, stack(0x00007f1a3b737000,0x00007f1a3b838000)]
  0x00007f1a34360800 JavaThread "AWT-EventQueue-0" [_thread_in_native, id=3367, stack(0x00007f1a0ce81000,0x00007f1a0cf82000)]
  0x00007f1a3435f000 JavaThread "AWT-Shutdown" [_thread_blocked, id=3366, stack(0x00007f1a0cf82000,0x00007f1a0d083000)]
  0x00007f1a342f9000 JavaThread "AWT-XAWT" daemon [_thread_in_native, id=3365, stack(0x00007f1a0d4ad000,0x00007f1a0d5ae000)]
  0x00007f1a342df800 JavaThread "Java2D Disposer" daemon [_thread_blocked, id=3364, stack(0x00007f1a0d9be000,0x00007f1a0dabf000)]
  0x00007f1a34089800 JavaThread "Service Thread" daemon [_thread_blocked, id=3362, stack(0x00007f1a0f9fa000,0x00007f1a0fafb000)]
  0x00007f1a34086800 JavaThread "C1 CompilerThread3" daemon [_thread_blocked, id=3361, stack(0x00007f1a0fafb000,0x00007f1a0fbfc000)]
  0x00007f1a3407c800 JavaThread "C2 CompilerThread2" daemon [_thread_in_native, id=3360, stack(0x00007f1a0fbfc000,0x00007f1a0fcfd000)]
  0x00007f1a3407a800 JavaThread "C2 CompilerThread1" daemon [_thread_blocked, id=3359, stack(0x00007f1a0fcfd000,0x00007f1a0fdfe000)]
  0x00007f1a34077800 JavaThread "C2 CompilerThread0" daemon [_thread_blocked, id=3358, stack(0x00007f1a0fdfe000,0x00007f1a0feff000)]
  0x00007f1a34076000 JavaThread "Signal Dispatcher" daemon [_thread_blocked, id=3357, stack(0x00007f1a0feff000,0x00007f1a10000000)]
  0x00007f1a34069800 JavaThread "Finalizer" daemon [_thread_blocked, id=3356, stack(0x00007f1a14a02000,0x00007f1a14b03000)]
  0x00007f1a3405d000 JavaThread "Reference Handler" daemon [_thread_blocked, id=3355, stack(0x00007f1a14d20000,0x00007f1a14e21000)]

Other Threads:
  0x00007f1a3405a000 VMThread [stack: 0x00007f1a14e21000,0x00007f1a14f22000] [id=3354]
  0x00007f1a34094000 WatcherThread [stack: 0x00007f1a0f8f9000,0x00007f1a0f9fa000] [id=3363]

VM state:not at safepoint (normal execution)

VM Mutex/Monitor currently owned by a thread: None

heap address: 0x00000000e0000000, size: 512 MB, Compressed Oops mode: 32-bit
Narrow klass base: 0x0000000800000000, Narrow klass shift: 0
Compressed class space size: 1073741824 Address: 0x000000080241e000

Heap:
 PSYoungGen      total 169984K, used 158646K [0x00000000f5580000, 0x00000000fff00000, 0x0000000100000000)
  eden space 169472K, 93% used [0x00000000f5580000,0x00000000ff008ce0,0x00000000ffb00000)
  from space 512K, 78% used [0x00000000ffb00000,0x00000000ffb64b48,0x00000000ffb80000)
  to   space 2048K, 0% used [0x00000000ffd00000,0x00000000ffd00000,0x00000000fff00000)
 ParOldGen       total 73728K, used 22572K [0x00000000e0000000, 0x00000000e4800000, 0x00000000f5580000)
  object space 73728K, 30% used [0x00000000e0000000,0x00000000e160b130,0x00000000e4800000)
 Metaspace       used 16005K, capacity 16326K, committed 16640K, reserved 1064960K
  class space    used 1907K, capacity 2010K, committed 2048K, reserved 1048576K

Card table byte_map: [0x00007f1a3809c000,0x00007f1a3819d000] byte_map_base: 0x00007f1a3799c000

Marking Bits: (ParMarkBitMap*) 0x00007f1a3aa01580
 Begin Bits: [0x00007f1a17000000, 0x00007f1a17800000)
 End Bits:   [0x00007f1a17800000, 0x00007f1a18000000)

Polling page: 0x00007f1a3b854000

CodeCache: size=245760Kb used=22804Kb max_used=22812Kb free=222955Kb
 bounds [0x00007f1a25000000, 0x00007f1a26680000, 0x00007f1a34000000]
 total_blobs=7010 nmethods=6313 adapters=606
 compilation: enabled

Compilation events (10 events):
Event: 47692.566 Thread 0x00007f1a34086800 nmethod 8260 0x00007f1a2666f250 code [0x00007f1a2666f420, 0x00007f1a2666fcb8]
Event: 47692.566 Thread 0x00007f1a34086800 8261       1       org.contikios.cooja.contikimote.interfaces.ContikiRS232::access$400 (5 bytes)
Event: 47692.566 Thread 0x00007f1a34086800 nmethod 8261 0x00007f1a2666ef90 code [0x00007f1a2666f0e0, 0x00007f1a2666f1d0]
Event: 47693.566 Thread 0x00007f1a34086800 8262       1       de.fau.cooja.plugins.Serial2Pty::access$500 (5 bytes)
Event: 47693.567 Thread 0x00007f1a34086800 nmethod 8262 0x00007f1a26671550 code [0x00007f1a266716a0, 0x00007f1a26671790]
Event: 47693.568 Thread 0x00007f1a34086800 8263       1       java.lang.Byte::byteValue (5 bytes)
Event: 47693.569 Thread 0x00007f1a34086800 nmethod 8263 0x00007f1a26671290 code [0x00007f1a266713e0, 0x00007f1a266714f0]
Event: 47693.575 Thread 0x00007f1a34086800 8264       3       org.contikios.cooja.radiomediums.AbstractRadioMedium::getRegisteredRadios (15 bytes)
Event: 47693.576 Thread 0x00007f1a34086800 nmethod 8264 0x00007f1a26670c90 code [0x00007f1a26670e00, 0x00007f1a266711a8]
Event: 47693.595 Thread 0x00007f1a3407c800 8265  s    4       java.util.Hashtable::containsKey (65 bytes)

GC Heap History (10 events):
Event: 45736.537 GC heap before
{Heap before GC invocations=107 (full 8):
 PSYoungGen      total 148480K, used 145632K [0x00000000f5580000, 0x00000000ff600000, 0x0000000100000000)
  eden space 145408K, 100% used [0x00000000f5580000,0x00000000fe380000,0x00000000fe380000)
  from space 3072K, 7% used [0x00000000fe680000,0x00000000fe6b8000,0x00000000fe980000)
  to   space 3072K, 0% used [0x00000000fe380000,0x00000000fe380000,0x00000000fe680000)
 ParOldGen       total 73728K, used 22263K [0x00000000e0000000, 0x00000000e4800000, 0x00000000f5580000)
  object space 73728K, 30% used [0x00000000e0000000,0x00000000e15bde38,0x00000000e4800000)
 Metaspace       used 15940K, capacity 16262K, committed 16384K, reserved 1062912K
  class space    used 1907K, capacity 2010K, committed 2048K, reserved 1048576K
Event: 45736.541 GC heap after
Heap after GC invocations=107 (full 8):
 PSYoungGen      total 148480K, used 96K [0x00000000f5580000, 0x00000000fff00000, 0x0000000100000000)
  eden space 145408K, 0% used [0x00000000f5580000,0x00000000f5580000,0x00000000fe380000)
  from space 3072K, 3% used [0x00000000fe380000,0x00000000fe398000,0x00000000fe680000)
  to   space 2560K, 0% used [0x00000000ffc80000,0x00000000ffc80000,0x00000000fff00000)
 ParOldGen       total 73728K, used 22404K [0x00000000e0000000, 0x00000000e4800000, 0x00000000f5580000)
  object space 73728K, 30% used [0x00000000e0000000,0x00000000e15e13e0,0x00000000e4800000)
 Metaspace       used 15940K, capacity 16262K, committed 16384K, reserved 1062912K
  class space    used 1907K, capacity 2010K, committed 2048K, reserved 1048576K
}
Event: 45736.995 GC heap before
{Heap before GC invocations=108 (full 8):
 PSYoungGen      total 148480K, used 145504K [0x00000000f5580000, 0x00000000fff00000, 0x0000000100000000)
  eden space 145408K, 100% used [0x00000000f5580000,0x00000000fe380000,0x00000000fe380000)
  from space 3072K, 3% used [0x00000000fe380000,0x00000000fe398000,0x00000000fe680000)
  to   space 2560K, 0% used [0x00000000ffc80000,0x00000000ffc80000,0x00000000fff00000)
 ParOldGen       total 73728K, used 22404K [0x00000000e0000000, 0x00000000e4800000, 0x00000000f5580000)
  object space 73728K, 30% used [0x00000000e0000000,0x00000000e15e13e0,0x00000000e4800000)
 Metaspace       used 15940K, capacity 16262K, committed 16384K, reserved 1062912K
  class space    used 1907K, capacity 2010K, committed 2048K, reserved 1048576K
Event: 45737.004 GC heap after
Heap after GC invocations=108 (full 8):
 PSYoungGen      total 171008K, used 32K [0x00000000f5580000, 0x00000000fff80000, 0x0000000100000000)
  eden space 168448K, 0% used [0x00000000f5580000,0x00000000f5580000,0x00000000ffa00000)
  from space 2560K, 1% used [0x00000000ffc80000,0x00000000ffc88000,0x00000000fff00000)
  to   space 2560K, 0% used [0x00000000ffa00000,0x00000000ffa00000,0x00000000ffc80000)
 ParOldGen       total 73728K, used 22404K [0x00000000e0000000, 0x00000000e4800000, 0x00000000f5580000)
  object space 73728K, 30% used [0x00000000e0000000,0x00000000e15e13e0,0x00000000e4800000)
 Metaspace       used 15940K, capacity 16262K, committed 16384K, reserved 1062912K
  class space    used 1907K, capacity 2010K, committed 2048K, reserved 1048576K
}
Event: 45737.648 GC heap before
{Heap before GC invocations=109 (full 8):
 PSYoungGen      total 171008K, used 168480K [0x00000000f5580000, 0x00000000fff80000, 0x0000000100000000)
  eden space 168448K, 100% used [0x00000000f5580000,0x00000000ffa00000,0x00000000ffa00000)
  from space 2560K, 1% used [0x00000000ffc80000,0x00000000ffc88000,0x00000000fff00000)
  to   space 2560K, 0% used [0x00000000ffa00000,0x00000000ffa00000,0x00000000ffc80000)
 ParOldGen       total 73728K, used 22404K [0x00000000e0000000, 0x00000000e4800000, 0x00000000f5580000)
  object space 73728K, 30% used [0x00000000e0000000,0x00000000e15e13e0,0x00000000e4800000)
 Metaspace       used 15941K, capacity 16262K, committed 16384K, reserved 1062912K
  class space    used 1907K, capacity 2010K, committed 2048K, reserved 1048576K
Event: 45737.651 GC heap after
Heap after GC invocations=109 (full 8):
 PSYoungGen      total 171008K, used 256K [0x00000000f5580000, 0x0000000100000000, 0x0000000100000000)
  eden space 168448K, 0% used [0x00000000f5580000,0x00000000f5580000,0x00000000ffa00000)
  from space 2560K, 10% used [0x00000000ffa00000,0x00000000ffa40000,0x00000000ffc80000)
  to   space 2560K, 0% used [0x00000000ffd80000,0x00000000ffd80000,0x0000000100000000)
 ParOldGen       total 73728K, used 22404K [0x00000000e0000000, 0x00000000e4800000, 0x00000000f5580000)
  object space 73728K, 30% used [0x00000000e0000000,0x00000000e15e13e0,0x00000000e4800000)
 Metaspace       used 15941K, capacity 16262K, committed 16384K, reserved 1062912K
  class space    used 1907K, capacity 2010K, committed 2048K, reserved 1048576K
}
Event: 45738.212 GC heap before
{Heap before GC invocations=110 (full 8):
 PSYoungGen      total 171008K, used 168704K [0x00000000f5580000, 0x0000000100000000, 0x0000000100000000)
  eden space 168448K, 100% used [0x00000000f5580000,0x00000000ffa00000,0x00000000ffa00000)
  from space 2560K, 10% used [0x00000000ffa00000,0x00000000ffa40000,0x00000000ffc80000)
  to   space 2560K, 0% used [0x00000000ffd80000,0x00000000ffd80000,0x0000000100000000)
 ParOldGen       total 73728K, used 22404K [0x00000000e0000000, 0x00000000e4800000, 0x00000000f5580000)
  object space 73728K, 30% used [0x00000000e0000000,0x00000000e15e13e0,0x00000000e4800000)
 Metaspace       used 15941K, capacity 16262K, committed 16384K, reserved 1062912K
  class space    used 1907K, capacity 2010K, committed 2048K, reserved 1048576K
Event: 45738.219 GC heap after
Heap after GC invocations=110 (full 8):
 PSYoungGen      total 172032K, used 64K [0x00000000f5580000, 0x0000000100000000, 0x0000000100000000)
  eden space 169472K, 0% used [0x00000000f5580000,0x00000000f5580000,0x00000000ffb00000)
  from space 2560K, 2% used [0x00000000ffd80000,0x00000000ffd90000,0x0000000100000000)
  to   space 2560K, 0% used [0x00000000ffb00000,0x00000000ffb00000,0x00000000ffd80000)
 ParOldGen       total 73728K, used 22572K [0x00000000e0000000, 0x00000000e4800000, 0x00000000f5580000)
  object space 73728K, 30% used [0x00000000e0000000,0x00000000e160b130,0x00000000e4800000)
 Metaspace       used 15941K, capacity 16262K, committed 16384K, reserved 1062912K
  class space    used 1907K, capacity 2010K, committed 2048K, reserved 1048576K
}
Event: 46393.847 GC heap before
{Heap before GC invocations=111 (full 8):
 PSYoungGen      total 172032K, used 169536K [0x00000000f5580000, 0x0000000100000000, 0x0000000100000000)
  eden space 169472K, 100% used [0x00000000f5580000,0x00000000ffb00000,0x00000000ffb00000)
  from space 2560K, 2% used [0x00000000ffd80000,0x00000000ffd90000,0x0000000100000000)
  to   space 2560K, 0% used [0x00000000ffb00000,0x00000000ffb00000,0x00000000ffd80000)
 ParOldGen       total 73728K, used 22572K [0x00000000e0000000, 0x00000000e4800000, 0x00000000f5580000)
  object space 73728K, 30% used [0x00000000e0000000,0x00000000e160b130,0x00000000e4800000)
 Metaspace       used 15965K, capacity 16326K, committed 16640K, reserved 1064960K
  class space    used 1907K, capacity 2010K, committed 2048K, reserved 1048576K
Event: 46393.860 GC heap after
Heap after GC invocations=111 (full 8):
 PSYoungGen      total 169984K, used 402K [0x00000000f5580000, 0x00000000fff00000, 0x0000000100000000)
  eden space 169472K, 0% used [0x00000000f5580000,0x00000000f5580000,0x00000000ffb00000)
  from space 512K, 78% used [0x00000000ffb00000,0x00000000ffb64b48,0x00000000ffb80000)
  to   space 2048K, 0% used [0x00000000ffd00000,0x00000000ffd00000,0x00000000fff00000)
 ParOldGen       total 73728K, used 22572K [0x00000000e0000000, 0x00000000e4800000, 0x00000000f5580000)
  object space 73728K, 30% used [0x00000000e0000000,0x00000000e160b130,0x00000000e4800000)
 Metaspace       used 15965K, capacity 16326K, committed 16640K, reserved 1064960K
  class space    used 1907K, capacity 2010K, committed 2048K, reserved 1048576K
}

Deoptimization events (10 events):
Event: 46320.603 Thread 0x00007f19bc295000 Uncommon trap: reason=bimorphic action=maybe_recompile pc=0x00007f1a2615c8a0 method=org.contikios.cooja.Simulation.run()V @ 78
Event: 46774.107 Thread 0x00007f19bc295000 Uncommon trap: reason=bimorphic action=maybe_recompile pc=0x00007f1a2615c8a0 method=org.contikios.cooja.Simulation.run()V @ 78
Event: 47693.568 Thread 0x00007f19bc295000 Uncommon trap: reason=speculate_class_check action=maybe_recompile pc=0x00007f1a2646f65c method=org.contikios.cooja.contikimote.interfaces.ContikiRadio.getSymbolNameLR(Ljava/lang/String;)Ljava/lang/String; @ 1
Event: 47693.594 Thread 0x00007f19bc295000 Uncommon trap: reason=bimorphic action=maybe_recompile pc=0x00007f1a263c0cc0 method=java.util.Hashtable.containsKey(Ljava/lang/Object;)Z @ 6
Event: 47693.594 Thread 0x00007f19bc295000 Uncommon trap: reason=bimorphic action=maybe_recompile pc=0x00007f1a263c0cc0 method=java.util.Hashtable.containsKey(Ljava/lang/Object;)Z @ 6
Event: 47693.594 Thread 0x00007f19bc295000 Uncommon trap: reason=bimorphic action=maybe_recompile pc=0x00007f1a263c0cc0 method=java.util.Hashtable.containsKey(Ljava/lang/Object;)Z @ 6
Event: 47693.594 Thread 0x00007f19bc295000 Uncommon trap: reason=bimorphic action=maybe_recompile pc=0x00007f1a263c0cc0 method=java.util.Hashtable.containsKey(Ljava/lang/Object;)Z @ 6
Event: 47693.598 Thread 0x00007f19bc295000 Uncommon trap: reason=unstable_if action=reinterpret pc=0x00007f1a26443de8 method=org.contikios.cooja.contikimote.interfaces.ContikiRadio.isReceiving()Z @ 14
Event: 47693.598 Thread 0x00007f19bc295000 Uncommon trap: reason=speculate_class_check action=maybe_recompile pc=0x00007f1a262f9414 method=org.contikios.cooja.contikimote.interfaces.ContikiRadio.getSymbolNameLR(Ljava/lang/String;)Ljava/lang/String; @ 1
Event: 47693.599 Thread 0x00007f19bc295000 Uncommon trap: reason=predicate action=maybe_recompile pc=0x00007f1a2646e3a4 method=org.contikios.cooja.radiomediums.AbstractRadioMedium$1.update(Ljava/util/Observable;Ljava/lang/Object;)V @ 870

Classes redefined (0 events):
No events

Internal exceptions (10 events):
Event: 40820.045 Thread 0x00007f19bc29e800 Implicit null exception at 0x00007f1a256eb94a to 0x00007f1a256ebecd
Event: 40820.045 Thread 0x00007f19bc29e800 Implicit null exception at 0x00007f1a256eff93 to 0x00007f1a256f04f9
Event: 40820.295 Thread 0x00007f1a34360800 Exception <a 'java/lang/UnsupportedOperationException': > (0x00000000fa0afaf8) thrown at [/build/openjdk-8-lHVHKD/openjdk-8-8u212-b03/src/hotspot/src/share/vm/prims/jni.cpp, line 736]
Event: 40820.518 Thread 0x00007f198804d000 Exception <a 'java/io/IOException'> (0x00000000fa848ab8) thrown at [/build/openjdk-8-lHVHKD/openjdk-8-8u212-b03/src/hotspot/src/share/vm/prims/jni.cpp, line 710]
Event: 40829.869 Thread 0x00007f1a34360800 Exception <a 'java/lang/UnsupportedOperationException': > (0x00000000f931af40) thrown at [/build/openjdk-8-lHVHKD/openjdk-8-8u212-b03/src/hotspot/src/share/vm/prims/jni.cpp, line 736]
Event: 40832.473 Thread 0x00007f19bc29e800 Implicit null exception at 0x00007f1a264504d5 to 0x00007f1a26453cdd
Event: 45339.097 Thread 0x00007f1a34360800 Exception <a 'java/lang/UnsupportedOperationException': > (0x00000000f68909f0) thrown at [/build/openjdk-8-lHVHKD/openjdk-8-8u212-b03/src/hotspot/src/share/vm/prims/jni.cpp, line 736]
Event: 45339.303 Thread 0x00007f1994023000 Exception <a 'java/io/IOException'> (0x00000000f6fe6e40) thrown at [/build/openjdk-8-lHVHKD/openjdk-8-8u212-b03/src/hotspot/src/share/vm/prims/jni.cpp, line 710]
Event: 45348.412 Thread 0x00007f1a34360800 Exception <a 'java/lang/UnsupportedOperationException': > (0x00000000f6d12780) thrown at [/build/openjdk-8-lHVHKD/openjdk-8-8u212-b03/src/hotspot/src/share/vm/prims/jni.cpp, line 736]
Event: 46318.314 Thread 0x00007f1a34360800 Implicit null exception at 0x00007f1a26123a53 to 0x00007f1a26123e59

Events (10 events):
Event: 47693.594 Thread 0x00007f19bc295000 DEOPT UNPACKING pc=0x00007f1a2504547a sp=0x00007f1a044b3338 mode 2
Event: 47693.598 Thread 0x00007f19bc295000 Uncommon trap: trap_request=0xffffff65 fr.pc=0x00007f1a26443de8
Event: 47693.598 Thread 0x00007f19bc295000 DEOPT PACKING pc=0x00007f1a26443de8 sp=0x00007f1a044b33a0
Event: 47693.598 Thread 0x00007f19bc295000 DEOPT UNPACKING pc=0x00007f1a2504547a sp=0x00007f1a044b3358 mode 2
Event: 47693.598 Thread 0x00007f19bc295000 Uncommon trap: trap_request=0xffffff76 fr.pc=0x00007f1a262f9414
Event: 47693.598 Thread 0x00007f19bc295000 DEOPT PACKING pc=0x00007f1a262f9414 sp=0x00007f1a044b3600
Event: 47693.598 Thread 0x00007f19bc295000 DEOPT UNPACKING pc=0x00007f1a2504547a sp=0x00007f1a044b3510 mode 2
Event: 47693.599 Thread 0x00007f19bc295000 Uncommon trap: trap_request=0xffffff86 fr.pc=0x00007f1a2646e3a4
Event: 47693.599 Thread 0x00007f19bc295000 DEOPT PACKING pc=0x00007f1a2646e3a4 sp=0x00007f1a044b36c0
Event: 47693.599 Thread 0x00007f19bc295000 DEOPT UNPACKING pc=0x00007f1a2504547a sp=0x00007f1a044b36c0 mode 2


Dynamic libraries:
00400000-00401000 r-xp 00000000 08:01 2687                               /usr/lib/jvm/java-8-openjdk-amd64/jre/bin/java
00600000-00601000 r--p 00000000 08:01 2687                               /usr/lib/jvm/java-8-openjdk-amd64/jre/bin/java
00601000-00602000 rw-p 00001000 08:01 2687                               /usr/lib/jvm/java-8-openjdk-amd64/jre/bin/java
022d6000-022f7000 rw-p 00000000 00:00 0                                  [heap]
e0000000-e4800000 rw-p 00000000 00:00 0 
e4800000-f5580000 ---p 00000000 00:00 0 
f5580000-fff00000 rw-p 00000000 00:00 0 
fff00000-100000000 ---p 00000000 00:00 0 
800000000-8006fd000 r--p 00001000 08:01 2788                             /usr/lib/jvm/java-8-openjdk-amd64/jre/lib/amd64/server/classes.jsa
8006fd000-801000000 ---p 00000000 00:00 0 
801000000-801aad000 rw-p 006fe000 08:01 2788                             /usr/lib/jvm/java-8-openjdk-amd64/jre/lib/amd64/server/classes.jsa
801aad000-802000000 ---p 00000000 00:00 0 
802000000-802182000 rw-p 011ab000 08:01 2788                             /usr/lib/jvm/java-8-openjdk-amd64/jre/lib/amd64/server/classes.jsa
802182000-802400000 ---p 00000000 00:00 0 
802400000-802409000 r-xp 0132d000 08:01 2788                             /usr/lib/jvm/java-8-openjdk-amd64/jre/lib/amd64/server/classes.jsa
802409000-80241e000 ---p 00000000 00:00 0 
80241e000-80261e000 rw-p 00000000 00:00 0 
80261e000-84241e000 ---p 00000000 00:00 0 
7f1948000000-7f1948021000 rw-p 00000000 00:00 0 
7f1948021000-7f194c000000 ---p 00000000 00:00 0 
7f194c000000-7f194c021000 rw-p 00000000 00:00 0 
7f194c021000-7f1950000000 ---p 00000000 00:00 0 
7f1950000000-7f1950021000 rw-p 00000000 00:00 0 
7f1950021000-7f1954000000 ---p 00000000 00:00 0 
7f1954000000-7f1954021000 rw-p 00000000 00:00 0 
7f1954021000-7f1958000000 ---p 00000000 00:00 0 
7f1958000000-7f1958021000 rw-p 00000000 00:00 0 
7f1958021000-7f195c000000 ---p 00000000 00:00 0 
7f195c000000-7f195c021000 rw-p 00000000 00:00 0 
7f195c021000-7f1960000000 ---p 00000000 00:00 0 
7f1960000000-7f1960021000 rw-p 00000000 00:00 0 
7f1960021000-7f1964000000 ---p 00000000 00:00 0 
7f1964000000-7f1964021000 rw-p 00000000 00:00 0 
7f1964021000-7f1968000000 ---p 00000000 00:00 0 
7f1968000000-7f1968021000 rw-p 00000000 00:00 0 
7f1968021000-7f196c000000 ---p 00000000 00:00 0 
7f196c000000-7f196c021000 rw-p 00000000 00:00 0 
7f196c021000-7f1970000000 ---p 00000000 00:00 0 
7f1970000000-7f1970021000 rw-p 00000000 00:00 0 
7f1970021000-7f1974000000 ---p 00000000 00:00 0 
7f1974000000-7f1974021000 rw-p 00000000 00:00 0 
7f1974021000-7f1978000000 ---p 00000000 00:00 0 
7f1978000000-7f1978028000 rw-p 00000000 00:00 0 
7f1978028000-7f197c000000 ---p 00000000 00:00 0 
7f197c000000-7f197c021000 rw-p 00000000 00:00 0 
7f197c021000-7f1980000000 ---p 00000000 00:00 0 
7f1980000000-7f1980021000 rw-p 00000000 00:00 0 
7f1980021000-7f1984000000 ---p 00000000 00:00 0 
7f1984000000-7f1984021000 rw-p 00000000 00:00 0 
7f1984021000-7f1988000000 ---p 00000000 00:00 0 
7f1988000000-7f1988051000 rw-p 00000000 00:00 0 
7f1988051000-7f198c000000 ---p 00000000 00:00 0 
7f198c000000-7f198c021000 rw-p 00000000 00:00 0 
7f198c021000-7f1990000000 ---p 00000000 00:00 0 
7f1990000000-7f1990021000 rw-p 00000000 00:00 0 
7f1990021000-7f1994000000 ---p 00000000 00:00 0 
7f1994000000-7f1994044000 rw-p 00000000 00:00 0 
7f1994044000-7f1998000000 ---p 00000000 00:00 0 
7f1998000000-7f1998021000 rw-p 00000000 00:00 0 
7f1998021000-7f199c000000 ---p 00000000 00:00 0 
7f199c000000-7f199c021000 rw-p 00000000 00:00 0 
7f199c021000-7f19a0000000 ---p 00000000 00:00 0 
7f19a0000000-7f19a0021000 rw-p 00000000 00:00 0 
7f19a0021000-7f19a4000000 ---p 00000000 00:00 0 
7f19a4000000-7f19a4021000 rw-p 00000000 00:00 0 
7f19a4021000-7f19a8000000 ---p 00000000 00:00 0 
7f19a8000000-7f19a804c000 rw-p 00000000 00:00 0 
7f19a804c000-7f19ac000000 ---p 00000000 00:00 0 
7f19ac000000-7f19ac021000 rw-p 00000000 00:00 0 
7f19ac021000-7f19b0000000 ---p 00000000 00:00 0 
7f19b0000000-7f19b0021000 rw-p 00000000 00:00 0 
7f19b0021000-7f19b4000000 ---p 00000000 00:00 0 
7f19b4000000-7f19b41a4000 rw-p 00000000 00:00 0 
7f19b41a4000-7f19b8000000 ---p 00000000 00:00 0 
7f19b8000000-7f19b8021000 rw-p 00000000 00:00 0 
7f19b8021000-7f19bc000000 ---p 00000000 00:00 0 
7f19bc000000-7f19bc344000 rw-p 00000000 00:00 0 
7f19bc344000-7f19c0000000 ---p 00000000 00:00 0 
7f19c0000000-7f19c0021000 rw-p 00000000 00:00 0 
7f19c0021000-7f19c4000000 ---p 00000000 00:00 0 
7f19c4000000-7f19c4021000 rw-p 00000000 00:00 0 
7f19c4021000-7f19c8000000 ---p 00000000 00:00 0 
7f19c8000000-7f19c8021000 rw-p 00000000 00:00 0 
7f19c8021000-7f19cc000000 ---p 00000000 00:00 0 
7f19cc000000-7f19cc021000 rw-p 00000000 00:00 0 
7f19cc021000-7f19d0000000 ---p 00000000 00:00 0 
7f19d0000000-7f19d224f000 rw-p 00000000 00:00 0 
7f19d224f000-7f19d4000000 ---p 00000000 00:00 0 
7f19d4000000-7f19d4a69000 rw-p 00000000 00:00 0 
7f19d4a69000-7f19d8000000 ---p 00000000 00:00 0 
7f19d8000000-7f19da561000 rw-p 00000000 00:00 0 
7f19da561000-7f19dc000000 ---p 00000000 00:00 0 
7f19dc000000-7f19de2c9000 rw-p 00000000 00:00 0 
7f19de2c9000-7f19e0000000 ---p 00000000 00:00 0 
7f19e0000000-7f19e0021000 rw-p 00000000 00:00 0 
7f19e0021000-7f19e4000000 ---p 00000000 00:00 0 
7f19e4000000-7f19e4021000 rw-p 00000000 00:00 0 
7f19e4021000-7f19e8000000 ---p 00000000 00:00 0 
7f19e8000000-7f19e8111000 rw-p 00000000 00:00 0 
7f19e8111000-7f19ec000000 ---p 00000000 00:00 0 
7f19ec000000-7f19ec021000 rw-p 00000000 00:00 0 
7f19ec021000-7f19f0000000 ---p 00000000 00:00 0 
7f19f0000000-7f19f0021000 rw-p 00000000 00:00 0 
7f19f0021000-7f19f4000000 ---p 00000000 00:00 0 
7f19f8000000-7f19f8021000 rw-p 00000000 00:00 0 
7f19f8021000-7f19fc000000 ---p 00000000 00:00 0 
7f19fd66f000-7f19fd6af000 rw-p 00000000 00:00 0 
7f19fd6af000-7f19fd86f000 ---p 00000000 00:00 0 
7f19fd86f000-7f19fd887000 r-xp 00000000 08:01 987789                     /home/tryfon/coral/contiki/coral_dual/obj_cooja/mtype521.cooja
7f19fd887000-7f19fda87000 ---p 00018000 08:01 987789                     /home/tryfon/coral/contiki/coral_dual/obj_cooja/mtype521.cooja
7f19fda87000-7f19fda88000 r--p 00018000 08:01 987789                     /home/tryfon/coral/contiki/coral_dual/obj_cooja/mtype521.cooja
7f19fda88000-7f19fda89000 rw-p 00019000 08:01 987789                     /home/tryfon/coral/contiki/coral_dual/obj_cooja/mtype521.cooja
7f19fda89000-7f19fda92000 rw-p 00000000 00:00 0 
7f19fda92000-7f19fdaab000 r-xp 00000000 08:01 987785                     /home/tryfon/coral/contiki/coral_dual/obj_cooja/mtype194.cooja
7f19fdaab000-7f19fdcaa000 ---p 00019000 08:01 987785                     /home/tryfon/coral/contiki/coral_dual/obj_cooja/mtype194.cooja
7f19fdcaa000-7f19fdcab000 r--p 00018000 08:01 987785                     /home/tryfon/coral/contiki/coral_dual/obj_cooja/mtype194.cooja
7f19fdcab000-7f19fdcac000 rw-p 00019000 08:01 987785                     /home/tryfon/coral/contiki/coral_dual/obj_cooja/mtype194.cooja
7f19fdcac000-7f19fdcb5000 rw-p 00000000 00:00 0 
7f19fdcb5000-7f19fdccd000 r-xp 00000000 08:01 987781                     /home/tryfon/coral/contiki/coral_dual/obj_cooja/mtype688.cooja
7f19fdccd000-7f19fdecd000 ---p 00018000 08:01 987781                     /home/tryfon/coral/contiki/coral_dual/obj_cooja/mtype688.cooja
7f19fdecd000-7f19fdece000 r--p 00018000 08:01 987781                     /home/tryfon/coral/contiki/coral_dual/obj_cooja/mtype688.cooja
7f19fdece000-7f19fdecf000 rw-p 00019000 08:01 987781                     /home/tryfon/coral/contiki/coral_dual/obj_cooja/mtype688.cooja
7f19fdecf000-7f19fded8000 rw-p 00000000 00:00 0 
7f19fded8000-7f19fdef1000 r-xp 00000000 08:01 987777                     /home/tryfon/coral/contiki/coral_dual/obj_cooja/mtype852.cooja
7f19fdef1000-7f19fe0f0000 ---p 00019000 08:01 987777                     /home/tryfon/coral/contiki/coral_dual/obj_cooja/mtype852.cooja
7f19fe0f0000-7f19fe0f1000 r--p 00018000 08:01 987777                     /home/tryfon/coral/contiki/coral_dual/obj_cooja/mtype852.cooja
7f19fe0f1000-7f19fe0f2000 rw-p 00019000 08:01 987777                     /home/tryfon/coral/contiki/coral_dual/obj_cooja/mtype852.cooja
7f19fe0f2000-7f19fe0fb000 rw-p 00000000 00:00 0 
7f19fe0fb000-7f19fe0fe000 ---p 00000000 00:00 0 
7f19fe0fe000-7f19fe1fc000 rw-p 00000000 00:00 0 
7f19fe1fc000-7f19fe214000 r-xp 00000000 08:01 986346                     /home/tryfon/coral/contiki/coral_dual/obj_cooja/mtype832.cooja
7f19fe214000-7f19fe414000 ---p 00018000 08:01 986346                     /home/tryfon/coral/contiki/coral_dual/obj_cooja/mtype832.cooja
7f19fe414000-7f19fe415000 r--p 00018000 08:01 986346                     /home/tryfon/coral/contiki/coral_dual/obj_cooja/mtype832.cooja
7f19fe415000-7f19fe416000 rw-p 00019000 08:01 986346                     /home/tryfon/coral/contiki/coral_dual/obj_cooja/mtype832.cooja
7f19fe416000-7f19fe41f000 rw-p 00000000 00:00 0 
7f19fe41f000-7f19fe422000 ---p 00000000 00:00 0 
7f19fe422000-7f19fe520000 rw-p 00000000 00:00 0 
7f19fe520000-7f19fe523000 ---p 00000000 00:00 0 
7f19fe523000-7f19fe621000 rw-p 00000000 00:00 0 
7f19fe621000-7f19fe63a000 r-xp 00000000 08:01 986612                     /home/tryfon/coral/contiki/coral_dual/obj_cooja/mtype693.cooja
7f19fe63a000-7f19fe839000 ---p 00019000 08:01 986612                     /home/tryfon/coral/contiki/coral_dual/obj_cooja/mtype693.cooja
7f19fe839000-7f19fe83a000 r--p 00018000 08:01 986612                     /home/tryfon/coral/contiki/coral_dual/obj_cooja/mtype693.cooja
7f19fe83a000-7f19fe83b000 rw-p 00019000 08:01 986612                     /home/tryfon/coral/contiki/coral_dual/obj_cooja/mtype693.cooja
7f19fe83b000-7f19fe844000 rw-p 00000000 00:00 0 
7f19fe844000-7f19fe847000 ---p 00000000 00:00 0 
7f19fe847000-7f19fe945000 rw-p 00000000 00:00 0 
7f19fe945000-7f19fe948000 ---p 00000000 00:00 0 
7f19fe948000-7f19fea46000 rw-p 00000000 00:00 0 
7f19fea46000-7f19fea49000 ---p 00000000 00:00 0 
7f19fea49000-7f19feb47000 rw-p 00000000 00:00 0 
7f19feb47000-7f19feb5f000 r-xp 00000000 08:01 987679                     /home/tryfon/coral/contiki/coral_dual/obj_cooja/mtype638.cooja
7f19feb5f000-7f19fed5f000 ---p 00018000 08:01 987679                     /home/tryfon/coral/contiki/coral_dual/obj_cooja/mtype638.cooja
7f19fed5f000-7f19fed60000 r--p 00018000 08:01 987679                     /home/tryfon/coral/contiki/coral_dual/obj_cooja/mtype638.cooja
7f19fed60000-7f19fed61000 rw-p 00019000 08:01 987679                     /home/tryfon/coral/contiki/coral_dual/obj_cooja/mtype638.cooja
7f19fed61000-7f19fed6a000 rw-p 00000000 00:00 0 
7f19fed6a000-7f19fed6d000 ---p 00000000 00:00 0 
7f19fed6d000-7f19fee6b000 rw-p 00000000 00:00 0 
7f19fee6b000-7f19fee6e000 ---p 00000000 00:00 0 
7f19fee6e000-7f19fef6c000 rw-p 00000000 00:00 0 
7f19fef6c000-7f19fef85000 r-xp 00000000 08:01 987009                     /home/tryfon/coral/contiki/coral_dual/obj_cooja/mtype519.cooja
7f19fef85000-7f19ff184000 ---p 00019000 08:01 987009                     /home/tryfon/coral/contiki/coral_dual/obj_cooja/mtype519.cooja
7f19ff184000-7f19ff185000 r--p 00018000 08:01 987009                     /home/tryfon/coral/contiki/coral_dual/obj_cooja/mtype519.cooja
7f19ff185000-7f19ff186000 rw-p 00019000 08:01 987009                     /home/tryfon/coral/contiki/coral_dual/obj_cooja/mtype519.cooja
7f19ff186000-7f19ff18f000 rw-p 00000000 00:00 0 
7f19ff18f000-7f19ff192000 ---p 00000000 00:00 0 
7f19ff192000-7f19ff290000 rw-p 00000000 00:00 0 
7f19ff290000-7f19ff293000 ---p 00000000 00:00 0 
7f19ff293000-7f19ff391000 rw-p 00000000 00:00 0 
7f19ff391000-7f19ff394000 ---p 00000000 00:00 0 
7f19ff394000-7f19ff492000 rw-p 00000000 00:00 0 
7f19ff492000-7f19ff4aa000 r-xp 00000000 08:01 987758                     /home/tryfon/coral/contiki/coral_dual/obj_cooja/mtype121.cooja
7f19ff4aa000-7f19ff6aa000 ---p 00018000 08:01 987758                     /home/tryfon/coral/contiki/coral_dual/obj_cooja/mtype121.cooja
7f19ff6aa000-7f19ff6ab000 r--p 00018000 08:01 987758                     /home/tryfon/coral/contiki/coral_dual/obj_cooja/mtype121.cooja
7f19ff6ab000-7f19ff6ac000 rw-p 00019000 08:01 987758                     /home/tryfon/coral/contiki/coral_dual/obj_cooja/mtype121.cooja
7f19ff6ac000-7f19ff6b5000 rw-p 00000000 00:00 0 
7f19ff6b5000-7f19ff6b8000 ---p 00000000 00:00 0 
7f19ff6b8000-7f19ff7b6000 rw-p 00000000 00:00 0 
7f19ff7b6000-7f19ff7b9000 ---p 00000000 00:00 0 
7f19ff7b9000-7f19ff8b7000 rw-p 00000000 00:00 0 
7f19ff8b7000-7f19ff8d0000 r-xp 00000000 08:01 987759                     /home/tryfon/coral/contiki/coral_dual/obj_cooja/mtype47.cooja
7f19ff8d0000-7f19ffacf000 ---p 00019000 08:01 987759                     /home/tryfon/coral/contiki/coral_dual/obj_cooja/mtype47.cooja
7f19ffacf000-7f19ffad0000 r--p 00018000 08:01 987759                     /home/tryfon/coral/contiki/coral_dual/obj_cooja/mtype47.cooja
7f19ffad0000-7f19ffad1000 rw-p 00019000 08:01 987759                     /home/tryfon/coral/contiki/coral_dual/obj_cooja/mtype47.cooja
7f19ffad1000-7f19ffada000 rw-p 00000000 00:00 0 
7f19ffada000-7f19ffadd000 ---p 00000000 00:00 0 
7f19ffadd000-7f19ffbdb000 rw-p 00000000 00:00 0 
7f19ffbdb000-7f19ffbf4000 r-xp 00000000 08:01 986986                     /home/tryfon/coral/contiki/coral_dual/obj_cooja/mtype325.cooja
7f19ffbf4000-7f19ffdf3000 ---p 00019000 08:01 986986                     /home/tryfon/coral/contiki/coral_dual/obj_cooja/mtype325.cooja
7f19ffdf3000-7f19ffdf4000 r--p 00018000 08:01 986986                     /home/tryfon/coral/contiki/coral_dual/obj_cooja/mtype325.cooja
7f19ffdf4000-7f19ffdf5000 rw-p 00019000 08:01 986986                     /home/tryfon/coral/contiki/coral_dual/obj_cooja/mtype325.cooja
7f19ffdf5000-7f19ffdfe000 rw-p 00000000 00:00 0 
7f19ffdfe000-7f19ffe01000 ---p 00000000 00:00 0 
7f19ffe01000-7f19ffeff000 rw-p 00000000 00:00 0 
7f19ffeff000-7f19fff02000 ---p 00000000 00:00 0 
7f19fff02000-7f1a00000000 rw-p 00000000 00:00 0 
7f1a00000000-7f1a00021000 rw-p 00000000 00:00 0 
7f1a00021000-7f1a04000000 ---p 00000000 00:00 0 
7f1a04090000-7f1a04093000 ---p 00000000 00:00 0 
7f1a04093000-7f1a04191000 rw-p 00000000 00:00 0 
7f1a04191000-7f1a041aa000 r-xp 00000000 08:01 986902                     /home/tryfon/coral/contiki/coral_dual/obj_cooja/mtype980.cooja
7f1a041aa000-7f1a043a9000 ---p 00019000 08:01 986902                     /home/tryfon/coral/contiki/coral_dual/obj_cooja/mtype980.cooja
7f1a043a9000-7f1a043aa000 r--p 00018000 08:01 986902                     /home/tryfon/coral/contiki/coral_dual/obj_cooja/mtype980.cooja
7f1a043aa000-7f1a043ab000 rw-p 00019000 08:01 986902                     /home/tryfon/coral/contiki/coral_dual/obj_cooja/mtype980.cooja
7f1a043ab000-7f1a043b4000 rw-p 00000000 00:00 0 
7f1a043b4000-7f1a043b7000 ---p 00000000 00:00 0 
7f1a043b7000-7f1a044b5000 rw-p 00000000 00:00 0 
7f1a044b5000-7f1a044cd000 r-xp 00000000 08:01 987212                     /home/tryfon/coral/contiki/coral_dual/obj_cooja/mtype183.cooja
7f1a044cd000-7f1a046cd000 ---p 00018000 08:01 987212                     /home/tryfon/coral/contiki/coral_dual/obj_cooja/mtype183.cooja
7f1a046cd000-7f1a046ce000 r--p 00018000 08:01 987212                     /home/tryfon/coral/contiki/coral_dual/obj_cooja/mtype183.cooja
7f1a046ce000-7f1a046cf000 rw-p 00019000 08:01 987212                     /home/tryfon/coral/contiki/coral_dual/obj_cooja/mtype183.cooja
7f1a046cf000-7f1a048d8000 rw-p 00000000 00:00 0 
7f1a048d8000-7f1a048db000 ---p 00000000 00:00 0 
7f1a048db000-7f1a049d9000 rw-p 00000000 00:00 0 
7f1a049d9000-7f1a049db000 r-xp 00000000 08:01 933447                     /home/tryfon/contiki/tools/cooja/apps/serial2pty/lib/libpty.so
7f1a049db000-7f1a04bda000 ---p 00002000 08:01 933447                     /home/tryfon/contiki/tools/cooja/apps/serial2pty/lib/libpty.so
7f1a04bda000-7f1a04bdb000 r--p 00001000 08:01 933447                     /home/tryfon/contiki/tools/cooja/apps/serial2pty/lib/libpty.so
7f1a04bdb000-7f1a04bdc000 rw-p 00002000 08:01 933447                     /home/tryfon/contiki/tools/cooja/apps/serial2pty/lib/libpty.so
7f1a04bdc000-7f1a04ddc000 rw-p 00000000 00:00 0 
7f1a04ddc000-7f1a04df4000 r-xp 00000000 08:01 987773                     /home/tryfon/coral/contiki/coral_dual/obj_cooja/mtype470.cooja
7f1a04df4000-7f1a04ff4000 ---p 00018000 08:01 987773                     /home/tryfon/coral/contiki/coral_dual/obj_cooja/mtype470.cooja
7f1a04ff4000-7f1a04ff5000 r--p 00018000 08:01 987773                     /home/tryfon/coral/contiki/coral_dual/obj_cooja/mtype470.cooja
7f1a04ff5000-7f1a04ff6000 rw-p 00019000 08:01 987773                     /home/tryfon/coral/contiki/coral_dual/obj_cooja/mtype470.cooja
7f1a04ff6000-7f1a08000000 rw-p 00000000 00:00 0 
7f1a08000000-7f1a08021000 rw-p 00000000 00:00 0 
7f1a08021000-7f1a0c000000 ---p 00000000 00:00 0 
7f1a0c0a8000-7f1a0c0ab000 ---p 00000000 00:00 0 
7f1a0c0ab000-7f1a0c1a9000 rw-p 00000000 00:00 0 
7f1a0c1a9000-7f1a0c1ac000 ---p 00000000 00:00 0 
7f1a0c1ac000-7f1a0c2aa000 rw-p 00000000 00:00 0 
7f1a0c2aa000-7f1a0c2ad000 ---p 00000000 00:00 0 
7f1a0c2ad000-7f1a0c3ab000 rw-p 00000000 00:00 0 
7f1a0c3ab000-7f1a0c3c4000 r-xp 00000000 08:01 987766                     /home/tryfon/coral/contiki/coral_dual/obj_cooja/mtype703.cooja
7f1a0c3c4000-7f1a0c5c3000 ---p 00019000 08:01 987766                     /home/tryfon/coral/contiki/coral_dual/obj_cooja/mtype703.cooja
7f1a0c5c3000-7f1a0c5c4000 r--p 00018000 08:01 987766                     /home/tryfon/coral/contiki/coral_dual/obj_cooja/mtype703.cooja
7f1a0c5c4000-7f1a0c5c5000 rw-p 00019000 08:01 987766                     /home/tryfon/coral/contiki/coral_dual/obj_cooja/mtype703.cooja
7f1a0c5c5000-7f1a0c7ce000 rw-p 00000000 00:00 0 
7f1a0c7ce000-7f1a0c7d1000 ---p 00000000 00:00 0 
7f1a0c7d1000-7f1a0c8cf000 rw-p 00000000 00:00 0 
7f1a0c8cf000-7f1a0c8d2000 ---p 00000000 00:00 0 
7f1a0c8d2000-7f1a0c9d0000 rw-p 00000000 00:00 0 
7f1a0c9d0000-7f1a0c9d3000 ---p 00000000 00:00 0 
7f1a0c9d3000-7f1a0cad1000 rw-p 00000000 00:00 0 
7f1a0cad1000-7f1a0cad4000 ---p 00000000 00:00 0 
7f1a0cad4000-7f1a0cb0a000 rw-p 00000000 00:00 0 
7f1a0cb0a000-7f1a0cb0d000 ---p 00000000 00:00 0 
7f1a0cb0d000-7f1a0cc0b000 rw-p 00000000 00:00 0 
7f1a0cc0b000-7f1a0cc0c000 r--s 00001000 08:01 920636                     /home/tryfon/contiki/tools/cooja/apps/mobility/lib/mobility.jar
7f1a0cc0c000-7f1a0cc0d000 r--s 00002000 08:01 933448                     /home/tryfon/contiki/tools/cooja/apps/serial2pty/lib/serial2pty.jar
7f1a0cc0d000-7f1a0cc10000 ---p 00000000 00:00 0 
7f1a0cc10000-7f1a0cd0e000 rw-p 00000000 00:00 0 
7f1a0cd0e000-7f1a0cd15000 r--s 00000000 08:01 865119                     /var/cache/fontconfig/4be9850f182b35c1350b6bbf2e42601c-le64.cache-6
7f1a0cd15000-7f1a0cd17000 r--s 00000000 08:01 865118                     /var/cache/fontconfig/30a99c4256905863f7aa12b5e873c27c-le64.cache-6
7f1a0cd17000-7f1a0cd18000 r--s 00000000 08:01 865117                     /var/cache/fontconfig/087e1975ba9a574b140bb1df193bf770-le64.cache-6
7f1a0cd18000-7f1a0cd1c000 r--s 00000000 08:01 865116                     /var/cache/fontconfig/6aa41aa22e18b8fa06a12da28ea9c28b-le64.cache-6
7f1a0cd1c000-7f1a0cd27000 r--s 00000000 08:01 825297                     /var/cache/fontconfig/945677eb7aeaf62f1d50efc3fb3ec7d8-le64.cache-6
7f1a0cd27000-7f1a0cd2d000 r--s 00000000 08:01 825279                     /var/cache/fontconfig/2cd17615ca594fa2959ae173292e504c-le64.cache-6
7f1a0cd2d000-7f1a0cd2e000 r--s 00000000 08:01 825276                     /var/cache/fontconfig/0d8c3b2ac0904cb8a57a757ad11a4a08-le64.cache-6
7f1a0cd2e000-7f1a0cd32000 r--s 00000000 08:01 865483                     /var/cache/fontconfig/de156ccd2eddbdc19d37a45b8b2aac9c-le64.cache-6
7f1a0cd32000-7f1a0cd47000 r--s 00000000 08:01 825273                     /var/cache/fontconfig/04aabc0a78ac019cf9454389977116d2-le64.cache-6
7f1a0cd47000-7f1a0cd48000 r--s 00000000 08:01 825278                     /var/cache/fontconfig/1ac9eb803944fde146138c791f5cc56a-le64.cache-6
7f1a0cd48000-7f1a0cd4c000 r--s 00000000 08:01 825283                     /var/cache/fontconfig/385c0604a188198f04d133e54aba7fe7-le64.cache-6
7f1a0cd4c000-7f1a0cd4d000 r--s 00000000 08:01 865114                     /var/cache/fontconfig/9c956a7723ca69a44b382d9179c9802f-le64.cache-6
7f1a0cd4d000-7f1a0cd4e000 r--s 00000000 08:01 825310                     /var/cache/fontconfig/dc05db6664285cc2f12bf69c139ae4c3-le64.cache-6
7f1a0cd4e000-7f1a0cd51000 r--s 00000000 08:01 825293                     /var/cache/fontconfig/767a8244fc0220cfb567a839d0392e0b-le64.cache-6
7f1a0cd51000-7f1a0cd52000 r--s 00000000 08:01 820493                     /var/cache/fontconfig/4794a0821666d79190d59a36cb4f44b5-le64.cache-6
7f1a0cd52000-7f1a0cd53000 r--s 00000000 08:01 865111                     /var/cache/fontconfig/9eae20f1ff8cc0a7d125749e875856bd-le64.cache-6
7f1a0cd53000-7f1a0cd56000 r--s 00000000 08:01 865110                     /var/cache/fontconfig/bf2c1853a9e9b00bb02fe2e9bcf1e201-le64.cache-6
7f1a0cd56000-7f1a0cd5b000 r--s 00000000 08:01 825296                     /var/cache/fontconfig/8801497958630a81b71ace7c5f9b32a8-le64.cache-6
7f1a0cd5b000-7f1a0cd5f000 r--s 00000000 08:01 865478                     /var/cache/fontconfig/c57959a16110560c8d0fcea73374aeeb-le64.cache-6
7f1a0cd5f000-7f1a0cd60000 r--s 00000000 08:01 825303                     /var/cache/fontconfig/bab58bb527bb656aaa9f116d68a48d89-le64.cache-6
7f1a0cd60000-7f1a0cd67000 r--s 00000000 08:01 825280                     /var/cache/fontconfig/3047814df9a2f067bd2d96a2b9c36e5a-le64.cache-6
7f1a0cd67000-7f1a0cd6f000 r--s 00000000 08:01 865477                     /var/cache/fontconfig/bf3b770c553c462765856025a94f1ce6-le64.cache-6
7f1a0cd6f000-7f1a0cd70000 r--s 00000000 08:01 825287                     /var/cache/fontconfig/56cf4f4769d0f4abc89a4895d7bd3ae1-le64.cache-6
7f1a0cd70000-7f1a0cd71000 r--s 00000000 08:01 825302                     /var/cache/fontconfig/b9d506c9ac06c20b433354fa67a72993-le64.cache-6
7f1a0cd71000-7f1a0cd77000 r--s 00000000 08:01 825301                     /var/cache/fontconfig/b47c4e1ecd0709278f4910c18777a504-le64.cache-6
7f1a0cd77000-7f1a0cd7a000 r--s 00000000 08:01 865108                     /var/cache/fontconfig/14d493b97896515cad3840ba4896e372-le64.cache-6
7f1a0cd7a000-7f1a0cd7d000 r--s 00000000 08:01 865107                     /var/cache/fontconfig/e49e89034d371f0f9de17aab02136486-le64.cache-6
7f1a0cd7d000-7f1a0cd7f000 r--s 00000000 08:01 865105                     /var/cache/fontconfig/4b14b093aebc79c320de5e86ae1d3314-le64.cache-6
7f1a0cd7f000-7f1a0cd92000 r--s 00000000 08:01 825307                     /var/cache/fontconfig/d52a8644073d54c13679302ca1180695-le64.cache-6
7f1a0cd92000-7f1a0cd93000 r--s 00000000 08:01 825286                     /var/cache/fontconfig/551ecf3b0e8b0bca0f25c0944f561853-le64.cache-6
7f1a0cd93000-7f1a0cd94000 r--s 00000000 08:01 865103                     /var/cache/fontconfig/8a687c406b77f27d99abfeeba937fcce-le64.cache-6
7f1a0cd94000-7f1a0cd99000 r--s 00000000 08:01 865102                     /var/cache/fontconfig/75ad6aa2358a85f0de2c8ee4837e8227-le64.cache-6
7f1a0cd99000-7f1a0cd9b000 r--s 00000000 08:01 865101                     /var/cache/fontconfig/65f976e5259cbe6dc7697b8648396239-le64.cache-6
7f1a0cd9b000-7f1a0cda6000 r--s 00000000 08:01 863365                     /var/cache/fontconfig/d589a48862398ed80a3d6066f4f56f4c-le64.cache-6
7f1a0cda6000-7f1a0cdaa000 r--s 00000000 08:01 865470                     /var/cache/fontconfig/246184dc75a16901ca37d96895904249-le64.cache-6
7f1a0cdaa000-7f1a0cdab000 r--s 00000000 08:01 865099                     /var/cache/fontconfig/94f7fe9bd33aadfac165873bd010d595-le64.cache-6
7f1a0cdab000-7f1a0cdad000 r--s 00000000 08:01 865098                     /var/cache/fontconfig/423767150eb258c59035de29db6fca84-le64.cache-6
7f1a0cdad000-7f1a0cdae000 r--s 00000000 08:01 865097                     /var/cache/fontconfig/406a1d2d2bf3ed7664fbadefac0b2f66-le64.cache-6
7f1a0cdae000-7f1a0cdb0000 r--s 00000000 08:01 865095                     /var/cache/fontconfig/67709b7835c0f764c1135060c9575660-le64.cache-6
7f1a0cdb0000-7f1a0cdb1000 r--s 00000000 08:01 825281                     /var/cache/fontconfig/30829fa25452a46451e813d634d7f916-le64.cache-6
7f1a0cdb1000-7f1a0cdbf000 r--s 00000000 08:01 865094                     /var/cache/fontconfig/198d8fcf01c96d0cf813f74fd759bdb7-le64.cache-6
7f1a0cdbf000-7f1a0cdc2000 r--s 00000000 08:01 825292                     /var/cache/fontconfig/75114ca45c98e8a441da0ff356701271-le64.cache-6
7f1a0cdc2000-7f1a0cdcd000 r--s 00000000 08:01 825295                     /var/cache/fontconfig/83bf95040141907cd45bb53cf7c1c148-le64.cache-6
7f1a0cdcd000-7f1a0cddf000 r--s 00000000 08:01 825299                     /var/cache/fontconfig/9b89f8e3dae116d678bbf48e5f21f69b-le64.cache-6
7f1a0cddf000-7f1a0cde8000 r--s 00000000 08:01 865091                     /var/cache/fontconfig/d0972c3d32f097851eb916381fc38920-le64.cache-6
7f1a0cde8000-7f1a0cdea000 r--s 00000000 08:01 865090                     /var/cache/fontconfig/6e6b34ae150a7ad95e82fb4a522f0bda-le64.cache-6
7f1a0cdea000-7f1a0cdf1000 r--s 00000000 08:01 865087                     /var/cache/fontconfig/53d14c92082a93e67d5078324eb314ca-le64.cache-6
7f1a0cdf1000-7f1a0ce04000 r--s 00000000 08:01 865084                     /var/cache/fontconfig/4ac51e5cfbc76fc3f983e470323a16d3-le64.cache-6
7f1a0ce04000-7f1a0ce08000 r--s 00000000 08:01 865076                     /var/cache/fontconfig/3629f2adf904f9a612908891fae71ceb-le64.cache-6
7f1a0ce08000-7f1a0ce29000 r--s 00000000 08:01 865047                     /var/cache/fontconfig/467c019e582ee353435ea5c21d137ef6-le64.cache-6
7f1a0ce29000-7f1a0ce2b000 r--s 00003000 08:01 1010099                    /home/tryfon/contiki/tools/cooja/apps/powertracker/lib/powertracker.jar
7f1a0ce2b000-7f1a0ce2c000 r--s 00002000 08:01 981692                     /home/tryfon/contiki/tools/cooja/apps/collect-view/cooja-collect-view.jar
7f1a0ce2c000-7f1a0ce2e000 r--s 00008000 08:01 1010133                    /home/tryfon/contiki/tools/cooja/apps/serial_socket/lib/serial_socket.jar
7f1a0ce2e000-7f1a0ce68000 r--s 001e1000 08:01 1009687                    /home/tryfon/contiki/tools/cooja/apps/avrora/lib/avrora-small.jar
7f1a0ce68000-7f1a0ce69000 r--s 00008000 08:01 981397                     /home/tryfon/contiki/tools/cooja/apps/avrora/lib/cooja_avrora.jar
7f1a0ce69000-7f1a0ce6b000 r--s 00010000 08:01 981161                     /home/tryfon/contiki/tools/cooja/apps/mspsim/lib/jipv6.jar
7f1a0ce6b000-7f1a0ce6c000 r--s 00004000 08:01 981162                     /home/tryfon/contiki/tools/cooja/apps/mspsim/lib/coffee.jar
7f1a0ce6c000-7f1a0ce78000 r--s 000eb000 08:01 981160                     /home/tryfon/contiki/tools/cooja/apps/mspsim/lib/mspsim.jar
7f1a0ce78000-7f1a0ce7e000 r--s 00062000 08:01 981362                     /home/tryfon/contiki/tools/cooja/apps/mspsim/lib/cooja_mspsim.jar
7f1a0ce7e000-7f1a0ce81000 r--s 0001e000 08:01 981159                     /home/tryfon/contiki/tools/cooja/apps/mrm/lib/mrm.jar
7f1a0ce81000-7f1a0ce84000 ---p 00000000 00:00 0 
7f1a0ce84000-7f1a0cf82000 rw-p 00000000 00:00 0 
7f1a0cf82000-7f1a0cf85000 ---p 00000000 00:00 0 
7f1a0cf85000-7f1a0d083000 rw-p 00000000 00:00 0 
7f1a0d083000-7f1a0d094000 r-xp 00000000 08:01 2708                       /usr/lib/jvm/java-8-openjdk-amd64/jre/lib/amd64/libnio.so
7f1a0d094000-7f1a0d293000 ---p 00011000 08:01 2708                       /usr/lib/jvm/java-8-openjdk-amd64/jre/lib/amd64/libnio.so
7f1a0d293000-7f1a0d294000 r--p 00010000 08:01 2708                       /usr/lib/jvm/java-8-openjdk-amd64/jre/lib/amd64/libnio.so
7f1a0d294000-7f1a0d295000 rw-p 00011000 08:01 2708                       /usr/lib/jvm/java-8-openjdk-amd64/jre/lib/amd64/libnio.so
7f1a0d295000-7f1a0d2ab000 r-xp 00000000 08:01 2739                       /usr/lib/jvm/java-8-openjdk-amd64/jre/lib/amd64/libnet.so
7f1a0d2ab000-7f1a0d4ab000 ---p 00016000 08:01 2739                       /usr/lib/jvm/java-8-openjdk-amd64/jre/lib/amd64/libnet.so
7f1a0d4ab000-7f1a0d4ac000 r--p 00016000 08:01 2739                       /usr/lib/jvm/java-8-openjdk-amd64/jre/lib/amd64/libnet.so
7f1a0d4ac000-7f1a0d4ad000 rw-p 00017000 08:01 2739                       /usr/lib/jvm/java-8-openjdk-amd64/jre/lib/amd64/libnet.so
7f1a0d4ad000-7f1a0d4b0000 ---p 00000000 00:00 0 
7f1a0d4b0000-7f1a0d5ae000 rw-p 00000000 00:00 0 
7f1a0d5ae000-7f1a0d5b3000 r-xp 00000000 08:01 12359                      /usr/lib/x86_64-linux-gnu/libXfixes.so.3.1.0
7f1a0d5b3000-7f1a0d7b2000 ---p 00005000 08:01 12359                      /usr/lib/x86_64-linux-gnu/libXfixes.so.3.1.0
7f1a0d7b2000-7f1a0d7b3000 r--p 00004000 08:01 12359                      /usr/lib/x86_64-linux-gnu/libXfixes.so.3.1.0
7f1a0d7b3000-7f1a0d7b4000 rw-p 00005000 08:01 12359                      /usr/lib/x86_64-linux-gnu/libXfixes.so.3.1.0
7f1a0d7b4000-7f1a0d7bd000 r-xp 00000000 08:01 318                        /usr/lib/x86_64-linux-gnu/libXcursor.so.1.0.2
7f1a0d7bd000-7f1a0d9bc000 ---p 00009000 08:01 318                        /usr/lib/x86_64-linux-gnu/libXcursor.so.1.0.2
7f1a0d9bc000-7f1a0d9bd000 r--p 00008000 08:01 318                        /usr/lib/x86_64-linux-gnu/libXcursor.so.1.0.2
7f1a0d9bd000-7f1a0d9be000 rw-p 00009000 08:01 318                        /usr/lib/x86_64-linux-gnu/libXcursor.so.1.0.2
7f1a0d9be000-7f1a0d9c1000 ---p 00000000 00:00 0 
7f1a0d9c1000-7f1a0dabf000 rw-p 00000000 00:00 0 
7f1a0dabf000-7f1a0dae3000 r-xp 00000000 08:01 547681                     /lib/x86_64-linux-gnu/libpng12.so.0.54.0
7f1a0dae3000-7f1a0dce2000 ---p 00024000 08:01 547681                     /lib/x86_64-linux-gnu/libpng12.so.0.54.0
7f1a0dce2000-7f1a0dce3000 r--p 00023000 08:01 547681                     /lib/x86_64-linux-gnu/libpng12.so.0.54.0
7f1a0dce3000-7f1a0dce4000 rw-p 00024000 08:01 547681                     /lib/x86_64-linux-gnu/libpng12.so.0.54.0
7f1a0dce4000-7f1a0dd88000 r-xp 00000000 08:01 12782                      /usr/lib/x86_64-linux-gnu/libfreetype.so.6.12.1
7f1a0dd88000-7f1a0df87000 ---p 000a4000 08:01 12782                      /usr/lib/x86_64-linux-gnu/libfreetype.so.6.12.1
7f1a0df87000-7f1a0df8d000 r--p 000a3000 08:01 12782                      /usr/lib/x86_64-linux-gnu/libfreetype.so.6.12.1
7f1a0df8d000-7f1a0df8e000 rw-p 000a9000 08:01 12782                      /usr/lib/x86_64-linux-gnu/libfreetype.so.6.12.1
7f1a0df8e000-7f1a0df8f000 r--s 00000000 08:01 825275                     /var/cache/fontconfig/0c9eb80ebd1c36541ebe2852d3bb0c49-le64.cache-6
7f1a0df8f000-7f1a0df91000 r--s 00000000 08:01 865086                     /var/cache/fontconfig/43bfe21a9e1edebcf703d79ee2950b06-le64.cache-6
7f1a0df91000-7f1a0dfa7000 r--s 00000000 08:01 865072                     /var/cache/fontconfig/e13b20fdb08344e0e664864cc2ede53d-le64.cache-6
7f1a0dfa7000-7f1a0dff8000 r-xp 00000000 08:01 2723                       /usr/lib/jvm/java-8-openjdk-amd64/jre/lib/amd64/libfontmanager.so
7f1a0dff8000-7f1a0e1f8000 ---p 00051000 08:01 2723                       /usr/lib/jvm/java-8-openjdk-amd64/jre/lib/amd64/libfontmanager.so
7f1a0e1f8000-7f1a0e1fa000 r--p 00051000 08:01 2723                       /usr/lib/jvm/java-8-openjdk-amd64/jre/lib/amd64/libfontmanager.so
7f1a0e1fa000-7f1a0e1fb000 rw-p 00053000 08:01 2723                       /usr/lib/jvm/java-8-openjdk-amd64/jre/lib/amd64/libfontmanager.so
7f1a0e1fb000-7f1a0e200000 r-xp 00000000 08:01 12355                      /usr/lib/x86_64-linux-gnu/libXdmcp.so.6.0.0
7f1a0e200000-7f1a0e3ff000 ---p 00005000 08:01 12355                      /usr/lib/x86_64-linux-gnu/libXdmcp.so.6.0.0
7f1a0e3ff000-7f1a0e400000 r--p 00004000 08:01 12355                      /usr/lib/x86_64-linux-gnu/libXdmcp.so.6.0.0
7f1a0e400000-7f1a0e401000 rw-p 00005000 08:01 12355                      /usr/lib/x86_64-linux-gnu/libXdmcp.so.6.0.0
7f1a0e401000-7f1a0e403000 r-xp 00000000 08:01 12344                      /usr/lib/x86_64-linux-gnu/libXau.so.6.0.0
7f1a0e403000-7f1a0e603000 ---p 00002000 08:01 12344                      /usr/lib/x86_64-linux-gnu/libXau.so.6.0.0
7f1a0e603000-7f1a0e604000 r--p 00002000 08:01 12344                      /usr/lib/x86_64-linux-gnu/libXau.so.6.0.0
7f1a0e604000-7f1a0e605000 rw-p 00003000 08:01 12344                      /usr/lib/x86_64-linux-gnu/libXau.so.6.0.0
7f1a0e605000-7f1a0e626000 r-xp 00000000 08:01 13764                      /usr/lib/x86_64-linux-gnu/libxcb.so.1.1.0
7f1a0e626000-7f1a0e825000 ---p 00021000 08:01 13764                      /usr/lib/x86_64-linux-gnu/libxcb.so.1.1.0
7f1a0e825000-7f1a0e826000 r--p 00020000 08:01 13764                      /usr/lib/x86_64-linux-gnu/libxcb.so.1.1.0
7f1a0e826000-7f1a0e827000 rw-p 00021000 08:01 13764                      /usr/lib/x86_64-linux-gnu/libxcb.so.1.1.0
7f1a0e827000-7f1a0e836000 r-xp 00000000 08:01 12367                      /usr/lib/x86_64-linux-gnu/libXi.so.6.1.0
7f1a0e836000-7f1a0ea35000 ---p 0000f000 08:01 12367                      /usr/lib/x86_64-linux-gnu/libXi.so.6.1.0
7f1a0ea35000-7f1a0ea36000 r--p 0000e000 08:01 12367                      /usr/lib/x86_64-linux-gnu/libXi.so.6.1.0
7f1a0ea36000-7f1a0ea37000 rw-p 0000f000 08:01 12367                      /usr/lib/x86_64-linux-gnu/libXi.so.6.1.0
7f1a0ea37000-7f1a0ea3c000 r-xp 00000000 08:01 12385                      /usr/lib/x86_64-linux-gnu/libXtst.so.6.1.0
7f1a0ea3c000-7f1a0ec3b000 ---p 00005000 08:01 12385                      /usr/lib/x86_64-linux-gnu/libXtst.so.6.1.0
7f1a0ec3b000-7f1a0ec3c000 r--p 00004000 08:01 12385                      /usr/lib/x86_64-linux-gnu/libXtst.so.6.1.0
7f1a0ec3c000-7f1a0ec3d000 rw-p 00005000 08:01 12385                      /usr/lib/x86_64-linux-gnu/libXtst.so.6.1.0
7f1a0ec3d000-7f1a0ec46000 r-xp 00000000 08:01 12379                      /usr/lib/x86_64-linux-gnu/libXrender.so.1.3.0
7f1a0ec46000-7f1a0ee45000 ---p 00009000 08:01 12379                      /usr/lib/x86_64-linux-gnu/libXrender.so.1.3.0
7f1a0ee45000-7f1a0ee46000 r--p 00008000 08:01 12379                      /usr/lib/x86_64-linux-gnu/libXrender.so.1.3.0
7f1a0ee46000-7f1a0ee47000 rw-p 00009000 08:01 12379                      /usr/lib/x86_64-linux-gnu/libXrender.so.1.3.0
7f1a0ee47000-7f1a0ef7c000 r-xp 00000000 08:01 2069                       /usr/lib/x86_64-linux-gnu/libX11.so.6.3.0
7f1a0ef7c000-7f1a0f17c000 ---p 00135000 08:01 2069                       /usr/lib/x86_64-linux-gnu/libX11.so.6.3.0
7f1a0f17c000-7f1a0f17d000 r--p 00135000 08:01 2069                       /usr/lib/x86_64-linux-gnu/libX11.so.6.3.0
7f1a0f17d000-7f1a0f181000 rw-p 00136000 08:01 2069                       /usr/lib/x86_64-linux-gnu/libX11.so.6.3.0
7f1a0f181000-7f1a0f192000 r-xp 00000000 08:01 12357                      /usr/lib/x86_64-linux-gnu/libXext.so.6.4.0
7f1a0f192000-7f1a0f391000 ---p 00011000 08:01 12357                      /usr/lib/x86_64-linux-gnu/libXext.so.6.4.0
7f1a0f391000-7f1a0f392000 r--p 00010000 08:01 12357                      /usr/lib/x86_64-linux-gnu/libXext.so.6.4.0
7f1a0f392000-7f1a0f393000 rw-p 00011000 08:01 12357                      /usr/lib/x86_64-linux-gnu/libXext.so.6.4.0
7f1a0f393000-7f1a0f394000 r--s 00000000 08:01 865089                     /var/cache/fontconfig/3334a778d104e76d188e9df399bc24d2-le64.cache-6
7f1a0f394000-7f1a0f395000 r--s 00000000 08:01 865077                     /var/cache/fontconfig/c277e94e32b20404286a1ddafa5a80f0-le64.cache-6
7f1a0f395000-7f1a0f399000 r--s 00000000 08:01 820516                     /var/cache/fontconfig/7ef2298fde41cc6eeb7af42e48b7d293-le64.cache-6
7f1a0f399000-7f1a0f3ac000 r--s 00346000 08:01 2748                       /usr/lib/jvm/java-8-openjdk-amd64/jre/lib/resources.jar
7f1a0f3ac000-7f1a0f407000 r-xp 00000000 08:01 2705                       /usr/lib/jvm/java-8-openjdk-amd64/jre/lib/amd64/libawt_xawt.so
7f1a0f407000-7f1a0f606000 ---p 0005b000 08:01 2705                       /usr/lib/jvm/java-8-openjdk-amd64/jre/lib/amd64/libawt_xawt.so
7f1a0f606000-7f1a0f607000 r--p 0005a000 08:01 2705                       /usr/lib/jvm/java-8-openjdk-amd64/jre/lib/amd64/libawt_xawt.so
7f1a0f607000-7f1a0f60a000 rw-p 0005b000 08:01 2705                       /usr/lib/jvm/java-8-openjdk-amd64/jre/lib/amd64/libawt_xawt.so
7f1a0f60a000-7f1a0f60c000 rw-p 00000000 00:00 0 
7f1a0f60c000-7f1a0f6ab000 r-xp 00000000 08:01 2707                       /usr/lib/jvm/java-8-openjdk-amd64/jre/lib/amd64/libawt.so
7f1a0f6ab000-7f1a0f8ab000 ---p 0009f000 08:01 2707                       /usr/lib/jvm/java-8-openjdk-amd64/jre/lib/amd64/libawt.so
7f1a0f8ab000-7f1a0f8ac000 r--p 0009f000 08:01 2707                       /usr/lib/jvm/java-8-openjdk-amd64/jre/lib/amd64/libawt.so
7f1a0f8ac000-7f1a0f8b7000 rw-p 000a0000 08:01 2707                       /usr/lib/jvm/java-8-openjdk-amd64/jre/lib/amd64/libawt.so
7f1a0f8b7000-7f1a0f8dc000 rw-p 00000000 00:00 0 
7f1a0f8dc000-7f1a0f8f9000 r--s 0014f000 08:01 1011190                    /home/tryfon/contiki/tools/cooja/lib/swingx-all-1.6.4.jar
7f1a0f8f9000-7f1a0f8fa000 ---p 00000000 00:00 0 
7f1a0f8fa000-7f1a0f9fa000 rw-p 00000000 00:00 0 
7f1a0f9fa000-7f1a0f9fd000 ---p 00000000 00:00 0 
7f1a0f9fd000-7f1a0fafb000 rw-p 00000000 00:00 0 
7f1a0fafb000-7f1a0fafe000 ---p 00000000 00:00 0 
7f1a0fafe000-7f1a0fbfc000 rw-p 00000000 00:00 0 
7f1a0fbfc000-7f1a0fbff000 ---p 00000000 00:00 0 
7f1a0fbff000-7f1a0fcfd000 rw-p 00000000 00:00 0 
7f1a0fcfd000-7f1a0fd00000 ---p 00000000 00:00 0 
7f1a0fd00000-7f1a0fdfe000 rw-p 00000000 00:00 0 
7f1a0fdfe000-7f1a0fe01000 ---p 00000000 00:00 0 
7f1a0fe01000-7f1a0feff000 rw-p 00000000 00:00 0 
7f1a0feff000-7f1a0ff02000 ---p 00000000 00:00 0 
7f1a0ff02000-7f1a10000000 rw-p 00000000 00:00 0 
7f1a10000000-7f1a10021000 rw-p 00000000 00:00 0 
7f1a10021000-7f1a14000000 ---p 00000000 00:00 0 
7f1a14000000-7f1a1400d000 r--s 00000000 08:01 865064                     /var/cache/fontconfig/8f02d4cb045bd6ce15663e43f347c9f8-le64.cache-6
7f1a1400d000-7f1a14028000 r--s 001d6000 08:01 2773                       /usr/lib/jvm/java-8-openjdk-amd64/jre/lib/ext/nashorn.jar
7f1a14028000-7f1a14043000 r--s 00394000 08:01 2772                       /usr/lib/jvm/java-8-openjdk-amd64/jre/lib/ext/cldrdata.jar
7f1a14043000-7f1a14a02000 r--p 00000000 08:01 9193                       /usr/lib/locale/locale-archive
7f1a14a02000-7f1a14a05000 ---p 00000000 00:00 0 
7f1a14a05000-7f1a14b51000 rw-p 00000000 00:00 0 
7f1a14b51000-7f1a14d20000 r--s 03c3b000 08:01 2746                       /usr/lib/jvm/java-8-openjdk-amd64/jre/lib/rt.jar
7f1a14d20000-7f1a14d23000 ---p 00000000 00:00 0 
7f1a14d23000-7f1a14e21000 rw-p 00000000 00:00 0 
7f1a14e21000-7f1a14e22000 ---p 00000000 00:00 0 
7f1a14e22000-7f1a17000000 rw-p 00000000 00:00 0 
7f1a17000000-7f1a18000000 rw-p 00000000 00:00 0 
7f1a18000000-7f1a18021000 rw-p 00000000 00:00 0 
7f1a18021000-7f1a1c000000 ---p 00000000 00:00 0 
7f1a1c000000-7f1a1c021000 rw-p 00000000 00:00 0 
7f1a1c021000-7f1a20000000 ---p 00000000 00:00 0 
7f1a20000000-7f1a20021000 rw-p 00000000 00:00 0 
7f1a20021000-7f1a24000000 ---p 00000000 00:00 0 
7f1a24000000-7f1a24003000 r--s 00000000 08:01 865075                     /var/cache/fontconfig/de83a0a961185c8bd1f159015d56c039-le64.cache-6
7f1a24003000-7f1a24005000 r--s 00000000 08:01 865067                     /var/cache/fontconfig/16326683038b281783a0ef8c680e3a10-le64.cache-6
7f1a24005000-7f1a24006000 r--s 00000000 08:01 865057                     /var/cache/fontconfig/e0aa53bcfa504e64f87823c16bc01eb6-le64.cache-6
7f1a24006000-7f1a2400d000 r--s 0005b000 08:01 1011188                    /home/tryfon/contiki/tools/cooja/lib/jsyntaxpane.jar
7f1a2400d000-7f1a24014000 r--s 0004f000 08:01 1011189                    /home/tryfon/contiki/tools/cooja/lib/log4j.jar
7f1a24014000-7f1a24438000 rw-p 00000000 00:00 0 
7f1a24438000-7f1a24439000 ---p 00000000 00:00 0 
7f1a24439000-7f1a24539000 rw-p 00000000 00:00 0 
7f1a24539000-7f1a2453a000 ---p 00000000 00:00 0 
7f1a2453a000-7f1a2463a000 rw-p 00000000 00:00 0 
7f1a2463a000-7f1a2463b000 ---p 00000000 00:00 0 
7f1a2463b000-7f1a2473b000 rw-p 00000000 00:00 0 
7f1a2473b000-7f1a2473c000 ---p 00000000 00:00 0 
7f1a2473c000-7f1a2483c000 rw-p 00000000 00:00 0 
7f1a2483c000-7f1a2483d000 ---p 00000000 00:00 0 
7f1a2483d000-7f1a2493d000 rw-p 00000000 00:00 0 
7f1a2493d000-7f1a2493e000 ---p 00000000 00:00 0 
7f1a2493e000-7f1a24a3e000 rw-p 00000000 00:00 0 
7f1a24a3e000-7f1a24a3f000 ---p 00000000 00:00 0 
7f1a24a3f000-7f1a24b3f000 rw-p 00000000 00:00 0 
7f1a24b3f000-7f1a24b40000 ---p 00000000 00:00 0 
7f1a24b40000-7f1a24c9a000 rw-p 00000000 00:00 0 
7f1a24c9a000-7f1a25000000 ---p 00000000 00:00 0 
7f1a25000000-7f1a26680000 rwxp 00000000 00:00 0 
7f1a26680000-7f1a34000000 ---p 00000000 00:00 0 
7f1a34000000-7f1a34375000 rw-p 00000000 00:00 0 
7f1a34375000-7f1a38000000 ---p 00000000 00:00 0 
7f1a38000000-7f1a38005000 r--s 0003c000 08:01 2776                       /usr/lib/jvm/java-8-openjdk-amd64/jre/lib/ext/sunjce_provider.jar
7f1a38005000-7f1a380c0000 rw-p 00000000 00:00 0 
7f1a380c0000-7f1a38146000 ---p 00000000 00:00 0 
7f1a38146000-7f1a3819c000 rw-p 00000000 00:00 0 
7f1a3819c000-7f1a3819d000 rw-p 00000000 00:00 0 
7f1a3819d000-7f1a381a5000 r-xp 00000000 08:01 2745                       /usr/lib/jvm/java-8-openjdk-amd64/jre/lib/amd64/libzip.so
7f1a381a5000-7f1a383a4000 ---p 00008000 08:01 2745                       /usr/lib/jvm/java-8-openjdk-amd64/jre/lib/amd64/libzip.so
7f1a383a4000-7f1a383a5000 r--p 00007000 08:01 2745                       /usr/lib/jvm/java-8-openjdk-amd64/jre/lib/amd64/libzip.so
7f1a383a5000-7f1a383a6000 rw-p 00008000 08:01 2745                       /usr/lib/jvm/java-8-openjdk-amd64/jre/lib/amd64/libzip.so
7f1a383a6000-7f1a383b1000 r-xp 00000000 08:01 530513                     /lib/x86_64-linux-gnu/libnss_files-2.23.so
7f1a383b1000-7f1a385b0000 ---p 0000b000 08:01 530513                     /lib/x86_64-linux-gnu/libnss_files-2.23.so
7f1a385b0000-7f1a385b1000 r--p 0000a000 08:01 530513                     /lib/x86_64-linux-gnu/libnss_files-2.23.so
7f1a385b1000-7f1a385b2000 rw-p 0000b000 08:01 530513                     /lib/x86_64-linux-gnu/libnss_files-2.23.so
7f1a385b2000-7f1a385b8000 rw-p 00000000 00:00 0 
7f1a385b8000-7f1a385c3000 r-xp 00000000 08:01 530523                     /lib/x86_64-linux-gnu/libnss_nis-2.23.so
7f1a385c3000-7f1a387c2000 ---p 0000b000 08:01 530523                     /lib/x86_64-linux-gnu/libnss_nis-2.23.so
7f1a387c2000-7f1a387c3000 r--p 0000a000 08:01 530523                     /lib/x86_64-linux-gnu/libnss_nis-2.23.so
7f1a387c3000-7f1a387c4000 rw-p 0000b000 08:01 530523                     /lib/x86_64-linux-gnu/libnss_nis-2.23.so
7f1a387c4000-7f1a387da000 r-xp 00000000 08:01 530507                     /lib/x86_64-linux-gnu/libnsl-2.23.so
7f1a387da000-7f1a389d9000 ---p 00016000 08:01 530507                     /lib/x86_64-linux-gnu/libnsl-2.23.so
7f1a389d9000-7f1a389da000 r--p 00015000 08:01 530507                     /lib/x86_64-linux-gnu/libnsl-2.23.so
7f1a389da000-7f1a389db000 rw-p 00016000 08:01 530507                     /lib/x86_64-linux-gnu/libnsl-2.23.so
7f1a389db000-7f1a389dd000 rw-p 00000000 00:00 0 
7f1a389dd000-7f1a389e5000 r-xp 00000000 08:01 530509                     /lib/x86_64-linux-gnu/libnss_compat-2.23.so
7f1a389e5000-7f1a38be4000 ---p 00008000 08:01 530509                     /lib/x86_64-linux-gnu/libnss_compat-2.23.so
7f1a38be4000-7f1a38be5000 r--p 00007000 08:01 530509                     /lib/x86_64-linux-gnu/libnss_compat-2.23.so
7f1a38be5000-7f1a38be6000 rw-p 00008000 08:01 530509                     /lib/x86_64-linux-gnu/libnss_compat-2.23.so
7f1a38be6000-7f1a38c12000 r-xp 00000000 08:01 2722                       /usr/lib/jvm/java-8-openjdk-amd64/jre/lib/amd64/libjava.so
7f1a38c12000-7f1a38e11000 ---p 0002c000 08:01 2722                       /usr/lib/jvm/java-8-openjdk-amd64/jre/lib/amd64/libjava.so
7f1a38e11000-7f1a38e12000 r--p 0002b000 08:01 2722                       /usr/lib/jvm/java-8-openjdk-amd64/jre/lib/amd64/libjava.so
7f1a38e12000-7f1a38e14000 rw-p 0002c000 08:01 2722                       /usr/lib/jvm/java-8-openjdk-amd64/jre/lib/amd64/libjava.so
7f1a38e14000-7f1a38e23000 r-xp 00000000 08:01 2711                       /usr/lib/jvm/java-8-openjdk-amd64/jre/lib/amd64/libverify.so
7f1a38e23000-7f1a39022000 ---p 0000f000 08:01 2711                       /usr/lib/jvm/java-8-openjdk-amd64/jre/lib/amd64/libverify.so
7f1a39022000-7f1a39024000 r--p 0000e000 08:01 2711                       /usr/lib/jvm/java-8-openjdk-amd64/jre/lib/amd64/libverify.so
7f1a39024000-7f1a39025000 rw-p 00010000 08:01 2711                       /usr/lib/jvm/java-8-openjdk-amd64/jre/lib/amd64/libverify.so
7f1a39025000-7f1a3902c000 r-xp 00000000 08:01 530568                     /lib/x86_64-linux-gnu/librt-2.23.so
7f1a3902c000-7f1a3922b000 ---p 00007000 08:01 530568                     /lib/x86_64-linux-gnu/librt-2.23.so
7f1a3922b000-7f1a3922c000 r--p 00006000 08:01 530568                     /lib/x86_64-linux-gnu/librt-2.23.so
7f1a3922c000-7f1a3922d000 rw-p 00007000 08:01 530568                     /lib/x86_64-linux-gnu/librt-2.23.so
7f1a3922d000-7f1a39243000 r-xp 00000000 08:01 530452                     /lib/x86_64-linux-gnu/libgcc_s.so.1
7f1a39243000-7f1a39442000 ---p 00016000 08:01 530452                     /lib/x86_64-linux-gnu/libgcc_s.so.1
7f1a39442000-7f1a39443000 rw-p 00015000 08:01 530452                     /lib/x86_64-linux-gnu/libgcc_s.so.1
7f1a39443000-7f1a3954b000 r-xp 00000000 08:01 530484                     /lib/x86_64-linux-gnu/libm-2.23.so
7f1a3954b000-7f1a3974a000 ---p 00108000 08:01 530484                     /lib/x86_64-linux-gnu/libm-2.23.so
7f1a3974a000-7f1a3974b000 r--p 00107000 08:01 530484                     /lib/x86_64-linux-gnu/libm-2.23.so
7f1a3974b000-7f1a3974c000 rw-p 00108000 08:01 530484                     /lib/x86_64-linux-gnu/libm-2.23.so
7f1a3974c000-7f1a398be000 r-xp 00000000 08:01 2086                       /usr/lib/x86_64-linux-gnu/libstdc++.so.6.0.21
7f1a398be000-7f1a39abe000 ---p 00172000 08:01 2086                       /usr/lib/x86_64-linux-gnu/libstdc++.so.6.0.21
7f1a39abe000-7f1a39ac8000 r--p 00172000 08:01 2086                       /usr/lib/x86_64-linux-gnu/libstdc++.so.6.0.21
7f1a39ac8000-7f1a39aca000 rw-p 0017c000 08:01 2086                       /usr/lib/x86_64-linux-gnu/libstdc++.so.6.0.21
7f1a39aca000-7f1a39ace000 rw-p 00000000 00:00 0 
7f1a39ace000-7f1a3a732000 r-xp 00000000 08:01 2720                       /usr/lib/jvm/java-8-openjdk-amd64/jre/lib/amd64/server/libjvm.so
7f1a3a732000-7f1a3a931000 ---p 00c64000 08:01 2720                       /usr/lib/jvm/java-8-openjdk-amd64/jre/lib/amd64/server/libjvm.so
7f1a3a931000-7f1a3a9c5000 r--p 00c63000 08:01 2720                       /usr/lib/jvm/java-8-openjdk-amd64/jre/lib/amd64/server/libjvm.so
7f1a3a9c5000-7f1a3a9ee000 rw-p 00cf7000 08:01 2720                       /usr/lib/jvm/java-8-openjdk-amd64/jre/lib/amd64/server/libjvm.so
7f1a3a9ee000-7f1a3aa1e000 rw-p 00000000 00:00 0 
7f1a3aa1e000-7f1a3aa36000 r-xp 00000000 08:01 530560                     /lib/x86_64-linux-gnu/libpthread-2.23.so
7f1a3aa36000-7f1a3ac35000 ---p 00018000 08:01 530560                     /lib/x86_64-linux-gnu/libpthread-2.23.so
7f1a3ac35000-7f1a3ac36000 r--p 00017000 08:01 530560                     /lib/x86_64-linux-gnu/libpthread-2.23.so
7f1a3ac36000-7f1a3ac37000 rw-p 00018000 08:01 530560                     /lib/x86_64-linux-gnu/libpthread-2.23.so
7f1a3ac37000-7f1a3ac3b000 rw-p 00000000 00:00 0 
7f1a3ac3b000-7f1a3ac3e000 r-xp 00000000 08:01 530438                     /lib/x86_64-linux-gnu/libdl-2.23.so
7f1a3ac3e000-7f1a3ae3d000 ---p 00003000 08:01 530438                     /lib/x86_64-linux-gnu/libdl-2.23.so
7f1a3ae3d000-7f1a3ae3e000 r--p 00002000 08:01 530438                     /lib/x86_64-linux-gnu/libdl-2.23.so
7f1a3ae3e000-7f1a3ae3f000 rw-p 00003000 08:01 530438                     /lib/x86_64-linux-gnu/libdl-2.23.so
7f1a3ae3f000-7f1a3ae58000 r-xp 00000000 08:01 530605                     /lib/x86_64-linux-gnu/libz.so.1.2.8
7f1a3ae58000-7f1a3b057000 ---p 00019000 08:01 530605                     /lib/x86_64-linux-gnu/libz.so.1.2.8
7f1a3b057000-7f1a3b058000 r--p 00018000 08:01 530605                     /lib/x86_64-linux-gnu/libz.so.1.2.8
7f1a3b058000-7f1a3b059000 rw-p 00019000 08:01 530605                     /lib/x86_64-linux-gnu/libz.so.1.2.8
7f1a3b059000-7f1a3b219000 r-xp 00000000 08:01 530414                     /lib/x86_64-linux-gnu/libc-2.23.so
7f1a3b219000-7f1a3b419000 ---p 001c0000 08:01 530414                     /lib/x86_64-linux-gnu/libc-2.23.so
7f1a3b419000-7f1a3b41d000 r--p 001c0000 08:01 530414                     /lib/x86_64-linux-gnu/libc-2.23.so
7f1a3b41d000-7f1a3b41f000 rw-p 001c4000 08:01 530414                     /lib/x86_64-linux-gnu/libc-2.23.so
7f1a3b41f000-7f1a3b423000 rw-p 00000000 00:00 0 
7f1a3b423000-7f1a3b430000 r-xp 00000000 08:01 2744                       /usr/lib/jvm/java-8-openjdk-amd64/jre/lib/amd64/jli/libjli.so
7f1a3b430000-7f1a3b62f000 ---p 0000d000 08:01 2744                       /usr/lib/jvm/java-8-openjdk-amd64/jre/lib/amd64/jli/libjli.so
7f1a3b62f000-7f1a3b630000 r--p 0000c000 08:01 2744                       /usr/lib/jvm/java-8-openjdk-amd64/jre/lib/amd64/jli/libjli.so
7f1a3b630000-7f1a3b631000 rw-p 0000d000 08:01 2744                       /usr/lib/jvm/java-8-openjdk-amd64/jre/lib/amd64/jli/libjli.so
7f1a3b631000-7f1a3b657000 r-xp 00000000 08:01 530386                     /lib/x86_64-linux-gnu/ld-2.23.so
7f1a3b657000-7f1a3b65a000 r--s 00022000 08:01 1011187                    /home/tryfon/contiki/tools/cooja/lib/jdom.jar
7f1a3b65a000-7f1a3b65d000 r--s 00039000 08:01 2780                       /usr/lib/jvm/java-8-openjdk-amd64/jre/lib/ext/sunpkcs11.jar
7f1a3b65d000-7f1a3b65f000 r--s 00001000 08:01 2778                       /usr/lib/jvm/java-8-openjdk-amd64/jre/lib/ext/dnsns.jar
7f1a3b65f000-7f1a3b669000 r--s 00116000 08:01 2779                       /usr/lib/jvm/java-8-openjdk-amd64/jre/lib/ext/localedata.jar
7f1a3b669000-7f1a3b66b000 r--s 00008000 08:01 2775                       /usr/lib/jvm/java-8-openjdk-amd64/jre/lib/ext/sunec.jar
7f1a3b66b000-7f1a3b6b0000 rw-p 00000000 00:00 0 
7f1a3b6b0000-7f1a3b737000 ---p 00000000 00:00 0 
7f1a3b737000-7f1a3b73a000 ---p 00000000 00:00 0 
7f1a3b73a000-7f1a3b83c000 rw-p 00000000 00:00 0 
7f1a3b83c000-7f1a3b83d000 r--s 0000a000 08:01 2777                       /usr/lib/jvm/java-8-openjdk-amd64/jre/lib/ext/jaccess.jar
7f1a3b83d000-7f1a3b840000 r--s 0000f000 08:01 2771                       /usr/lib/jvm/java-8-openjdk-amd64/jre/lib/ext/icedtea-sound.jar
7f1a3b840000-7f1a3b841000 r--s 00010000 08:01 2774                       /usr/lib/jvm/java-8-openjdk-amd64/jre/lib/ext/zipfs.jar
7f1a3b841000-7f1a3b84b000 rw-p 00000000 00:00 0 
7f1a3b84b000-7f1a3b853000 rw-s 00000000 08:01 655510                     /tmp/hsperfdata_tryfon/3340
7f1a3b853000-7f1a3b854000 rw-p 00000000 00:00 0 
7f1a3b854000-7f1a3b855000 r--p 00000000 00:00 0 
7f1a3b855000-7f1a3b856000 rw-p 00000000 00:00 0 
7f1a3b856000-7f1a3b857000 r--p 00025000 08:01 530386                     /lib/x86_64-linux-gnu/ld-2.23.so
7f1a3b857000-7f1a3b858000 rw-p 00026000 08:01 530386                     /lib/x86_64-linux-gnu/ld-2.23.so
7f1a3b858000-7f1a3b859000 rw-p 00000000 00:00 0 
7fff0af7c000-7fff0af9e000 rw-p 00000000 00:00 0                          [stack]
7fff0afe0000-7fff0afe3000 r--p 00000000 00:00 0                          [vvar]
7fff0afe3000-7fff0afe5000 r-xp 00000000 00:00 0                          [vdso]
ffffffffff600000-ffffffffff601000 r-xp 00000000 00:00 0                  [vsyscall]

VM Arguments:
jvm_args: -Dfile.encoding=UTF-8 -Xshare:on -Xmx512m -Duser.language=en 
java_command: org.contikios.cooja.Cooja
java_class_path (initial): /home/tryfon/contiki/tools/cooja/build:/home/tryfon/contiki/tools/cooja/lib/jdom.jar:/home/tryfon/contiki/tools/cooja/lib/log4j.jar:/home/tryfon/contiki/tools/cooja/lib/jsyntaxpane.jar:/home/tryfon/contiki/tools/cooja/lib/swingx-all-1.6.4.jar
Launcher Type: SUN_STANDARD

Environment Variables:
JAVA_HOME=/usr/lib/jvm/java-8-openjdk-amd64
JAVA_TOOL_OPTIONS=-Dfile.encoding=UTF-8
CLASSPATH=:/usr/src/tinyos/support/sdk/java/tinyos.jar
PATH=/home/tryfon/gfc-2.10/src:/home/tryfon/gfc-2.10/examples:/home/tryfon/bin:/home/tryfon/.local/bin:/usr/local/sbin:/usr/local/bin:/usr/sbin:/usr/bin:/sbin:/bin:/usr/games:/usr/local/games:/snap/bin:/opt/msp430-47-expr/bin/:/usr/local/sbin:/usr/local/bin:/usr/sbin:/usr/bin:/sbin:/bin
LD_LIBRARY_PATH=.
SHELL=/bin/bash
DISPLAY=:0

Signal Handlers:
SIGSEGV: [libjvm.so+0xa765a0], sa_mask[0]=11111111011111111101111111111110, sa_flags=SA_RESTART|SA_SIGINFO
SIGBUS: [libjvm.so+0xa765a0], sa_mask[0]=11111111011111111101111111111110, sa_flags=SA_RESTART|SA_SIGINFO
SIGFPE: [libjvm.so+0x8bd800], sa_mask[0]=11111111011111111101111111111110, sa_flags=SA_RESTART|SA_SIGINFO
SIGPIPE: [libjvm.so+0x8bd800], sa_mask[0]=11111111011111111101111111111110, sa_flags=SA_RESTART|SA_SIGINFO
SIGXFSZ: [libjvm.so+0x8bd800], sa_mask[0]=11111111011111111101111111111110, sa_flags=SA_RESTART|SA_SIGINFO
SIGILL: [libjvm.so+0x8bd800], sa_mask[0]=11111111011111111101111111111110, sa_flags=SA_RESTART|SA_SIGINFO
SIGUSR1: SIG_DFL, sa_mask[0]=00000000000000000000000000000000, sa_flags=none
SIGUSR2: [libjvm.so+0x8bd6b0], sa_mask[0]=00100000000000000000000000000000, sa_flags=SA_RESTART|SA_SIGINFO
SIGHUP: [libjvm.so+0x8bdd40], sa_mask[0]=11111111011111111101111111111110, sa_flags=SA_RESTART|SA_SIGINFO
SIGINT: [libjvm.so+0x8bdd40], sa_mask[0]=11111111011111111101111111111110, sa_flags=SA_RESTART|SA_SIGINFO
SIGTERM: [libjvm.so+0x8bdd40], sa_mask[0]=11111111011111111101111111111110, sa_flags=SA_RESTART|SA_SIGINFO
SIGQUIT: [libjvm.so+0x8bdd40], sa_mask[0]=11111111011111111101111111111110, sa_flags=SA_RESTART|SA_SIGINFO


---------------  S Y S T E M  ---------------

OS:DISTRIB_ID=Ubuntu
DISTRIB_RELEASE=16.04
DISTRIB_CODENAME=xenial
DISTRIB_DESCRIPTION="Ubuntu 16.04.4 LTS"

uname:Linux 4.15.0-52-generic #56~16.04.1-Ubuntu SMP Thu Jun 6 12:03:31 UTC 2019 x86_64
libc:glibc 2.23 NPTL 2.23 
rlimit: STACK 8192k, CORE 0k, NPROC 27402, NOFILE 1048576, AS infinity
load average:0.29 0.11 0.03

/proc/meminfo:
MemTotal:        7075352 kB
MemFree:         3092720 kB
MemAvailable:    4935548 kB
Buffers:          241800 kB
Cached:          1701460 kB
SwapCached:            0 kB
Active:          2414848 kB
Inactive:         848740 kB
Active(anon):    1321368 kB
Inactive(anon):    24136 kB
Active(file):    1093480 kB
Inactive(file):   824604 kB
Unevictable:          48 kB
Mlocked:              48 kB
SwapTotal:       5530620 kB
SwapFree:        5530620 kB
Dirty:               104 kB
Writeback:             0 kB
AnonPages:       1320388 kB
Mapped:           344956 kB
Shmem:             25180 kB
Slab:             367748 kB
SReclaimable:     226424 kB
SUnreclaim:       141324 kB
KernelStack:       12576 kB
PageTables:        32296 kB
NFS_Unstable:          0 kB
Bounce:                0 kB
WritebackTmp:          0 kB
CommitLimit:     9068296 kB
Committed_AS:    5483704 kB
VmallocTotal:   34359738367 kB
VmallocUsed:           0 kB
VmallocChunk:          0 kB
HardwareCorrupted:     0 kB
AnonHugePages:         0 kB
ShmemHugePages:        0 kB
ShmemPmdMapped:        0 kB
CmaTotal:              0 kB
CmaFree:               0 kB
HugePages_Total:       0
HugePages_Free:        0
HugePages_Rsvd:        0
HugePages_Surp:        0
Hugepagesize:       2048 kB
DirectMap4k:      231232 kB
DirectMap2M:     6023168 kB
DirectMap1G:     1048576 kB

container (cgroup) information:
container_type: cgroupv1
cpu_cpuset_cpus: 0-7
cpu_memory_nodes: 0
active_processor_count: 8
cpu_quota: -1
cpu_period: 100000
cpu_shares: -1
memory_limit_in_bytes: -1
memory_and_swap_limit_in_bytes: -2
memory_soft_limit_in_bytes: -1
memory_usage_in_bytes: 2380054528
memory_max_usage_in_bytes: 2384236544


CPU:total 8 (initial active 8) (2 cores per cpu, 1 threads per core) family 6 model 60 stepping 3, cmov, cx8, fxsr, mmx, sse, sse2, sse3, ssse3, sse4.1, sse4.2, popcnt, avx, avx2, aes, clmul, erms, lzcnt, tsc, tscinvbit, bmi1, bmi2

/proc/cpuinfo:
processor	: 0
vendor_id	: GenuineIntel
cpu family	: 6
model		: 60
model name	: Intel(R) Core(TM) i7-4702MQ CPU @ 2.20GHz
stepping	: 3
microcode	: 0x25
cpu MHz		: 2201.000
cache size	: 6144 KB
physical id	: 0
siblings	: 2
core id		: 0
cpu cores	: 2
apicid		: 0
initial apicid	: 0
fpu		: yes
fpu_exception	: yes
cpuid level	: 13
wp		: yes
flags		: fpu vme de pse tsc msr pae mce cx8 apic sep mtrr pge mca cmov pat pse36 clflush dts mmx fxsr sse sse2 ss ht syscall nx pdpe1gb rdtscp lm constant_tsc arch_perfmon pebs bts nopl xtopology tsc_reliable nonstop_tsc cpuid aperfmperf pni pclmulqdq ssse3 fma cx16 pcid sse4_1 sse4_2 x2apic movbe popcnt tsc_deadline_timer aes xsave avx f16c rdrand hypervisor lahf_lm abm cpuid_fault epb invpcid_single pti fsgsbase tsc_adjust bmi1 avx2 smep bmi2 invpcid xsaveopt dtherm ida arat pln pts
bugs		: cpu_meltdown spectre_v1 spectre_v2 spec_store_bypass l1tf mds
bogomips	: 4402.00
clflush size	: 64
cache_alignment	: 64
address sizes	: 42 bits physical, 48 bits virtual
power management:

processor	: 1
vendor_id	: GenuineIntel
cpu family	: 6
model		: 60
model name	: Intel(R) Core(TM) i7-4702MQ CPU @ 2.20GHz
stepping	: 3
microcode	: 0x25
cpu MHz		: 2201.000
cache size	: 6144 KB
physical id	: 0
siblings	: 2
core id		: 1
cpu cores	: 2
apicid		: 1
initial apicid	: 1
fpu		: yes
fpu_exception	: yes
cpuid level	: 13
wp		: yes
flags		: fpu vme de pse tsc msr pae mce cx8 apic sep mtrr pge mca cmov pat pse36 clflush dts mmx fxsr sse sse2 ss ht syscall nx pdpe1gb rdtscp lm constant_tsc arch_perfmon pebs bts nopl xtopology tsc_reliable nonstop_tsc cpuid aperfmperf pni pclmulqdq ssse3 fma cx16 pcid sse4_1 sse4_2 x2apic movbe popcnt tsc_deadline_timer aes xsave avx f16c rdrand hypervisor lahf_lm abm cpuid_fault epb invpcid_single pti fsgsbase tsc_adjust bmi1 avx2 smep bmi2 invpcid xsaveopt dtherm ida arat pln pts
bugs		: cpu_meltdown spectre_v1 spectre_v2 spec_store_bypass l1tf mds
bogomips	: 4402.00
clflush size	: 64
cache_alignment	: 64
address sizes	: 42 bits physical, 48 bits virtual
power management:

processor	: 2
vendor_id	: GenuineIntel
cpu family	: 6
model		: 60
model name	: Intel(R) Core(TM) i7-4702MQ CPU @ 2.20GHz
stepping	: 3
microcode	: 0x25
cpu MHz		: 2201.000
cache size	: 6144 KB
physical id	: 1
siblings	: 2
core id		: 0
cpu cores	: 2
apicid		: 2
initial apicid	: 2
fpu		: yes
fpu_exception	: yes
cpuid level	: 13
wp		: yes
flags		: fpu vme de pse tsc msr pae mce cx8 apic sep mtrr pge mca cmov pat pse36 clflush dts mmx fxsr sse sse2 ss ht syscall nx pdpe1gb rdtscp lm constant_tsc arch_perfmon pebs bts nopl xtopology tsc_reliable nonstop_tsc cpuid aperfmperf pni pclmulqdq ssse3 fma cx16 pcid sse4_1 sse4_2 x2apic movbe popcnt tsc_deadline_timer aes xsave avx f16c rdrand hypervisor lahf_lm abm cpuid_fault epb invpcid_single pti fsgsbase tsc_adjust bmi1 avx2 smep bmi2 invpcid xsaveopt dtherm ida arat pln pts
bugs		: cpu_meltdown spectre_v1 spectre_v2 spec_store_bypass l1tf mds
bogomips	: 4402.00
clflush size	: 64
cache_alignment	: 64
address sizes	: 42 bits physical, 48 bits virtual
power management:

processor	: 3
vendor_id	: GenuineIntel
cpu family	: 6
model		: 60
model name	: Intel(R) Core(TM) i7-4702MQ CPU @ 2.20GHz
stepping	: 3
microcode	: 0x25
cpu MHz		: 2201.000
cache size	: 6144 KB
physical id	: 1
siblings	: 2
core id		: 1
cpu cores	: 2
apicid		: 3
initial apicid	: 3
fpu		: yes
fpu_exception	: yes
cpuid level	: 13
wp		: yes
flags		: fpu vme de pse tsc msr pae mce cx8 apic sep mtrr pge mca cmov pat pse36 clflush dts mmx fxsr sse sse2 ss ht syscall nx pdpe1gb rdtscp lm constant_tsc arch_perfmon pebs bts nopl xtopology tsc_reliable nonstop_tsc cpuid aperfmperf pni pclmulqdq ssse3 fma cx16 pcid sse4_1 sse4_2 x2apic movbe popcnt tsc_deadline_timer aes xsave avx f16c rdrand hypervisor lahf_lm abm cpuid_fault epb invpcid_single pti fsgsbase tsc_adjust bmi1 avx2 smep bmi2 invpcid xsaveopt dtherm ida arat pln pts
bugs		: cpu_meltdown spectre_v1 spectre_v2 spec_store_bypass l1tf mds
bogomips	: 4402.00
clflush size	: 64
cache_alignment	: 64
address sizes	: 42 bits physical, 48 bits virtual
power management:

processor	: 4
vendor_id	: GenuineIntel
cpu family	: 6
model		: 60
model name	: Intel(R) Core(TM) i7-4702MQ CPU @ 2.20GHz
stepping	: 3
microcode	: 0x25
cpu MHz		: 2201.000
cache size	: 6144 KB
physical id	: 2
siblings	: 2
core id		: 0
cpu cores	: 2
apicid		: 4
initial apicid	: 4
fpu		: yes
fpu_exception	: yes
cpuid level	: 13
wp		: yes
flags		: fpu vme de pse tsc msr pae mce cx8 apic sep mtrr pge mca cmov pat pse36 clflush dts mmx fxsr sse sse2 ss ht syscall nx pdpe1gb rdtscp lm constant_tsc arch_perfmon pebs bts nopl xtopology tsc_reliable nonstop_tsc cpuid aperfmperf pni pclmulqdq ssse3 fma cx16 pcid sse4_1 sse4_2 x2apic movbe popcnt tsc_deadline_timer aes xsave avx f16c rdrand hypervisor lahf_lm abm cpuid_fault epb invpcid_single pti fsgsbase tsc_adjust bmi1 avx2 smep bmi2 invpcid xsaveopt dtherm ida arat pln pts
bugs		: cpu_meltdown spectre_v1 spectre_v2 spec_store_bypass l1tf mds
bogomips	: 4402.00
clflush size	: 64
cache_alignment	: 64
address sizes	: 42 bits physical, 48 bits virtual
power management:

processor	: 5
vendor_id	: GenuineIntel
cpu family	: 6
model		: 60
model name	: Intel(R) Core(TM) i7-4702MQ CPU @ 2.20GHz
stepping	: 3
microcode	: 0x25
cpu MHz		: 2201.000
cache size	: 6144 KB
physical id	: 2
siblings	: 2
core id		: 1
cpu cores	: 2
apicid		: 5
initial apicid	: 5
fpu		: yes
fpu_exception	: yes
cpuid level	: 13
wp		: yes
flags		: fpu vme de pse tsc msr pae mce cx8 apic sep mtrr pge mca cmov pat pse36 clflush dts mmx fxsr sse sse2 ss ht syscall nx pdpe1gb rdtscp lm constant_tsc arch_perfmon pebs bts nopl xtopology tsc_reliable nonstop_tsc cpuid aperfmperf pni pclmulqdq ssse3 fma cx16 pcid sse4_1 sse4_2 x2apic movbe popcnt tsc_deadline_timer aes xsave avx f16c rdrand hypervisor lahf_lm abm cpuid_fault epb invpcid_single pti fsgsbase tsc_adjust bmi1 avx2 smep bmi2 invpcid xsaveopt dtherm ida arat pln pts
bugs		: cpu_meltdown spectre_v1 spectre_v2 spec_store_bypass l1tf mds
bogomips	: 4402.00
clflush size	: 64
cache_alignment	: 64
address sizes	: 42 bits physical, 48 bits virtual
power management:

processor	: 6
vendor_id	: GenuineIntel
cpu family	: 6
model		: 60
model name	: Intel(R) Core(TM) i7-4702MQ CPU @ 2.20GHz
stepping	: 3
microcode	: 0x25
cpu MHz		: 2201.000
cache size	: 6144 KB
physical id	: 3
siblings	: 2
core id		: 0
cpu cores	: 2
apicid		: 6
initial apicid	: 6
fpu		: yes
fpu_exception	: yes
cpuid level	: 13
wp		: yes
flags		: fpu vme de pse tsc msr pae mce cx8 apic sep mtrr pge mca cmov pat pse36 clflush dts mmx fxsr sse sse2 ss ht syscall nx pdpe1gb rdtscp lm constant_tsc arch_perfmon pebs bts nopl xtopology tsc_reliable nonstop_tsc cpuid aperfmperf pni pclmulqdq ssse3 fma cx16 pcid sse4_1 sse4_2 x2apic movbe popcnt tsc_deadline_timer aes xsave avx f16c rdrand hypervisor lahf_lm abm cpuid_fault epb invpcid_single pti fsgsbase tsc_adjust bmi1 avx2 smep bmi2 invpcid xsaveopt dtherm ida arat pln pts
bugs		: cpu_meltdown spectre_v1 spectre_v2 spec_store_bypass l1tf mds
bogomips	: 4402.00
clflush size	: 64
cache_alignment	: 64
address sizes	: 42 bits physical, 48 bits virtual
power management:

processor	: 7
vendor_id	: GenuineIntel
cpu family	: 6
model		: 60
model name	: Intel(R) Core(TM) i7-4702MQ CPU @ 2.20GHz
stepping	: 3
microcode	: 0x25
cpu MHz		: 2201.000
cache size	: 6144 KB
physical id	: 3
siblings	: 2
core id		: 1
cpu cores	: 2
apicid		: 7
initial apicid	: 7
fpu		: yes
fpu_exception	: yes
cpuid level	: 13
wp		: yes
flags		: fpu vme de pse tsc msr pae mce cx8 apic sep mtrr pge mca cmov pat pse36 clflush dts mmx fxsr sse sse2 ss ht syscall nx pdpe1gb rdtscp lm constant_tsc arch_perfmon pebs bts nopl xtopology tsc_reliable nonstop_tsc cpuid aperfmperf pni pclmulqdq ssse3 fma cx16 pcid sse4_1 sse4_2 x2apic movbe popcnt tsc_deadline_timer aes xsave avx f16c rdrand hypervisor lahf_lm abm cpuid_fault epb invpcid_single pti fsgsbase tsc_adjust bmi1 avx2 smep bmi2 invpcid xsaveopt dtherm ida arat pln pts
bugs		: cpu_meltdown spectre_v1 spectre_v2 spec_store_bypass l1tf mds
bogomips	: 4402.00
clflush size	: 64
cache_alignment	: 64
address sizes	: 42 bits physical, 48 bits virtual
power management:



Memory: 4k page, physical 7075352k(3092880k free), swap 5530620k(5530620k free)

vm_info: OpenJDK 64-Bit Server VM (25.212-b03) for linux-amd64 JRE (1.8.0_212-8u212-b03-0ubuntu1.16.04.1-b03), built on Apr 26 2019 02:02:50 by "buildd" with gcc 5.4.0 20160609

time: Tue Jun 25 14:15:53 2019
timezone: PDT
elapsed time: 47693 seconds (0d 13h 14m 53s)

