#
# A fatal error has been detected by the Java Runtime Environment:
#
#  SIGFPE (0x8) at pc=0x00007fd720e0ff10, pid=121714, tid=0x00007fd721128700
#
# JRE version: OpenJDK Runtime Environment (8.0_212-b03) (build 1.8.0_212-8u212-b03-0ubuntu1.16.04.1-b03)
# Java VM: OpenJDK 64-Bit Server VM (25.212-b03 mixed mode, sharing linux-amd64 compressed oops)
# Problematic frame:
# C  [mtype512.cooja+0xaf10]  process_thread_LR_u_send_proc+0x221
#
# Failed to write core dump. Core dumps have been disabled. To enable core dumping, try "ulimit -c unlimited" before starting Java again
#
# If you would like to submit a bug report, please visit:
#   http://bugreport.java.com/bugreport/crash.jsp
# The crash happened outside the Java Virtual Machine in native code.
# See problematic frame for where to report the bug.
#

---------------  T H R E A D  ---------------

Current thread (0x00007fd7041d1800):  JavaThread "Thread-8" [_thread_in_native, id=121901, stack(0x00007fd721028000,0x00007fd721129000)]

siginfo: si_signo: 8 (SIGFPE), si_code: 1 (FPE_INTDIV), si_addr: 0x00007fd720e0ff10

Registers:
RAX=0x0000000000002d0a, RBX=0x0000000000000000, RCX=0x0000000000000000, RDX=0x0000000000000000
RSP=0x00007fd721022db8, RBP=0x00007fd721022de8, RSI=0x00007fd721022d84, RDI=0x00007fd78409d620
R8 =0x00007fd78409d0a4, R9 =0x00007fd78409d120, R10=0x00007fd783e1f560, R11=0x0000000000000000
R12=0x0000000000000000, R13=0x0000000801262288, R14=0x0000000000000002, R15=0x00007fd7041d1800
RIP=0x00007fd720e0ff10, EFLAGS=0x0000000000010206, CSGSFS=0x002b000000000033, ERR=0x0000000000000000
  TRAPNO=0x0000000000000000

Top of Stack: (sp=0x00007fd721022db8)
0x00007fd721022db8:   00752f826d6f682f 00007fd72101ecb8
0x00007fd721022dc8:   00007f332101ece0 00007fd72101e658
0x00007fd721022dd8:   01007fd721022e18 00007fd72101ecb8
0x00007fd721022de8:   00007fd721022e28 00007fd720e1386f
0x00007fd721022df8:   00007f822101ece0 00007fd72101ecb8
0x00007fd721022e08:   0000003300000000 00007fd72101e640
0x00007fd721022e18:   00007fd721022e38 00007fd720e13964
0x00007fd721022e28:   00007fd721022e38 00007fd720e13af4
0x00007fd721022e38:   00007fd721022e48 00007fd720e13b10
0x00007fd721022e48:   00007fd721022e68 00007fd720e10591
0x00007fd721022e58:   0000000000000000 0000000000000000
0x00007fd721022e68:   0000000000000000 0000000000000000
0x00007fd721022e78:   0000000000000000 0000000000000000
0x00007fd721022e88:   00007fd721020e60 00007fd721020e78
0x00007fd721022e98:   0000000000000000 0000000000000000
0x00007fd721022ea8:   0000000000000000 0000000000000001
0x00007fd721022eb8:   0000000000000000 0000000000000000
0x00007fd721022ec8:   0000000000000000 0000000000000000
0x00007fd721022ed8:   0000000000000000 0000000000000000
0x00007fd721022ee8:   0000000000000000 0000000000000000
0x00007fd721022ef8:   0000000000000000 4d41524150204354
0x00007fd721022f08:   202c303a54435420 52202c303a4b4341
0x00007fd721022f18:   6f72000a303a5445 7020747361636461
0x00007fd721022f28:   27203a74656b6361 2027303031304e4e
0x00007fd721022f38:   5353522068746977 30000a3030313a49
0x00007fd721022f48:   5f4500000a5d3030 45444f4d5f544e43
0x00007fd721022f58:   4c4155442030203a 474e4954554f525f
0x00007fd721022f68:   475245564e4f435f 41534c2030203a45
0x00007fd721022f78:   0a31203a43414d5f 0000000000000000
0x00007fd721022f88:   0000000000000000 0000000000000000
0x00007fd721022f98:   0000000000000000 0000000000000000
0x00007fd721022fa8:   0000000000000000 0000000000000000 

Instructions: (pc=0x00007fd720e0ff10)
0x00007fd720e0fef0:   ff ff 85 c0 0f 85 da 00 00 00 e8 31 e1 ff ff 0f
0x00007fd720e0ff00:   b7 c0 0f b6 15 bb ee 20 00 0f b6 d2 6b ca 64 99
0x00007fd720e0ff10:   f7 f9 89 d0 89 05 fa e6 20 00 8b 05 f4 e6 20 00
0x00007fd720e0ff20:   85 c0 74 08 8b 05 ea e6 20 00 eb 05 b8 05 00 00 

Register to memory mapping:

RAX=0x0000000000002d0a is an unknown value
RBX=0x0000000000000000 is an unknown value
RCX=0x0000000000000000 is an unknown value
RDX=0x0000000000000000 is an unknown value
RSP=0x00007fd721022db8: <offset 0x21ddb8> in /home/tryfon/coral/contiki/coral_dual/obj_cooja/mtype512.cooja at 0x00007fd720e05000
RBP=0x00007fd721022de8: <offset 0x21dde8> in /home/tryfon/coral/contiki/coral_dual/obj_cooja/mtype512.cooja at 0x00007fd720e05000
RSI=0x00007fd721022d84: <offset 0x21dd84> in /home/tryfon/coral/contiki/coral_dual/obj_cooja/mtype512.cooja at 0x00007fd720e05000
RDI=0x00007fd78409d620: <offset 0x3c4620> in /lib/x86_64-linux-gnu/libc.so.6 at 0x00007fd783cd9000
R8 =0x00007fd78409d0a4: <offset 0x3c40a4> in /lib/x86_64-linux-gnu/libc.so.6 at 0x00007fd783cd9000
R9 =0x00007fd78409d120: <offset 0x3c4120> in /lib/x86_64-linux-gnu/libc.so.6 at 0x00007fd783cd9000
R10=0x00007fd783e1f560: <offset 0x146560> in /lib/x86_64-linux-gnu/libc.so.6 at 0x00007fd783cd9000
R11=0x0000000000000000 is an unknown value
R12=0x0000000000000000 is an unknown value
R13=0x0000000801262288 is pointing into metadata
R14=0x0000000000000002 is an unknown value
R15=0x00007fd7041d1800 is a thread


Stack: [0x00007fd721028000,0x00007fd721129000],  sp=0x00007fd721022db8,  free space=18014398509481963k
Native frames: (J=compiled Java code, j=interpreted, Vv=VM code, C=native code)
C  [mtype512.cooja+0xaf10]  process_thread_LR_u_send_proc+0x221

Java frames: (J=compiled Java code, j=interpreted, Vv=VM code)
J 4870  org.contikios.cooja.corecomm.Lib2.tick()V (0 bytes) @ 0x00007fd76dd24a48 [0x00007fd76dd24a00+0x48]
J 5196 C2 org.contikios.cooja.motes.AbstractWakeupMote$1.execute(J)V (9 bytes) @ 0x00007fd76dee0cc4 [0x00007fd76dee0600+0x6c4]
J 6048% C1 org.contikios.cooja.Simulation.run()V (427 bytes) @ 0x00007fd76e1672ac [0x00007fd76e1665a0+0xd0c]
j  java.lang.Thread.run()V+11
v  ~StubRoutines::call_stub

---------------  P R O C E S S  ---------------

Java Threads: ( => current thread )
=>0x00007fd7041d1800 JavaThread "Thread-8" [_thread_in_native, id=121901, stack(0x00007fd721028000,0x00007fd721129000)]
  0x00007fd6fc0f8800 JavaThread "Thread-7" [_thread_blocked, id=121869, stack(0x00007fd720800000,0x00007fd720901000)]
  0x00007fd6fc0f5800 JavaThread "Thread-5" [_thread_in_native, id=121867, stack(0x00007fd721129000,0x00007fd72122a000)]
  0x00007fd6fc01f000 JavaThread "Thread-3" [_thread_blocked, id=121845, stack(0x00007fd721650000,0x00007fd721751000)]
  0x00007fd6fc05d800 JavaThread "Thread-1" [_thread_blocked, id=121784, stack(0x00007fd72154f000,0x00007fd721650000)]
  0x00007fd704034000 JavaThread "TimerQueue" daemon [_thread_blocked, id=121742, stack(0x00007fd72188d000,0x00007fd72198e000)]
  0x00007fd77c00b000 JavaThread "DestroyJavaVM" [_thread_blocked, id=121719, stack(0x00007fd7843b7000,0x00007fd7844b8000)]
  0x00007fd77c32e800 JavaThread "AWT-EventQueue-0" [_thread_in_Java, id=121741, stack(0x00007fd721b07000,0x00007fd721c08000)]
  0x00007fd77c32d000 JavaThread "AWT-Shutdown" [_thread_blocked, id=121740, stack(0x00007fd721c08000,0x00007fd721d09000)]
  0x00007fd77c2c8800 JavaThread "AWT-XAWT" daemon [_thread_in_native, id=121739, stack(0x00007fd722133000,0x00007fd722234000)]
  0x00007fd77c2af800 JavaThread "Java2D Disposer" daemon [_thread_blocked, id=121738, stack(0x00007fd722644000,0x00007fd722745000)]
  0x00007fd77c081800 JavaThread "Service Thread" daemon [_thread_blocked, id=121736, stack(0x00007fd74c6c4000,0x00007fd74c7c5000)]
  0x00007fd77c07e800 JavaThread "C1 CompilerThread3" daemon [_thread_blocked, id=121735, stack(0x00007fd74c7c5000,0x00007fd74c8c6000)]
  0x00007fd77c07c800 JavaThread "C2 CompilerThread2" daemon [_thread_blocked, id=121734, stack(0x00007fd74c8c6000,0x00007fd74c9c7000)]
  0x00007fd77c07a800 JavaThread "C2 CompilerThread1" daemon [_thread_blocked, id=121733, stack(0x00007fd74c9c7000,0x00007fd74cac8000)]
  0x00007fd77c077800 JavaThread "C2 CompilerThread0" daemon [_thread_in_native, id=121732, stack(0x00007fd74cac8000,0x00007fd74cbc9000)]
  0x00007fd77c076000 JavaThread "Signal Dispatcher" daemon [_thread_blocked, id=121731, stack(0x00007fd74cbc9000,0x00007fd74ccca000)]
  0x00007fd77c069800 JavaThread "Finalizer" daemon [_thread_blocked, id=121730, stack(0x00007fd74d689000,0x00007fd74d78a000)]
  0x00007fd77c05d000 JavaThread "Reference Handler" daemon [_thread_blocked, id=121729, stack(0x00007fd74d9a7000,0x00007fd74daa8000)]

Other Threads:
  0x00007fd77c05a000 VMThread [stack: 0x00007fd74daa8000,0x00007fd74dba9000] [id=121728]
  0x00007fd77c084000 WatcherThread [stack: 0x00007fd74c5c3000,0x00007fd74c6c4000] [id=121737]

VM state:not at safepoint (normal execution)

VM Mutex/Monitor currently owned by a thread: None

heap address: 0x00000000e0000000, size: 512 MB, Compressed Oops mode: 32-bit
Narrow klass base: 0x0000000800000000, Narrow klass shift: 0
Compressed class space size: 1073741824 Address: 0x000000080241e000

Heap:
 PSYoungGen      total 146432K, used 93478K [0x00000000f5580000, 0x00000000fff00000, 0x0000000100000000)
  eden space 145408K, 63% used [0x00000000f5580000,0x00000000fb04f8e8,0x00000000fe380000)
  from space 1024K, 47% used [0x00000000ffd00000,0x00000000ffd7a270,0x00000000ffe00000)
  to   space 1024K, 0% used [0x00000000ffe00000,0x00000000ffe00000,0x00000000fff00000)
 ParOldGen       total 73728K, used 21921K [0x00000000e0000000, 0x00000000e4800000, 0x00000000f5580000)
  object space 73728K, 29% used [0x00000000e0000000,0x00000000e1568510,0x00000000e4800000)
 Metaspace       used 13465K, capacity 13800K, committed 13824K, reserved 1060864K
  class space    used 1678K, capacity 1791K, committed 1792K, reserved 1048576K

Card table byte_map: [0x00007fd78095c000,0x00007fd780a5d000] byte_map_base: 0x00007fd78025c000

Marking Bits: (ParMarkBitMap*) 0x00007fd783681580
 Begin Bits: [0x00007fd76c000000, 0x00007fd76c800000)
 End Bits:   [0x00007fd76c800000, 0x00007fd76d000000)

Polling page: 0x00007fd7844d4000

CodeCache: size=245760Kb used=17680Kb max_used=17691Kb free=228079Kb
 bounds [0x00007fd76d000000, 0x00007fd76e170000, 0x00007fd77c000000]
 total_blobs=5560 nmethods=4915 adapters=555
 compilation: enabled

Compilation events (10 events):
Event: 199.181 Thread 0x00007fd77c07e800 nmethod 6062 0x00007fd76d6a0010 code [0x00007fd76d6a0220, 0x00007fd76d6a0968]
Event: 199.290 Thread 0x00007fd77c07e800 6063       3       javax.swing.plaf.synth.SynthMenuBarUI::update (41 bytes)
Event: 199.295 Thread 0x00007fd77c07e800 nmethod 6063 0x00007fd76d6e0150 code [0x00007fd76d6e0420, 0x00007fd76d6e1828]
Event: 199.295 Thread 0x00007fd77c07e800 6064       3       javax.swing.plaf.nimbus.SynthPainterImpl::paintMenuBarBackground (15 bytes)
Event: 199.296 Thread 0x00007fd77c07e800 nmethod 6064 0x00007fd76dbc5f10 code [0x00007fd76dbc6080, 0x00007fd76dbc6228]
Event: 199.744 Thread 0x00007fd77c07a800 6065       4       java.awt.Component::getBackground (29 bytes)
Event: 199.745 Thread 0x00007fd77c07a800 nmethod 6065 0x00007fd76d33eed0 code [0x00007fd76d33f020, 0x00007fd76d33f0b8]
Event: 200.746 Thread 0x00007fd77c07e800 6066       3       de.fau.cooja.plugins.Serial2Pty::access$300 (4 bytes)
Event: 200.746 Thread 0x00007fd77c07e800 nmethod 6066 0x00007fd76d7a8250 code [0x00007fd76d7a83a0, 0x00007fd76d7a84d0]
Event: 200.748 Thread 0x00007fd77c077800 6067       4       javax.swing.text.GapContent::getPositionsInRange (176 bytes)

GC Heap History (10 events):
Event: 101.507 GC heap before
{Heap before GC invocations=88 (full 1):
 PSYoungGen      total 173056K, used 172313K [0x00000000f5580000, 0x0000000100000000, 0x0000000100000000)
  eden space 172032K, 100% used [0x00000000f5580000,0x00000000ffd80000,0x00000000ffd80000)
  from space 1024K, 27% used [0x00000000ffe80000,0x00000000ffec6748,0x00000000fff80000)
  to   space 1024K, 0% used [0x00000000ffd80000,0x00000000ffd80000,0x00000000ffe80000)
 ParOldGen       total 73728K, used 21535K [0x00000000e0000000, 0x00000000e4800000, 0x00000000f5580000)
  object space 73728K, 29% used [0x00000000e0000000,0x00000000e1507dd8,0x00000000e4800000)
 Metaspace       used 13252K, capacity 13576K, committed 13824K, reserved 1060864K
  class space    used 1657K, capacity 1759K, committed 1792K, reserved 1048576K
Event: 101.511 GC heap after
Heap after GC invocations=88 (full 1):
 PSYoungGen      total 173056K, used 264K [0x00000000f5580000, 0x0000000100000000, 0x0000000100000000)
  eden space 172032K, 0% used [0x00000000f5580000,0x00000000f5580000,0x00000000ffd80000)
  from space 1024K, 25% used [0x00000000ffd80000,0x00000000ffdc21a8,0x00000000ffe80000)
  to   space 1024K, 0% used [0x00000000fff00000,0x00000000fff00000,0x0000000100000000)
 ParOldGen       total 73728K, used 21591K [0x00000000e0000000, 0x00000000e4800000, 0x00000000f5580000)
  object space 73728K, 29% used [0x00000000e0000000,0x00000000e1515dd8,0x00000000e4800000)
 Metaspace       used 13252K, capacity 13576K, committed 13824K, reserved 1060864K
  class space    used 1657K, capacity 1759K, committed 1792K, reserved 1048576K
}
Event: 102.230 GC heap before
{Heap before GC invocations=89 (full 1):
 PSYoungGen      total 173056K, used 172296K [0x00000000f5580000, 0x0000000100000000, 0x0000000100000000)
  eden space 172032K, 100% used [0x00000000f5580000,0x00000000ffd80000,0x00000000ffd80000)
  from space 1024K, 25% used [0x00000000ffd80000,0x00000000ffdc21a8,0x00000000ffe80000)
  to   space 1024K, 0% used [0x00000000fff00000,0x00000000fff00000,0x0000000100000000)
 ParOldGen       total 73728K, used 21591K [0x00000000e0000000, 0x00000000e4800000, 0x00000000f5580000)
  object space 73728K, 29% used [0x00000000e0000000,0x00000000e1515dd8,0x00000000e4800000)
 Metaspace       used 13261K, capacity 13640K, committed 13824K, reserved 1060864K
  class space    used 1657K, capacity 1759K, committed 1792K, reserved 1048576K
Event: 102.234 GC heap after
Heap after GC invocations=89 (full 1):
 PSYoungGen      total 165376K, used 358K [0x00000000f5580000, 0x00000000fff80000, 0x0000000100000000)
  eden space 164864K, 0% used [0x00000000f5580000,0x00000000f5580000,0x00000000ff680000)
  from space 512K, 70% used [0x00000000fff00000,0x00000000fff59b88,0x00000000fff80000)
  to   space 1024K, 0% used [0x00000000ffd80000,0x00000000ffd80000,0x00000000ffe80000)
 ParOldGen       total 73728K, used 21647K [0x00000000e0000000, 0x00000000e4800000, 0x00000000f5580000)
  object space 73728K, 29% used [0x00000000e0000000,0x00000000e1523dd8,0x00000000e4800000)
 Metaspace       used 13261K, capacity 13640K, committed 13824K, reserved 1060864K
  class space    used 1657K, capacity 1759K, committed 1792K, reserved 1048576K
}
Event: 102.855 GC heap before
{Heap before GC invocations=90 (full 1):
 PSYoungGen      total 165376K, used 165222K [0x00000000f5580000, 0x00000000fff80000, 0x0000000100000000)
  eden space 164864K, 100% used [0x00000000f5580000,0x00000000ff680000,0x00000000ff680000)
  from space 512K, 70% used [0x00000000fff00000,0x00000000fff59b88,0x00000000fff80000)
  to   space 1024K, 0% used [0x00000000ffd80000,0x00000000ffd80000,0x00000000ffe80000)
 ParOldGen       total 73728K, used 21647K [0x00000000e0000000, 0x00000000e4800000, 0x00000000f5580000)
  object space 73728K, 29% used [0x00000000e0000000,0x00000000e1523dd8,0x00000000e4800000)
 Metaspace       used 13269K, capacity 13640K, committed 13824K, reserved 1060864K
  class space    used 1657K, capacity 1759K, committed 1792K, reserved 1048576K
Event: 102.858 GC heap after
Heap after GC invocations=90 (full 1):
 PSYoungGen      total 159232K, used 342K [0x00000000f5580000, 0x00000000fff80000, 0x0000000100000000)
  eden space 158208K, 0% used [0x00000000f5580000,0x00000000f5580000,0x00000000ff000000)
  from space 1024K, 33% used [0x00000000ffd80000,0x00000000ffdd5a90,0x00000000ffe80000)
  to   space 1024K, 0% used [0x00000000ffe80000,0x00000000ffe80000,0x00000000fff80000)
 ParOldGen       total 73728K, used 21703K [0x00000000e0000000, 0x00000000e4800000, 0x00000000f5580000)
  object space 73728K, 29% used [0x00000000e0000000,0x00000000e1531dd8,0x00000000e4800000)
 Metaspace       used 13269K, capacity 13640K, committed 13824K, reserved 1060864K
  class space    used 1657K, capacity 1759K, committed 1792K, reserved 1048576K
}
Event: 103.647 GC heap before
{Heap before GC invocations=91 (full 1):
 PSYoungGen      total 159232K, used 158550K [0x00000000f5580000, 0x00000000fff80000, 0x0000000100000000)
  eden space 158208K, 100% used [0x00000000f5580000,0x00000000ff000000,0x00000000ff000000)
  from space 1024K, 33% used [0x00000000ffd80000,0x00000000ffdd5a90,0x00000000ffe80000)
  to   space 1024K, 0% used [0x00000000ffe80000,0x00000000ffe80000,0x00000000fff80000)
 ParOldGen       total 73728K, used 21703K [0x00000000e0000000, 0x00000000e4800000, 0x00000000f5580000)
  object space 73728K, 29% used [0x00000000e0000000,0x00000000e1531dd8,0x00000000e4800000)
 Metaspace       used 13271K, capacity 13640K, committed 13824K, reserved 1060864K
  class space    used 1657K, capacity 1759K, committed 1792K, reserved 1048576K
Event: 103.650 GC heap after
Heap after GC invocations=91 (full 1):
 PSYoungGen      total 152064K, used 128K [0x00000000f5580000, 0x00000000fff00000, 0x0000000100000000)
  eden space 151552K, 0% used [0x00000000f5580000,0x00000000f5580000,0x00000000fe980000)
  from space 512K, 25% used [0x00000000ffe80000,0x00000000ffea0000,0x00000000fff00000)
  to   space 1024K, 0% used [0x00000000ffd00000,0x00000000ffd00000,0x00000000ffe00000)
 ParOldGen       total 73728K, used 21905K [0x00000000e0000000, 0x00000000e4800000, 0x00000000f5580000)
  object space 73728K, 29% used [0x00000000e0000000,0x00000000e1564510,0x00000000e4800000)
 Metaspace       used 13271K, capacity 13640K, committed 13824K, reserved 1060864K
  class space    used 1657K, capacity 1759K, committed 1792K, reserved 1048576K
}
Event: 198.764 GC heap before
{Heap before GC invocations=92 (full 1):
 PSYoungGen      total 152064K, used 151680K [0x00000000f5580000, 0x00000000fff00000, 0x0000000100000000)
  eden space 151552K, 100% used [0x00000000f5580000,0x00000000fe980000,0x00000000fe980000)
  from space 512K, 25% used [0x00000000ffe80000,0x00000000ffea0000,0x00000000fff00000)
  to   space 1024K, 0% used [0x00000000ffd00000,0x00000000ffd00000,0x00000000ffe00000)
 ParOldGen       total 73728K, used 21905K [0x00000000e0000000, 0x00000000e4800000, 0x00000000f5580000)
  object space 73728K, 29% used [0x00000000e0000000,0x00000000e1564510,0x00000000e4800000)
 Metaspace       used 13456K, capacity 13800K, committed 13824K, reserved 1060864K
  class space    used 1678K, capacity 1791K, committed 1792K, reserved 1048576K
Event: 198.768 GC heap after
Heap after GC invocations=92 (full 1):
 PSYoungGen      total 146432K, used 488K [0x00000000f5580000, 0x00000000fff00000, 0x0000000100000000)
  eden space 145408K, 0% used [0x00000000f5580000,0x00000000f5580000,0x00000000fe380000)
  from space 1024K, 47% used [0x00000000ffd00000,0x00000000ffd7a270,0x00000000ffe00000)
  to   space 1024K, 0% used [0x00000000ffe00000,0x00000000ffe00000,0x00000000fff00000)
 ParOldGen       total 73728K, used 21921K [0x00000000e0000000, 0x00000000e4800000, 0x00000000f5580000)
  object space 73728K, 29% used [0x00000000e0000000,0x00000000e1568510,0x00000000e4800000)
 Metaspace       used 13456K, capacity 13800K, committed 13824K, reserved 1060864K
  class space    used 1678K, capacity 1791K, committed 1792K, reserved 1048576K
}

Deoptimization events (10 events):
Event: 189.543 Thread 0x00007fd77c32e800 Uncommon trap: reason=class_check action=maybe_recompile pc=0x00007fd76dd05084 method=java.awt.Container.getMouseEventTargetImpl(IIZLjava/awt/Container$EventTargetFilter;ZZ)Ljava/awt/Component; @ 64
Event: 189.557 Thread 0x00007fd77c32e800 Uncommon trap: reason=bimorphic action=maybe_recompile pc=0x00007fd76de66768 method=java.awt.Component.getGraphics()Ljava/awt/Graphics; @ 114
Event: 189.557 Thread 0x00007fd77c32e800 Uncommon trap: reason=class_check action=maybe_recompile pc=0x00007fd76de63d54 method=sun.java2d.xr.XRSurfaceData$XRWindowSurfaceData.getBounds()Ljava/awt/Rectangle; @ 4
Event: 189.565 Thread 0x00007fd77c32e800 Uncommon trap: reason=class_check action=maybe_recompile pc=0x00007fd76dd05084 method=java.awt.Container.getMouseEventTargetImpl(IIZLjava/awt/Container$EventTargetFilter;ZZ)Ljava/awt/Component; @ 64
Event: 189.572 Thread 0x00007fd77c32e800 Uncommon trap: reason=class_check action=maybe_recompile pc=0x00007fd76dd05084 method=java.awt.Container.getMouseEventTargetImpl(IIZLjava/awt/Container$EventTargetFilter;ZZ)Ljava/awt/Component; @ 64
Event: 189.579 Thread 0x00007fd77c32e800 Uncommon trap: reason=class_check action=maybe_recompile pc=0x00007fd76e036058 method=java.awt.Component.reshape(IIII)V @ 152
Event: 189.614 Thread 0x00007fd77c32e800 Uncommon trap: reason=class_check action=maybe_recompile pc=0x00007fd76e036058 method=java.awt.Component.reshape(IIII)V @ 152
Event: 197.223 Thread 0x00007fd7041d1800 Uncommon trap: reason=unstable_if action=reinterpret pc=0x00007fd76d6406e0 method=org.contikios.cooja.Simulation.run()V @ 71
Event: 198.770 Thread 0x00007fd77c2af800 Uncommon trap: reason=unstable_if action=reinterpret pc=0x00007fd76dad97fc method=java.util.concurrent.locks.ReentrantLock$Sync.nonfairTryAcquire(I)Z @ 19
Event: 198.771 Thread 0x00007fd77c2af800 Uncommon trap: reason=unstable_if action=reinterpret pc=0x00007fd76d540150 method=java.util.concurrent.locks.ReentrantLock$Sync.nonfairTryAcquire(I)Z @ 19

Classes redefined (0 events):
No events

Internal exceptions (10 events):
Event: 1.167 Thread 0x00007fd77c32e800 Exception <a 'java/security/PrivilegedActionException'> (0x00000000f62a0488) thrown at [/build/openjdk-8-lHVHKD/openjdk-8-8u212-b03/src/hotspot/src/share/vm/prims/jvm.cpp, line 1502]
Event: 1.167 Thread 0x00007fd77c32e800 Exception <a 'java/security/PrivilegedActionException'> (0x00000000f62a0880) thrown at [/build/openjdk-8-lHVHKD/openjdk-8-8u212-b03/src/hotspot/src/share/vm/prims/jvm.cpp, line 1502]
Event: 1.980 Thread 0x00007fd77c32e800 Exception <a 'java/lang/UnsupportedOperationException': > (0x00000000f6a2fae0) thrown at [/build/openjdk-8-lHVHKD/openjdk-8-8u212-b03/src/hotspot/src/share/vm/prims/jni.cpp, line 736]
Event: 7.938 Thread 0x00007fd77c32e800 Exception <a 'java/lang/UnsupportedOperationException': > (0x00000000f57ffb40) thrown at [/build/openjdk-8-lHVHKD/openjdk-8-8u212-b03/src/hotspot/src/share/vm/prims/jni.cpp, line 736]
Event: 15.547 Thread 0x00007fd70413b800 Implicit null exception at 0x00007fd76d66696b to 0x00007fd76d6669dd
Event: 16.259 Thread 0x00007fd70413b800 Implicit null exception at 0x00007fd76d91bf2f to 0x00007fd76d91f621
Event: 17.563 Thread 0x00007fd77c32e800 Implicit null exception at 0x00007fd76d3800be to 0x00007fd76d38400c
Event: 18.547 Thread 0x00007fd77c32e800 Exception <a 'java/lang/UnsupportedOperationException': > (0x00000000f88fb650) thrown at [/build/openjdk-8-lHVHKD/openjdk-8-8u212-b03/src/hotspot/src/share/vm/prims/jni.cpp, line 736]
Event: 75.420 Thread 0x00007fd77c32e800 Implicit null exception at 0x00007fd76df9a803 to 0x00007fd76df9da25
Event: 91.957 Thread 0x00007fd77c32e800 Implicit null exception at 0x00007fd76ddd7062 to 0x00007fd76ddd7c05

Events (10 events):
Event: 198.770 Thread 0x00007fd77c2af800 Uncommon trap: trap_request=0xffffff65 fr.pc=0x00007fd76dad97fc
Event: 198.771 Thread 0x00007fd77c2af800 DEOPT PACKING pc=0x00007fd76dad97fc sp=0x00007fd722743880
Event: 198.771 Thread 0x00007fd77c2af800 DEOPT UNPACKING pc=0x00007fd76d04547a sp=0x00007fd722743750 mode 2
Event: 198.771 Thread 0x00007fd77c2af800 Uncommon trap: trap_request=0xffffff65 fr.pc=0x00007fd76d540150
Event: 198.771 Thread 0x00007fd77c2af800 DEOPT PACKING pc=0x00007fd76d540150 sp=0x00007fd722743320
Event: 198.771 Thread 0x00007fd77c2af800 DEOPT UNPACKING pc=0x00007fd76d04547a sp=0x00007fd722743270 mode 2
Event: 200.747 Thread 0x00007fd77c32e800 DEOPT PACKING pc=0x00007fd76da52566 sp=0x00007fd721c05680
Event: 200.747 Thread 0x00007fd77c32e800 DEOPT UNPACKING pc=0x00007fd76d0474c4 sp=0x00007fd721c053f8 mode 0
Event: 200.750 Thread 0x00007fd77c32e800 DEOPT PACKING pc=0x00007fd76da52566 sp=0x00007fd721c05680
Event: 200.750 Thread 0x00007fd77c32e800 DEOPT UNPACKING pc=0x00007fd76d0474c4 sp=0x00007fd721c053f8 mode 0


Dynamic libraries:
00400000-00401000 r-xp 00000000 08:01 2687                               /usr/lib/jvm/java-8-openjdk-amd64/jre/bin/java
00600000-00601000 r--p 00000000 08:01 2687                               /usr/lib/jvm/java-8-openjdk-amd64/jre/bin/java
00601000-00602000 rw-p 00001000 08:01 2687                               /usr/lib/jvm/java-8-openjdk-amd64/jre/bin/java
0248a000-024ab000 rw-p 00000000 00:00 0                                  [heap]
e0000000-e4800000 rw-p 00000000 00:00 0 
e4800000-f5580000 ---p 00000000 00:00 0 
f5580000-fff00000 rw-p 00000000 00:00 0 
fff00000-100000000 ---p 00000000 00:00 0 
800000000-8006fd000 r--p 00001000 08:01 2788                             /usr/lib/jvm/java-8-openjdk-amd64/jre/lib/amd64/server/classes.jsa
8006fd000-801000000 ---p 00000000 00:00 0 
801000000-801aad000 rw-p 006fe000 08:01 2788                             /usr/lib/jvm/java-8-openjdk-amd64/jre/lib/amd64/server/classes.jsa
801aad000-802000000 ---p 00000000 00:00 0 
802000000-802182000 rw-p 011ab000 08:01 2788                             /usr/lib/jvm/java-8-openjdk-amd64/jre/lib/amd64/server/classes.jsa
802182000-802400000 ---p 00000000 00:00 0 
802400000-802409000 r-xp 0132d000 08:01 2788                             /usr/lib/jvm/java-8-openjdk-amd64/jre/lib/amd64/server/classes.jsa
802409000-80241e000 ---p 00000000 00:00 0 
80241e000-8025de000 rw-p 00000000 00:00 0 
8025de000-84241e000 ---p 00000000 00:00 0 
7fd6dc000000-7fd6dc021000 rw-p 00000000 00:00 0 
7fd6dc021000-7fd6e0000000 ---p 00000000 00:00 0 
7fd6e4000000-7fd6e4023000 rw-p 00000000 00:00 0 
7fd6e4023000-7fd6e8000000 ---p 00000000 00:00 0 
7fd6e8000000-7fd6e8021000 rw-p 00000000 00:00 0 
7fd6e8021000-7fd6ec000000 ---p 00000000 00:00 0 
7fd6ec000000-7fd6ec021000 rw-p 00000000 00:00 0 
7fd6ec021000-7fd6f0000000 ---p 00000000 00:00 0 
7fd6f0000000-7fd6f0021000 rw-p 00000000 00:00 0 
7fd6f0021000-7fd6f4000000 ---p 00000000 00:00 0 
7fd6f4000000-7fd6f4021000 rw-p 00000000 00:00 0 
7fd6f4021000-7fd6f8000000 ---p 00000000 00:00 0 
7fd6f8000000-7fd6f8021000 rw-p 00000000 00:00 0 
7fd6f8021000-7fd6fc000000 ---p 00000000 00:00 0 
7fd6fc000000-7fd6fc0fd000 rw-p 00000000 00:00 0 
7fd6fc0fd000-7fd700000000 ---p 00000000 00:00 0 
7fd700000000-7fd700021000 rw-p 00000000 00:00 0 
7fd700021000-7fd704000000 ---p 00000000 00:00 0 
7fd704000000-7fd704260000 rw-p 00000000 00:00 0 
7fd704260000-7fd708000000 ---p 00000000 00:00 0 
7fd708000000-7fd708021000 rw-p 00000000 00:00 0 
7fd708021000-7fd70c000000 ---p 00000000 00:00 0 
7fd70c000000-7fd70c021000 rw-p 00000000 00:00 0 
7fd70c021000-7fd710000000 ---p 00000000 00:00 0 
7fd710000000-7fd710021000 rw-p 00000000 00:00 0 
7fd710021000-7fd714000000 ---p 00000000 00:00 0 
7fd714fff000-7fd718000000 rw-p 00000000 00:00 0 
7fd718000000-7fd718021000 rw-p 00000000 00:00 0 
7fd718021000-7fd71c000000 ---p 00000000 00:00 0 
7fd71c000000-7fd71c021000 rw-p 00000000 00:00 0 
7fd71c021000-7fd720000000 ---p 00000000 00:00 0 
7fd720600000-7fd7207c0000 rw-p 00000000 00:00 0 
7fd7207c0000-7fd720800000 ---p 00000000 00:00 0 
7fd720800000-7fd720803000 ---p 00000000 00:00 0 
7fd720803000-7fd720901000 rw-p 00000000 00:00 0 
7fd720901000-7fd720904000 ---p 00000000 00:00 0 
7fd720904000-7fd720a02000 rw-p 00000000 00:00 0 
7fd720a02000-7fd720a04000 r-xp 00000000 08:01 933447                     /home/tryfon/contiki/tools/cooja/apps/serial2pty/lib/libpty.so
7fd720a04000-7fd720c03000 ---p 00002000 08:01 933447                     /home/tryfon/contiki/tools/cooja/apps/serial2pty/lib/libpty.so
7fd720c03000-7fd720c04000 r--p 00001000 08:01 933447                     /home/tryfon/contiki/tools/cooja/apps/serial2pty/lib/libpty.so
7fd720c04000-7fd720c05000 rw-p 00002000 08:01 933447                     /home/tryfon/contiki/tools/cooja/apps/serial2pty/lib/libpty.so
7fd720c05000-7fd720e05000 rw-p 00000000 00:00 0 
7fd720e05000-7fd720e1e000 r-xp 00000000 08:01 982217                     /home/tryfon/coral/contiki/coral_dual/obj_cooja/mtype512.cooja
7fd720e1e000-7fd72101d000 ---p 00019000 08:01 982217                     /home/tryfon/coral/contiki/coral_dual/obj_cooja/mtype512.cooja
7fd72101d000-7fd72101e000 r--p 00018000 08:01 982217                     /home/tryfon/coral/contiki/coral_dual/obj_cooja/mtype512.cooja
7fd72101e000-7fd72101f000 rw-p 00019000 08:01 982217                     /home/tryfon/coral/contiki/coral_dual/obj_cooja/mtype512.cooja
7fd72101f000-7fd721028000 rw-p 00000000 00:00 0 
7fd721028000-7fd72102b000 ---p 00000000 00:00 0 
7fd72102b000-7fd721129000 rw-p 00000000 00:00 0 
7fd721129000-7fd72112c000 ---p 00000000 00:00 0 
7fd72112c000-7fd72122a000 rw-p 00000000 00:00 0 
7fd72122a000-7fd721244000 r-xp 00000000 08:01 982213                     /home/tryfon/coral/contiki/coral_dual/obj_cooja/mtype418.cooja
7fd721244000-7fd721443000 ---p 0001a000 08:01 982213                     /home/tryfon/coral/contiki/coral_dual/obj_cooja/mtype418.cooja
7fd721443000-7fd721444000 r--p 00019000 08:01 982213                     /home/tryfon/coral/contiki/coral_dual/obj_cooja/mtype418.cooja
7fd721444000-7fd721445000 rw-p 0001a000 08:01 982213                     /home/tryfon/coral/contiki/coral_dual/obj_cooja/mtype418.cooja
7fd721445000-7fd72144e000 rw-p 00000000 00:00 0 
7fd72144e000-7fd721451000 ---p 00000000 00:00 0 
7fd721451000-7fd72154f000 rw-p 00000000 00:00 0 
7fd72154f000-7fd721552000 ---p 00000000 00:00 0 
7fd721552000-7fd721650000 rw-p 00000000 00:00 0 
7fd721650000-7fd721653000 ---p 00000000 00:00 0 
7fd721653000-7fd721751000 rw-p 00000000 00:00 0 
7fd721751000-7fd721754000 ---p 00000000 00:00 0 
7fd721754000-7fd72178a000 rw-p 00000000 00:00 0 
7fd72178a000-7fd72178d000 ---p 00000000 00:00 0 
7fd72178d000-7fd72188b000 rw-p 00000000 00:00 0 
7fd72188b000-7fd72188c000 r--s 00001000 08:01 920636                     /home/tryfon/contiki/tools/cooja/apps/mobility/lib/mobility.jar
7fd72188c000-7fd72188d000 r--s 00002000 08:01 933448                     /home/tryfon/contiki/tools/cooja/apps/serial2pty/lib/serial2pty.jar
7fd72188d000-7fd721890000 ---p 00000000 00:00 0 
7fd721890000-7fd72198e000 rw-p 00000000 00:00 0 
7fd72198e000-7fd721995000 r--s 00000000 08:01 865119                     /var/cache/fontconfig/4be9850f182b35c1350b6bbf2e42601c-le64.cache-6
7fd721995000-7fd721997000 r--s 00000000 08:01 865118                     /var/cache/fontconfig/30a99c4256905863f7aa12b5e873c27c-le64.cache-6
7fd721997000-7fd721998000 r--s 00000000 08:01 865117                     /var/cache/fontconfig/087e1975ba9a574b140bb1df193bf770-le64.cache-6
7fd721998000-7fd72199c000 r--s 00000000 08:01 865116                     /var/cache/fontconfig/6aa41aa22e18b8fa06a12da28ea9c28b-le64.cache-6
7fd72199c000-7fd7219a7000 r--s 00000000 08:01 825297                     /var/cache/fontconfig/945677eb7aeaf62f1d50efc3fb3ec7d8-le64.cache-6
7fd7219a7000-7fd7219ad000 r--s 00000000 08:01 825279                     /var/cache/fontconfig/2cd17615ca594fa2959ae173292e504c-le64.cache-6
7fd7219ad000-7fd7219ae000 r--s 00000000 08:01 825276                     /var/cache/fontconfig/0d8c3b2ac0904cb8a57a757ad11a4a08-le64.cache-6
7fd7219ae000-7fd7219b2000 r--s 00000000 08:01 865483                     /var/cache/fontconfig/de156ccd2eddbdc19d37a45b8b2aac9c-le64.cache-6
7fd7219b2000-7fd7219c7000 r--s 00000000 08:01 825273                     /var/cache/fontconfig/04aabc0a78ac019cf9454389977116d2-le64.cache-6
7fd7219c7000-7fd7219c8000 r--s 00000000 08:01 825278                     /var/cache/fontconfig/1ac9eb803944fde146138c791f5cc56a-le64.cache-6
7fd7219c8000-7fd7219cc000 r--s 00000000 08:01 825283                     /var/cache/fontconfig/385c0604a188198f04d133e54aba7fe7-le64.cache-6
7fd7219cc000-7fd7219cd000 r--s 00000000 08:01 865114                     /var/cache/fontconfig/9c956a7723ca69a44b382d9179c9802f-le64.cache-6
7fd7219cd000-7fd7219ce000 r--s 00000000 08:01 825310                     /var/cache/fontconfig/dc05db6664285cc2f12bf69c139ae4c3-le64.cache-6
7fd7219ce000-7fd7219d1000 r--s 00000000 08:01 825293                     /var/cache/fontconfig/767a8244fc0220cfb567a839d0392e0b-le64.cache-6
7fd7219d1000-7fd7219d2000 r--s 00000000 08:01 820493                     /var/cache/fontconfig/4794a0821666d79190d59a36cb4f44b5-le64.cache-6
7fd7219d2000-7fd7219d3000 r--s 00000000 08:01 865111                     /var/cache/fontconfig/9eae20f1ff8cc0a7d125749e875856bd-le64.cache-6
7fd7219d3000-7fd7219d6000 r--s 00000000 08:01 865110                     /var/cache/fontconfig/bf2c1853a9e9b00bb02fe2e9bcf1e201-le64.cache-6
7fd7219d6000-7fd7219db000 r--s 00000000 08:01 825296                     /var/cache/fontconfig/8801497958630a81b71ace7c5f9b32a8-le64.cache-6
7fd7219db000-7fd7219df000 r--s 00000000 08:01 865478                     /var/cache/fontconfig/c57959a16110560c8d0fcea73374aeeb-le64.cache-6
7fd7219df000-7fd7219e0000 r--s 00000000 08:01 825303                     /var/cache/fontconfig/bab58bb527bb656aaa9f116d68a48d89-le64.cache-6
7fd7219e0000-7fd7219e7000 r--s 00000000 08:01 825280                     /var/cache/fontconfig/3047814df9a2f067bd2d96a2b9c36e5a-le64.cache-6
7fd7219e7000-7fd7219ef000 r--s 00000000 08:01 865477                     /var/cache/fontconfig/bf3b770c553c462765856025a94f1ce6-le64.cache-6
7fd7219ef000-7fd7219f0000 r--s 00000000 08:01 825287                     /var/cache/fontconfig/56cf4f4769d0f4abc89a4895d7bd3ae1-le64.cache-6
7fd7219f0000-7fd7219f1000 r--s 00000000 08:01 825302                     /var/cache/fontconfig/b9d506c9ac06c20b433354fa67a72993-le64.cache-6
7fd7219f1000-7fd7219f7000 r--s 00000000 08:01 825301                     /var/cache/fontconfig/b47c4e1ecd0709278f4910c18777a504-le64.cache-6
7fd7219f7000-7fd7219fa000 r--s 00000000 08:01 865108                     /var/cache/fontconfig/14d493b97896515cad3840ba4896e372-le64.cache-6
7fd7219fa000-7fd7219fd000 r--s 00000000 08:01 865107                     /var/cache/fontconfig/e49e89034d371f0f9de17aab02136486-le64.cache-6
7fd7219fd000-7fd7219ff000 r--s 00000000 08:01 865105                     /var/cache/fontconfig/4b14b093aebc79c320de5e86ae1d3314-le64.cache-6
7fd7219ff000-7fd721a12000 r--s 00000000 08:01 825307                     /var/cache/fontconfig/d52a8644073d54c13679302ca1180695-le64.cache-6
7fd721a12000-7fd721a13000 r--s 00000000 08:01 825286                     /var/cache/fontconfig/551ecf3b0e8b0bca0f25c0944f561853-le64.cache-6
7fd721a13000-7fd721a14000 r--s 00000000 08:01 865103                     /var/cache/fontconfig/8a687c406b77f27d99abfeeba937fcce-le64.cache-6
7fd721a14000-7fd721a19000 r--s 00000000 08:01 865102                     /var/cache/fontconfig/75ad6aa2358a85f0de2c8ee4837e8227-le64.cache-6
7fd721a19000-7fd721a1b000 r--s 00000000 08:01 865101                     /var/cache/fontconfig/65f976e5259cbe6dc7697b8648396239-le64.cache-6
7fd721a1b000-7fd721a26000 r--s 00000000 08:01 863365                     /var/cache/fontconfig/d589a48862398ed80a3d6066f4f56f4c-le64.cache-6
7fd721a26000-7fd721a2a000 r--s 00000000 08:01 865470                     /var/cache/fontconfig/246184dc75a16901ca37d96895904249-le64.cache-6
7fd721a2a000-7fd721a2b000 r--s 00000000 08:01 865099                     /var/cache/fontconfig/94f7fe9bd33aadfac165873bd010d595-le64.cache-6
7fd721a2b000-7fd721a2d000 r--s 00000000 08:01 865098                     /var/cache/fontconfig/423767150eb258c59035de29db6fca84-le64.cache-6
7fd721a2d000-7fd721a2e000 r--s 00000000 08:01 865097                     /var/cache/fontconfig/406a1d2d2bf3ed7664fbadefac0b2f66-le64.cache-6
7fd721a2e000-7fd721a30000 r--s 00000000 08:01 865095                     /var/cache/fontconfig/67709b7835c0f764c1135060c9575660-le64.cache-6
7fd721a30000-7fd721a31000 r--s 00000000 08:01 825281                     /var/cache/fontconfig/30829fa25452a46451e813d634d7f916-le64.cache-6
7fd721a31000-7fd721a3f000 r--s 00000000 08:01 865094                     /var/cache/fontconfig/198d8fcf01c96d0cf813f74fd759bdb7-le64.cache-6
7fd721a3f000-7fd721a40000 r--s 00000000 08:01 825275                     /var/cache/fontconfig/0c9eb80ebd1c36541ebe2852d3bb0c49-le64.cache-6
7fd721a40000-7fd721a43000 r--s 00000000 08:01 825292                     /var/cache/fontconfig/75114ca45c98e8a441da0ff356701271-le64.cache-6
7fd721a43000-7fd721a4e000 r--s 00000000 08:01 825295                     /var/cache/fontconfig/83bf95040141907cd45bb53cf7c1c148-le64.cache-6
7fd721a4e000-7fd721a60000 r--s 00000000 08:01 825299                     /var/cache/fontconfig/9b89f8e3dae116d678bbf48e5f21f69b-le64.cache-6
7fd721a60000-7fd721a69000 r--s 00000000 08:01 865091                     /var/cache/fontconfig/d0972c3d32f097851eb916381fc38920-le64.cache-6
7fd721a69000-7fd721a6b000 r--s 00000000 08:01 865090                     /var/cache/fontconfig/6e6b34ae150a7ad95e82fb4a522f0bda-le64.cache-6
7fd721a6b000-7fd721a6c000 r--s 00000000 08:01 865089                     /var/cache/fontconfig/3334a778d104e76d188e9df399bc24d2-le64.cache-6
7fd721a6c000-7fd721a73000 r--s 00000000 08:01 865087                     /var/cache/fontconfig/53d14c92082a93e67d5078324eb314ca-le64.cache-6
7fd721a73000-7fd721a75000 r--s 00000000 08:01 865086                     /var/cache/fontconfig/43bfe21a9e1edebcf703d79ee2950b06-le64.cache-6
7fd721a75000-7fd721a88000 r--s 00000000 08:01 865084                     /var/cache/fontconfig/4ac51e5cfbc76fc3f983e470323a16d3-le64.cache-6
7fd721a88000-7fd721a8c000 r--s 00000000 08:01 865076                     /var/cache/fontconfig/3629f2adf904f9a612908891fae71ceb-le64.cache-6
7fd721a8c000-7fd721aa2000 r--s 00000000 08:01 865072                     /var/cache/fontconfig/e13b20fdb08344e0e664864cc2ede53d-le64.cache-6
7fd721aa2000-7fd721aaf000 r--s 00000000 08:01 865064                     /var/cache/fontconfig/8f02d4cb045bd6ce15663e43f347c9f8-le64.cache-6
7fd721aaf000-7fd721ab1000 r--s 00003000 08:01 1010099                    /home/tryfon/contiki/tools/cooja/apps/powertracker/lib/powertracker.jar
7fd721ab1000-7fd721ab2000 r--s 00002000 08:01 981692                     /home/tryfon/contiki/tools/cooja/apps/collect-view/cooja-collect-view.jar
7fd721ab2000-7fd721ab4000 r--s 00008000 08:01 1010133                    /home/tryfon/contiki/tools/cooja/apps/serial_socket/lib/serial_socket.jar
7fd721ab4000-7fd721aee000 r--s 001e1000 08:01 1009687                    /home/tryfon/contiki/tools/cooja/apps/avrora/lib/avrora-small.jar
7fd721aee000-7fd721aef000 r--s 00008000 08:01 981397                     /home/tryfon/contiki/tools/cooja/apps/avrora/lib/cooja_avrora.jar
7fd721aef000-7fd721af1000 r--s 00010000 08:01 981161                     /home/tryfon/contiki/tools/cooja/apps/mspsim/lib/jipv6.jar
7fd721af1000-7fd721af2000 r--s 00004000 08:01 981162                     /home/tryfon/contiki/tools/cooja/apps/mspsim/lib/coffee.jar
7fd721af2000-7fd721afe000 r--s 000eb000 08:01 981160                     /home/tryfon/contiki/tools/cooja/apps/mspsim/lib/mspsim.jar
7fd721afe000-7fd721b04000 r--s 00062000 08:01 981362                     /home/tryfon/contiki/tools/cooja/apps/mspsim/lib/cooja_mspsim.jar
7fd721b04000-7fd721b07000 r--s 0001e000 08:01 981159                     /home/tryfon/contiki/tools/cooja/apps/mrm/lib/mrm.jar
7fd721b07000-7fd721b0a000 ---p 00000000 00:00 0 
7fd721b0a000-7fd721c08000 rw-p 00000000 00:00 0 
7fd721c08000-7fd721c0b000 ---p 00000000 00:00 0 
7fd721c0b000-7fd721d09000 rw-p 00000000 00:00 0 
7fd721d09000-7fd721d1a000 r-xp 00000000 08:01 2708                       /usr/lib/jvm/java-8-openjdk-amd64/jre/lib/amd64/libnio.so
7fd721d1a000-7fd721f19000 ---p 00011000 08:01 2708                       /usr/lib/jvm/java-8-openjdk-amd64/jre/lib/amd64/libnio.so
7fd721f19000-7fd721f1a000 r--p 00010000 08:01 2708                       /usr/lib/jvm/java-8-openjdk-amd64/jre/lib/amd64/libnio.so
7fd721f1a000-7fd721f1b000 rw-p 00011000 08:01 2708                       /usr/lib/jvm/java-8-openjdk-amd64/jre/lib/amd64/libnio.so
7fd721f1b000-7fd721f31000 r-xp 00000000 08:01 2739                       /usr/lib/jvm/java-8-openjdk-amd64/jre/lib/amd64/libnet.so
7fd721f31000-7fd722131000 ---p 00016000 08:01 2739                       /usr/lib/jvm/java-8-openjdk-amd64/jre/lib/amd64/libnet.so
7fd722131000-7fd722132000 r--p 00016000 08:01 2739                       /usr/lib/jvm/java-8-openjdk-amd64/jre/lib/amd64/libnet.so
7fd722132000-7fd722133000 rw-p 00017000 08:01 2739                       /usr/lib/jvm/java-8-openjdk-amd64/jre/lib/amd64/libnet.so
7fd722133000-7fd722136000 ---p 00000000 00:00 0 
7fd722136000-7fd722234000 rw-p 00000000 00:00 0 
7fd722234000-7fd722239000 r-xp 00000000 08:01 12359                      /usr/lib/x86_64-linux-gnu/libXfixes.so.3.1.0
7fd722239000-7fd722438000 ---p 00005000 08:01 12359                      /usr/lib/x86_64-linux-gnu/libXfixes.so.3.1.0
7fd722438000-7fd722439000 r--p 00004000 08:01 12359                      /usr/lib/x86_64-linux-gnu/libXfixes.so.3.1.0
7fd722439000-7fd72243a000 rw-p 00005000 08:01 12359                      /usr/lib/x86_64-linux-gnu/libXfixes.so.3.1.0
7fd72243a000-7fd722443000 r-xp 00000000 08:01 318                        /usr/lib/x86_64-linux-gnu/libXcursor.so.1.0.2
7fd722443000-7fd722642000 ---p 00009000 08:01 318                        /usr/lib/x86_64-linux-gnu/libXcursor.so.1.0.2
7fd722642000-7fd722643000 r--p 00008000 08:01 318                        /usr/lib/x86_64-linux-gnu/libXcursor.so.1.0.2
7fd722643000-7fd722644000 rw-p 00009000 08:01 318                        /usr/lib/x86_64-linux-gnu/libXcursor.so.1.0.2
7fd722644000-7fd722647000 ---p 00000000 00:00 0 
7fd722647000-7fd722745000 rw-p 00000000 00:00 0 
7fd722745000-7fd722769000 r-xp 00000000 08:01 547681                     /lib/x86_64-linux-gnu/libpng12.so.0.54.0
7fd722769000-7fd722968000 ---p 00024000 08:01 547681                     /lib/x86_64-linux-gnu/libpng12.so.0.54.0
7fd722968000-7fd722969000 r--p 00023000 08:01 547681                     /lib/x86_64-linux-gnu/libpng12.so.0.54.0
7fd722969000-7fd72296a000 rw-p 00024000 08:01 547681                     /lib/x86_64-linux-gnu/libpng12.so.0.54.0
7fd72296a000-7fd722a0e000 r-xp 00000000 08:01 12782                      /usr/lib/x86_64-linux-gnu/libfreetype.so.6.12.1
7fd722a0e000-7fd722c0d000 ---p 000a4000 08:01 12782                      /usr/lib/x86_64-linux-gnu/libfreetype.so.6.12.1
7fd722c0d000-7fd722c13000 r--p 000a3000 08:01 12782                      /usr/lib/x86_64-linux-gnu/libfreetype.so.6.12.1
7fd722c13000-7fd722c14000 rw-p 000a9000 08:01 12782                      /usr/lib/x86_64-linux-gnu/libfreetype.so.6.12.1
7fd722c14000-7fd722c65000 r-xp 00000000 08:01 2723                       /usr/lib/jvm/java-8-openjdk-amd64/jre/lib/amd64/libfontmanager.so
7fd722c65000-7fd722e65000 ---p 00051000 08:01 2723                       /usr/lib/jvm/java-8-openjdk-amd64/jre/lib/amd64/libfontmanager.so
7fd722e65000-7fd722e67000 r--p 00051000 08:01 2723                       /usr/lib/jvm/java-8-openjdk-amd64/jre/lib/amd64/libfontmanager.so
7fd722e67000-7fd722e68000 rw-p 00053000 08:01 2723                       /usr/lib/jvm/java-8-openjdk-amd64/jre/lib/amd64/libfontmanager.so
7fd722e68000-7fd722e6d000 r-xp 00000000 08:01 12355                      /usr/lib/x86_64-linux-gnu/libXdmcp.so.6.0.0
7fd722e6d000-7fd72306c000 ---p 00005000 08:01 12355                      /usr/lib/x86_64-linux-gnu/libXdmcp.so.6.0.0
7fd72306c000-7fd72306d000 r--p 00004000 08:01 12355                      /usr/lib/x86_64-linux-gnu/libXdmcp.so.6.0.0
7fd72306d000-7fd72306e000 rw-p 00005000 08:01 12355                      /usr/lib/x86_64-linux-gnu/libXdmcp.so.6.0.0
7fd72306e000-7fd723070000 r-xp 00000000 08:01 12344                      /usr/lib/x86_64-linux-gnu/libXau.so.6.0.0
7fd723070000-7fd723270000 ---p 00002000 08:01 12344                      /usr/lib/x86_64-linux-gnu/libXau.so.6.0.0
7fd723270000-7fd723271000 r--p 00002000 08:01 12344                      /usr/lib/x86_64-linux-gnu/libXau.so.6.0.0
7fd723271000-7fd723272000 rw-p 00003000 08:01 12344                      /usr/lib/x86_64-linux-gnu/libXau.so.6.0.0
7fd723272000-7fd723293000 r-xp 00000000 08:01 13764                      /usr/lib/x86_64-linux-gnu/libxcb.so.1.1.0
7fd723293000-7fd723492000 ---p 00021000 08:01 13764                      /usr/lib/x86_64-linux-gnu/libxcb.so.1.1.0
7fd723492000-7fd723493000 r--p 00020000 08:01 13764                      /usr/lib/x86_64-linux-gnu/libxcb.so.1.1.0
7fd723493000-7fd723494000 rw-p 00021000 08:01 13764                      /usr/lib/x86_64-linux-gnu/libxcb.so.1.1.0
7fd723494000-7fd7234a3000 r-xp 00000000 08:01 12367                      /usr/lib/x86_64-linux-gnu/libXi.so.6.1.0
7fd7234a3000-7fd7236a2000 ---p 0000f000 08:01 12367                      /usr/lib/x86_64-linux-gnu/libXi.so.6.1.0
7fd7236a2000-7fd7236a3000 r--p 0000e000 08:01 12367                      /usr/lib/x86_64-linux-gnu/libXi.so.6.1.0
7fd7236a3000-7fd7236a4000 rw-p 0000f000 08:01 12367                      /usr/lib/x86_64-linux-gnu/libXi.so.6.1.0
7fd7236a4000-7fd7236a9000 r-xp 00000000 08:01 12385                      /usr/lib/x86_64-linux-gnu/libXtst.so.6.1.0
7fd7236a9000-7fd7238a8000 ---p 00005000 08:01 12385                      /usr/lib/x86_64-linux-gnu/libXtst.so.6.1.0
7fd7238a8000-7fd7238a9000 r--p 00004000 08:01 12385                      /usr/lib/x86_64-linux-gnu/libXtst.so.6.1.0
7fd7238a9000-7fd7238aa000 rw-p 00005000 08:01 12385                      /usr/lib/x86_64-linux-gnu/libXtst.so.6.1.0
7fd7238aa000-7fd7238b3000 r-xp 00000000 08:01 12379                      /usr/lib/x86_64-linux-gnu/libXrender.so.1.3.0
7fd7238b3000-7fd723ab2000 ---p 00009000 08:01 12379                      /usr/lib/x86_64-linux-gnu/libXrender.so.1.3.0
7fd723ab2000-7fd723ab3000 r--p 00008000 08:01 12379                      /usr/lib/x86_64-linux-gnu/libXrender.so.1.3.0
7fd723ab3000-7fd723ab4000 rw-p 00009000 08:01 12379                      /usr/lib/x86_64-linux-gnu/libXrender.so.1.3.0
7fd723ab4000-7fd723be9000 r-xp 00000000 08:01 2069                       /usr/lib/x86_64-linux-gnu/libX11.so.6.3.0
7fd723be9000-7fd723de9000 ---p 00135000 08:01 2069                       /usr/lib/x86_64-linux-gnu/libX11.so.6.3.0
7fd723de9000-7fd723dea000 r--p 00135000 08:01 2069                       /usr/lib/x86_64-linux-gnu/libX11.so.6.3.0
7fd723dea000-7fd723dee000 rw-p 00136000 08:01 2069                       /usr/lib/x86_64-linux-gnu/libX11.so.6.3.0
7fd723dee000-7fd723dff000 r-xp 00000000 08:01 12357                      /usr/lib/x86_64-linux-gnu/libXext.so.6.4.0
7fd723dff000-7fd723ffe000 ---p 00011000 08:01 12357                      /usr/lib/x86_64-linux-gnu/libXext.so.6.4.0
7fd723ffe000-7fd723fff000 r--p 00010000 08:01 12357                      /usr/lib/x86_64-linux-gnu/libXext.so.6.4.0
7fd723fff000-7fd724000000 rw-p 00011000 08:01 12357                      /usr/lib/x86_64-linux-gnu/libXext.so.6.4.0
7fd724000000-7fd7245fb000 rw-p 00000000 00:00 0 
7fd7245fb000-7fd728000000 ---p 00000000 00:00 0 
7fd728000000-7fd728021000 rw-p 00000000 00:00 0 
7fd728021000-7fd72c000000 ---p 00000000 00:00 0 
7fd72c000000-7fd72df6a000 rw-p 00000000 00:00 0 
7fd72df6a000-7fd730000000 ---p 00000000 00:00 0 
7fd730000000-7fd731b27000 rw-p 00000000 00:00 0 
7fd731b27000-7fd734000000 ---p 00000000 00:00 0 
7fd734000000-7fd734021000 rw-p 00000000 00:00 0 
7fd734021000-7fd738000000 ---p 00000000 00:00 0 
7fd738000000-7fd7399ef000 rw-p 00000000 00:00 0 
7fd7399ef000-7fd73c000000 ---p 00000000 00:00 0 
7fd73c000000-7fd73c021000 rw-p 00000000 00:00 0 
7fd73c021000-7fd740000000 ---p 00000000 00:00 0 
7fd740000000-7fd740021000 rw-p 00000000 00:00 0 
7fd740021000-7fd744000000 ---p 00000000 00:00 0 
7fd744000000-7fd744021000 rw-p 00000000 00:00 0 
7fd744021000-7fd748000000 ---p 00000000 00:00 0 
7fd748000000-7fd748021000 rw-p 00000000 00:00 0 
7fd748021000-7fd74c000000 ---p 00000000 00:00 0 
7fd74c000000-7fd74c001000 r--s 00000000 08:01 865077                     /var/cache/fontconfig/c277e94e32b20404286a1ddafa5a80f0-le64.cache-6
7fd74c001000-7fd74c005000 r--s 00000000 08:01 820516                     /var/cache/fontconfig/7ef2298fde41cc6eeb7af42e48b7d293-le64.cache-6
7fd74c005000-7fd74c026000 r--s 00000000 08:01 865047                     /var/cache/fontconfig/467c019e582ee353435ea5c21d137ef6-le64.cache-6
7fd74c026000-7fd74c039000 r--s 00346000 08:01 2748                       /usr/lib/jvm/java-8-openjdk-amd64/jre/lib/resources.jar
7fd74c039000-7fd74c094000 r-xp 00000000 08:01 2705                       /usr/lib/jvm/java-8-openjdk-amd64/jre/lib/amd64/libawt_xawt.so
7fd74c094000-7fd74c293000 ---p 0005b000 08:01 2705                       /usr/lib/jvm/java-8-openjdk-amd64/jre/lib/amd64/libawt_xawt.so
7fd74c293000-7fd74c294000 r--p 0005a000 08:01 2705                       /usr/lib/jvm/java-8-openjdk-amd64/jre/lib/amd64/libawt_xawt.so
7fd74c294000-7fd74c297000 rw-p 0005b000 08:01 2705                       /usr/lib/jvm/java-8-openjdk-amd64/jre/lib/amd64/libawt_xawt.so
7fd74c297000-7fd74c299000 rw-p 00000000 00:00 0 
7fd74c299000-7fd74c338000 r-xp 00000000 08:01 2707                       /usr/lib/jvm/java-8-openjdk-amd64/jre/lib/amd64/libawt.so
7fd74c338000-7fd74c538000 ---p 0009f000 08:01 2707                       /usr/lib/jvm/java-8-openjdk-amd64/jre/lib/amd64/libawt.so
7fd74c538000-7fd74c539000 r--p 0009f000 08:01 2707                       /usr/lib/jvm/java-8-openjdk-amd64/jre/lib/amd64/libawt.so
7fd74c539000-7fd74c544000 rw-p 000a0000 08:01 2707                       /usr/lib/jvm/java-8-openjdk-amd64/jre/lib/amd64/libawt.so
7fd74c544000-7fd74c569000 rw-p 00000000 00:00 0 
7fd74c569000-7fd74c586000 r--s 0014f000 08:01 1011190                    /home/tryfon/contiki/tools/cooja/lib/swingx-all-1.6.4.jar
7fd74c586000-7fd74c58d000 r--s 0005b000 08:01 1011188                    /home/tryfon/contiki/tools/cooja/lib/jsyntaxpane.jar
7fd74c58d000-7fd74c5a8000 r--s 001d6000 08:01 2773                       /usr/lib/jvm/java-8-openjdk-amd64/jre/lib/ext/nashorn.jar
7fd74c5a8000-7fd74c5c3000 r--s 00394000 08:01 2772                       /usr/lib/jvm/java-8-openjdk-amd64/jre/lib/ext/cldrdata.jar
7fd74c5c3000-7fd74c5c4000 ---p 00000000 00:00 0 
7fd74c5c4000-7fd74c6c4000 rw-p 00000000 00:00 0 
7fd74c6c4000-7fd74c6c7000 ---p 00000000 00:00 0 
7fd74c6c7000-7fd74c7c5000 rw-p 00000000 00:00 0 
7fd74c7c5000-7fd74c7c8000 ---p 00000000 00:00 0 
7fd74c7c8000-7fd74c8c6000 rw-p 00000000 00:00 0 
7fd74c8c6000-7fd74c8c9000 ---p 00000000 00:00 0 
7fd74c8c9000-7fd74c9c7000 rw-p 00000000 00:00 0 
7fd74c9c7000-7fd74c9ca000 ---p 00000000 00:00 0 
7fd74c9ca000-7fd74cac8000 rw-p 00000000 00:00 0 
7fd74cac8000-7fd74cacb000 ---p 00000000 00:00 0 
7fd74cacb000-7fd74cbc9000 rw-p 00000000 00:00 0 
7fd74cbc9000-7fd74cbcc000 ---p 00000000 00:00 0 
7fd74cbcc000-7fd74ccca000 rw-p 00000000 00:00 0 
7fd74ccca000-7fd74d689000 r--p 00000000 08:01 9193                       /usr/lib/locale/locale-archive
7fd74d689000-7fd74d68c000 ---p 00000000 00:00 0 
7fd74d68c000-7fd74d7d8000 rw-p 00000000 00:00 0 
7fd74d7d8000-7fd74d9a7000 r--s 03c3b000 08:01 2746                       /usr/lib/jvm/java-8-openjdk-amd64/jre/lib/rt.jar
7fd74d9a7000-7fd74d9aa000 ---p 00000000 00:00 0 
7fd74d9aa000-7fd74daa8000 rw-p 00000000 00:00 0 
7fd74daa8000-7fd74daa9000 ---p 00000000 00:00 0 
7fd74daa9000-7fd750000000 rw-p 00000000 00:00 0 
7fd750000000-7fd750021000 rw-p 00000000 00:00 0 
7fd750021000-7fd754000000 ---p 00000000 00:00 0 
7fd754000000-7fd754021000 rw-p 00000000 00:00 0 
7fd754021000-7fd758000000 ---p 00000000 00:00 0 
7fd758000000-7fd758021000 rw-p 00000000 00:00 0 
7fd758021000-7fd75c000000 ---p 00000000 00:00 0 
7fd75c000000-7fd75c021000 rw-p 00000000 00:00 0 
7fd75c021000-7fd760000000 ---p 00000000 00:00 0 
7fd760000000-7fd760021000 rw-p 00000000 00:00 0 
7fd760021000-7fd764000000 ---p 00000000 00:00 0 
7fd764000000-7fd764021000 rw-p 00000000 00:00 0 
7fd764021000-7fd768000000 ---p 00000000 00:00 0 
7fd768000000-7fd768021000 rw-p 00000000 00:00 0 
7fd768021000-7fd76c000000 ---p 00000000 00:00 0 
7fd76c000000-7fd76d000000 rw-p 00000000 00:00 0 
7fd76d000000-7fd76e170000 rwxp 00000000 00:00 0 
7fd76e170000-7fd77c000000 ---p 00000000 00:00 0 
7fd77c000000-7fd77c344000 rw-p 00000000 00:00 0 
7fd77c344000-7fd780000000 ---p 00000000 00:00 0 
7fd780000000-7fd780003000 r--s 00000000 08:01 865075                     /var/cache/fontconfig/de83a0a961185c8bd1f159015d56c039-le64.cache-6
7fd780003000-7fd780005000 r--s 00000000 08:01 865067                     /var/cache/fontconfig/16326683038b281783a0ef8c680e3a10-le64.cache-6
7fd780005000-7fd780006000 r--s 00000000 08:01 865057                     /var/cache/fontconfig/e0aa53bcfa504e64f87823c16bc01eb6-le64.cache-6
7fd780006000-7fd78000d000 r--s 0004f000 08:01 1011189                    /home/tryfon/contiki/tools/cooja/lib/log4j.jar
7fd78000d000-7fd780012000 r--s 0003c000 08:01 2776                       /usr/lib/jvm/java-8-openjdk-amd64/jre/lib/ext/sunjce_provider.jar
7fd780012000-7fd780154000 rw-p 00000000 00:00 0 
7fd780154000-7fd780155000 ---p 00000000 00:00 0 
7fd780155000-7fd780255000 rw-p 00000000 00:00 0 
7fd780255000-7fd780256000 ---p 00000000 00:00 0 
7fd780256000-7fd780356000 rw-p 00000000 00:00 0 
7fd780356000-7fd780357000 ---p 00000000 00:00 0 
7fd780357000-7fd780457000 rw-p 00000000 00:00 0 
7fd780457000-7fd780458000 ---p 00000000 00:00 0 
7fd780458000-7fd780558000 rw-p 00000000 00:00 0 
7fd780558000-7fd780559000 ---p 00000000 00:00 0 
7fd780559000-7fd780659000 rw-p 00000000 00:00 0 
7fd780659000-7fd78065a000 ---p 00000000 00:00 0 
7fd78065a000-7fd78075a000 rw-p 00000000 00:00 0 
7fd78075a000-7fd78075b000 ---p 00000000 00:00 0 
7fd78075b000-7fd78085b000 rw-p 00000000 00:00 0 
7fd78085b000-7fd78085c000 ---p 00000000 00:00 0 
7fd78085c000-7fd780980000 rw-p 00000000 00:00 0 
7fd780980000-7fd780a06000 ---p 00000000 00:00 0 
7fd780a06000-7fd780a5c000 rw-p 00000000 00:00 0 
7fd780a5c000-7fd780aa3000 rw-p 00000000 00:00 0 
7fd780aa3000-7fd780e1d000 ---p 00000000 00:00 0 
7fd780e1d000-7fd780e25000 r-xp 00000000 08:01 2745                       /usr/lib/jvm/java-8-openjdk-amd64/jre/lib/amd64/libzip.so
7fd780e25000-7fd781024000 ---p 00008000 08:01 2745                       /usr/lib/jvm/java-8-openjdk-amd64/jre/lib/amd64/libzip.so
7fd781024000-7fd781025000 r--p 00007000 08:01 2745                       /usr/lib/jvm/java-8-openjdk-amd64/jre/lib/amd64/libzip.so
7fd781025000-7fd781026000 rw-p 00008000 08:01 2745                       /usr/lib/jvm/java-8-openjdk-amd64/jre/lib/amd64/libzip.so
7fd781026000-7fd781031000 r-xp 00000000 08:01 530513                     /lib/x86_64-linux-gnu/libnss_files-2.23.so
7fd781031000-7fd781230000 ---p 0000b000 08:01 530513                     /lib/x86_64-linux-gnu/libnss_files-2.23.so
7fd781230000-7fd781231000 r--p 0000a000 08:01 530513                     /lib/x86_64-linux-gnu/libnss_files-2.23.so
7fd781231000-7fd781232000 rw-p 0000b000 08:01 530513                     /lib/x86_64-linux-gnu/libnss_files-2.23.so
7fd781232000-7fd781238000 rw-p 00000000 00:00 0 
7fd781238000-7fd781243000 r-xp 00000000 08:01 530523                     /lib/x86_64-linux-gnu/libnss_nis-2.23.so
7fd781243000-7fd781442000 ---p 0000b000 08:01 530523                     /lib/x86_64-linux-gnu/libnss_nis-2.23.so
7fd781442000-7fd781443000 r--p 0000a000 08:01 530523                     /lib/x86_64-linux-gnu/libnss_nis-2.23.so
7fd781443000-7fd781444000 rw-p 0000b000 08:01 530523                     /lib/x86_64-linux-gnu/libnss_nis-2.23.so
7fd781444000-7fd78145a000 r-xp 00000000 08:01 530507                     /lib/x86_64-linux-gnu/libnsl-2.23.so
7fd78145a000-7fd781659000 ---p 00016000 08:01 530507                     /lib/x86_64-linux-gnu/libnsl-2.23.so
7fd781659000-7fd78165a000 r--p 00015000 08:01 530507                     /lib/x86_64-linux-gnu/libnsl-2.23.so
7fd78165a000-7fd78165b000 rw-p 00016000 08:01 530507                     /lib/x86_64-linux-gnu/libnsl-2.23.so
7fd78165b000-7fd78165d000 rw-p 00000000 00:00 0 
7fd78165d000-7fd781665000 r-xp 00000000 08:01 530509                     /lib/x86_64-linux-gnu/libnss_compat-2.23.so
7fd781665000-7fd781864000 ---p 00008000 08:01 530509                     /lib/x86_64-linux-gnu/libnss_compat-2.23.so
7fd781864000-7fd781865000 r--p 00007000 08:01 530509                     /lib/x86_64-linux-gnu/libnss_compat-2.23.so
7fd781865000-7fd781866000 rw-p 00008000 08:01 530509                     /lib/x86_64-linux-gnu/libnss_compat-2.23.so
7fd781866000-7fd781892000 r-xp 00000000 08:01 2722                       /usr/lib/jvm/java-8-openjdk-amd64/jre/lib/amd64/libjava.so
7fd781892000-7fd781a91000 ---p 0002c000 08:01 2722                       /usr/lib/jvm/java-8-openjdk-amd64/jre/lib/amd64/libjava.so
7fd781a91000-7fd781a92000 r--p 0002b000 08:01 2722                       /usr/lib/jvm/java-8-openjdk-amd64/jre/lib/amd64/libjava.so
7fd781a92000-7fd781a94000 rw-p 0002c000 08:01 2722                       /usr/lib/jvm/java-8-openjdk-amd64/jre/lib/amd64/libjava.so
7fd781a94000-7fd781aa3000 r-xp 00000000 08:01 2711                       /usr/lib/jvm/java-8-openjdk-amd64/jre/lib/amd64/libverify.so
7fd781aa3000-7fd781ca2000 ---p 0000f000 08:01 2711                       /usr/lib/jvm/java-8-openjdk-amd64/jre/lib/amd64/libverify.so
7fd781ca2000-7fd781ca4000 r--p 0000e000 08:01 2711                       /usr/lib/jvm/java-8-openjdk-amd64/jre/lib/amd64/libverify.so
7fd781ca4000-7fd781ca5000 rw-p 00010000 08:01 2711                       /usr/lib/jvm/java-8-openjdk-amd64/jre/lib/amd64/libverify.so
7fd781ca5000-7fd781cac000 r-xp 00000000 08:01 530568                     /lib/x86_64-linux-gnu/librt-2.23.so
7fd781cac000-7fd781eab000 ---p 00007000 08:01 530568                     /lib/x86_64-linux-gnu/librt-2.23.so
7fd781eab000-7fd781eac000 r--p 00006000 08:01 530568                     /lib/x86_64-linux-gnu/librt-2.23.so
7fd781eac000-7fd781ead000 rw-p 00007000 08:01 530568                     /lib/x86_64-linux-gnu/librt-2.23.so
7fd781ead000-7fd781ec3000 r-xp 00000000 08:01 530452                     /lib/x86_64-linux-gnu/libgcc_s.so.1
7fd781ec3000-7fd7820c2000 ---p 00016000 08:01 530452                     /lib/x86_64-linux-gnu/libgcc_s.so.1
7fd7820c2000-7fd7820c3000 rw-p 00015000 08:01 530452                     /lib/x86_64-linux-gnu/libgcc_s.so.1
7fd7820c3000-7fd7821cb000 r-xp 00000000 08:01 530484                     /lib/x86_64-linux-gnu/libm-2.23.so
7fd7821cb000-7fd7823ca000 ---p 00108000 08:01 530484                     /lib/x86_64-linux-gnu/libm-2.23.so
7fd7823ca000-7fd7823cb000 r--p 00107000 08:01 530484                     /lib/x86_64-linux-gnu/libm-2.23.so
7fd7823cb000-7fd7823cc000 rw-p 00108000 08:01 530484                     /lib/x86_64-linux-gnu/libm-2.23.so
7fd7823cc000-7fd78253e000 r-xp 00000000 08:01 2086                       /usr/lib/x86_64-linux-gnu/libstdc++.so.6.0.21
7fd78253e000-7fd78273e000 ---p 00172000 08:01 2086                       /usr/lib/x86_64-linux-gnu/libstdc++.so.6.0.21
7fd78273e000-7fd782748000 r--p 00172000 08:01 2086                       /usr/lib/x86_64-linux-gnu/libstdc++.so.6.0.21
7fd782748000-7fd78274a000 rw-p 0017c000 08:01 2086                       /usr/lib/x86_64-linux-gnu/libstdc++.so.6.0.21
7fd78274a000-7fd78274e000 rw-p 00000000 00:00 0 
7fd78274e000-7fd7833b2000 r-xp 00000000 08:01 2720                       /usr/lib/jvm/java-8-openjdk-amd64/jre/lib/amd64/server/libjvm.so
7fd7833b2000-7fd7835b1000 ---p 00c64000 08:01 2720                       /usr/lib/jvm/java-8-openjdk-amd64/jre/lib/amd64/server/libjvm.so
7fd7835b1000-7fd783645000 r--p 00c63000 08:01 2720                       /usr/lib/jvm/java-8-openjdk-amd64/jre/lib/amd64/server/libjvm.so
7fd783645000-7fd78366e000 rw-p 00cf7000 08:01 2720                       /usr/lib/jvm/java-8-openjdk-amd64/jre/lib/amd64/server/libjvm.so
7fd78366e000-7fd78369e000 rw-p 00000000 00:00 0 
7fd78369e000-7fd7836b6000 r-xp 00000000 08:01 530560                     /lib/x86_64-linux-gnu/libpthread-2.23.so
7fd7836b6000-7fd7838b5000 ---p 00018000 08:01 530560                     /lib/x86_64-linux-gnu/libpthread-2.23.so
7fd7838b5000-7fd7838b6000 r--p 00017000 08:01 530560                     /lib/x86_64-linux-gnu/libpthread-2.23.so
7fd7838b6000-7fd7838b7000 rw-p 00018000 08:01 530560                     /lib/x86_64-linux-gnu/libpthread-2.23.so
7fd7838b7000-7fd7838bb000 rw-p 00000000 00:00 0 
7fd7838bb000-7fd7838be000 r-xp 00000000 08:01 530438                     /lib/x86_64-linux-gnu/libdl-2.23.so
7fd7838be000-7fd783abd000 ---p 00003000 08:01 530438                     /lib/x86_64-linux-gnu/libdl-2.23.so
7fd783abd000-7fd783abe000 r--p 00002000 08:01 530438                     /lib/x86_64-linux-gnu/libdl-2.23.so
7fd783abe000-7fd783abf000 rw-p 00003000 08:01 530438                     /lib/x86_64-linux-gnu/libdl-2.23.so
7fd783abf000-7fd783ad8000 r-xp 00000000 08:01 530605                     /lib/x86_64-linux-gnu/libz.so.1.2.8
7fd783ad8000-7fd783cd7000 ---p 00019000 08:01 530605                     /lib/x86_64-linux-gnu/libz.so.1.2.8
7fd783cd7000-7fd783cd8000 r--p 00018000 08:01 530605                     /lib/x86_64-linux-gnu/libz.so.1.2.8
7fd783cd8000-7fd783cd9000 rw-p 00019000 08:01 530605                     /lib/x86_64-linux-gnu/libz.so.1.2.8
7fd783cd9000-7fd783e99000 r-xp 00000000 08:01 530414                     /lib/x86_64-linux-gnu/libc-2.23.so
7fd783e99000-7fd784099000 ---p 001c0000 08:01 530414                     /lib/x86_64-linux-gnu/libc-2.23.so
7fd784099000-7fd78409d000 r--p 001c0000 08:01 530414                     /lib/x86_64-linux-gnu/libc-2.23.so
7fd78409d000-7fd78409f000 rw-p 001c4000 08:01 530414                     /lib/x86_64-linux-gnu/libc-2.23.so
7fd78409f000-7fd7840a3000 rw-p 00000000 00:00 0 
7fd7840a3000-7fd7840b0000 r-xp 00000000 08:01 2744                       /usr/lib/jvm/java-8-openjdk-amd64/jre/lib/amd64/jli/libjli.so
7fd7840b0000-7fd7842af000 ---p 0000d000 08:01 2744                       /usr/lib/jvm/java-8-openjdk-amd64/jre/lib/amd64/jli/libjli.so
7fd7842af000-7fd7842b0000 r--p 0000c000 08:01 2744                       /usr/lib/jvm/java-8-openjdk-amd64/jre/lib/amd64/jli/libjli.so
7fd7842b0000-7fd7842b1000 rw-p 0000d000 08:01 2744                       /usr/lib/jvm/java-8-openjdk-amd64/jre/lib/amd64/jli/libjli.so
7fd7842b1000-7fd7842d7000 r-xp 00000000 08:01 530386                     /lib/x86_64-linux-gnu/ld-2.23.so
7fd7842d7000-7fd7842da000 r--s 00022000 08:01 1011187                    /home/tryfon/contiki/tools/cooja/lib/jdom.jar
7fd7842da000-7fd7842dd000 r--s 00039000 08:01 2780                       /usr/lib/jvm/java-8-openjdk-amd64/jre/lib/ext/sunpkcs11.jar
7fd7842dd000-7fd7842df000 r--s 00001000 08:01 2778                       /usr/lib/jvm/java-8-openjdk-amd64/jre/lib/ext/dnsns.jar
7fd7842df000-7fd7842e9000 r--s 00116000 08:01 2779                       /usr/lib/jvm/java-8-openjdk-amd64/jre/lib/ext/localedata.jar
7fd7842e9000-7fd7842eb000 r--s 00008000 08:01 2775                       /usr/lib/jvm/java-8-openjdk-amd64/jre/lib/ext/sunec.jar
7fd7842eb000-7fd784330000 rw-p 00000000 00:00 0 
7fd784330000-7fd7843b7000 ---p 00000000 00:00 0 
7fd7843b7000-7fd7843ba000 ---p 00000000 00:00 0 
7fd7843ba000-7fd7844bc000 rw-p 00000000 00:00 0 
7fd7844bc000-7fd7844bd000 r--s 0000a000 08:01 2777                       /usr/lib/jvm/java-8-openjdk-amd64/jre/lib/ext/jaccess.jar
7fd7844bd000-7fd7844c0000 r--s 0000f000 08:01 2771                       /usr/lib/jvm/java-8-openjdk-amd64/jre/lib/ext/icedtea-sound.jar
7fd7844c0000-7fd7844c1000 r--s 00010000 08:01 2774                       /usr/lib/jvm/java-8-openjdk-amd64/jre/lib/ext/zipfs.jar
7fd7844c1000-7fd7844cb000 rw-p 00000000 00:00 0 
7fd7844cb000-7fd7844d3000 rw-s 00000000 08:01 655471                     /tmp/hsperfdata_tryfon/121714
7fd7844d3000-7fd7844d4000 rw-p 00000000 00:00 0 
7fd7844d4000-7fd7844d5000 r--p 00000000 00:00 0 
7fd7844d5000-7fd7844d6000 rw-p 00000000 00:00 0 
7fd7844d6000-7fd7844d7000 r--p 00025000 08:01 530386                     /lib/x86_64-linux-gnu/ld-2.23.so
7fd7844d7000-7fd7844d8000 rw-p 00026000 08:01 530386                     /lib/x86_64-linux-gnu/ld-2.23.so
7fd7844d8000-7fd7844d9000 rw-p 00000000 00:00 0 
7ffe82bac000-7ffe82bce000 rw-p 00000000 00:00 0                          [stack]
7ffe82bea000-7ffe82bed000 r--p 00000000 00:00 0                          [vvar]
7ffe82bed000-7ffe82bef000 r-xp 00000000 00:00 0                          [vdso]
ffffffffff600000-ffffffffff601000 r-xp 00000000 00:00 0                  [vsyscall]

VM Arguments:
jvm_args: -Dfile.encoding=UTF-8 -Xshare:on -Xmx512m -Duser.language=en 
java_command: org.contikios.cooja.Cooja
java_class_path (initial): /home/tryfon/contiki/tools/cooja/build:/home/tryfon/contiki/tools/cooja/lib/jdom.jar:/home/tryfon/contiki/tools/cooja/lib/log4j.jar:/home/tryfon/contiki/tools/cooja/lib/jsyntaxpane.jar:/home/tryfon/contiki/tools/cooja/lib/swingx-all-1.6.4.jar
Launcher Type: SUN_STANDARD

Environment Variables:
JAVA_HOME=/usr/lib/jvm/java-8-openjdk-amd64
JAVA_TOOL_OPTIONS=-Dfile.encoding=UTF-8
CLASSPATH=:/usr/src/tinyos/support/sdk/java/tinyos.jar
PATH=/home/tryfon/gfc-2.10/src:/home/tryfon/gfc-2.10/examples:/home/tryfon/bin:/home/tryfon/.local/bin:/usr/local/sbin:/usr/local/bin:/usr/sbin:/usr/bin:/sbin:/bin:/usr/games:/usr/local/games:/snap/bin:/opt/msp430-47-expr/bin/:/usr/local/sbin:/usr/local/bin:/usr/sbin:/usr/bin:/sbin:/bin
LD_LIBRARY_PATH=.
SHELL=/bin/bash
DISPLAY=:0

Signal Handlers:
SIGSEGV: [libjvm.so+0xa765a0], sa_mask[0]=11111111011111111101111111111110, sa_flags=SA_RESTART|SA_SIGINFO
SIGBUS: [libjvm.so+0xa765a0], sa_mask[0]=11111111011111111101111111111110, sa_flags=SA_RESTART|SA_SIGINFO
SIGFPE: [libjvm.so+0x8bd800], sa_mask[0]=11111111011111111101111111111110, sa_flags=SA_RESTART|SA_SIGINFO
SIGPIPE: [libjvm.so+0x8bd800], sa_mask[0]=11111111011111111101111111111110, sa_flags=SA_RESTART|SA_SIGINFO
SIGXFSZ: [libjvm.so+0x8bd800], sa_mask[0]=11111111011111111101111111111110, sa_flags=SA_RESTART|SA_SIGINFO
SIGILL: [libjvm.so+0x8bd800], sa_mask[0]=11111111011111111101111111111110, sa_flags=SA_RESTART|SA_SIGINFO
SIGUSR1: SIG_DFL, sa_mask[0]=00000000000000000000000000000000, sa_flags=none
SIGUSR2: [libjvm.so+0x8bd6b0], sa_mask[0]=00100000000000000000000000000000, sa_flags=SA_RESTART|SA_SIGINFO
SIGHUP: [libjvm.so+0x8bdd40], sa_mask[0]=11111111011111111101111111111110, sa_flags=SA_RESTART|SA_SIGINFO
SIGINT: [libjvm.so+0x8bdd40], sa_mask[0]=11111111011111111101111111111110, sa_flags=SA_RESTART|SA_SIGINFO
SIGTERM: [libjvm.so+0x8bdd40], sa_mask[0]=11111111011111111101111111111110, sa_flags=SA_RESTART|SA_SIGINFO
SIGQUIT: [libjvm.so+0x8bdd40], sa_mask[0]=11111111011111111101111111111110, sa_flags=SA_RESTART|SA_SIGINFO


---------------  S Y S T E M  ---------------

OS:DISTRIB_ID=Ubuntu
DISTRIB_RELEASE=16.04
DISTRIB_CODENAME=xenial
DISTRIB_DESCRIPTION="Ubuntu 16.04.4 LTS"

uname:Linux 4.15.0-52-generic #56~16.04.1-Ubuntu SMP Thu Jun 6 12:03:31 UTC 2019 x86_64
libc:glibc 2.23 NPTL 2.23 
rlimit: STACK 8192k, CORE 0k, NPROC 27402, NOFILE 1048576, AS infinity
load average:1.18 7.96 5.07

/proc/meminfo:
MemTotal:        7075352 kB
MemFree:          715188 kB
MemAvailable:    4431744 kB
Buffers:          598000 kB
Cached:          2602504 kB
SwapCached:            0 kB
Active:          3569828 kB
Inactive:        1307184 kB
Active(anon):    1678616 kB
Inactive(anon):    59988 kB
Active(file):    1891212 kB
Inactive(file):  1247196 kB
Unevictable:          48 kB
Mlocked:              48 kB
SwapTotal:       5530620 kB
SwapFree:        5530620 kB
Dirty:                48 kB
Writeback:             0 kB
AnonPages:       1676672 kB
Mapped:           393408 kB
Shmem:             62100 kB
Slab:            1051600 kB
SReclaimable:     879828 kB
SUnreclaim:       171772 kB
KernelStack:       13264 kB
PageTables:        33660 kB
NFS_Unstable:          0 kB
Bounce:                0 kB
WritebackTmp:          0 kB
CommitLimit:     9068296 kB
Committed_AS:    5902188 kB
VmallocTotal:   34359738367 kB
VmallocUsed:           0 kB
VmallocChunk:          0 kB
HardwareCorrupted:     0 kB
AnonHugePages:         0 kB
ShmemHugePages:        0 kB
ShmemPmdMapped:        0 kB
CmaTotal:              0 kB
CmaFree:               0 kB
HugePages_Total:       0
HugePages_Free:        0
HugePages_Rsvd:        0
HugePages_Surp:        0
Hugepagesize:       2048 kB
DirectMap4k:      427840 kB
DirectMap2M:     6875136 kB
DirectMap1G:           0 kB

container (cgroup) information:
container_type: cgroupv1
cpu_cpuset_cpus: 0-7
cpu_memory_nodes: 0
active_processor_count: 8
cpu_quota: -1
cpu_period: 100000
cpu_shares: -1
memory_limit_in_bytes: -1
memory_and_swap_limit_in_bytes: -2
memory_soft_limit_in_bytes: -1
memory_usage_in_bytes: 3677106176
memory_max_usage_in_bytes: 3974991872


CPU:total 8 (initial active 8) (2 cores per cpu, 1 threads per core) family 6 model 60 stepping 3, cmov, cx8, fxsr, mmx, sse, sse2, sse3, ssse3, sse4.1, sse4.2, popcnt, avx, avx2, aes, clmul, erms, lzcnt, tsc, tscinvbit, bmi1, bmi2

/proc/cpuinfo:
processor	: 0
vendor_id	: GenuineIntel
cpu family	: 6
model		: 60
model name	: Intel(R) Core(TM) i7-4702MQ CPU @ 2.20GHz
stepping	: 3
microcode	: 0x25
cpu MHz		: 2201.000
cache size	: 6144 KB
physical id	: 0
siblings	: 2
core id		: 0
cpu cores	: 2
apicid		: 0
initial apicid	: 0
fpu		: yes
fpu_exception	: yes
cpuid level	: 13
wp		: yes
flags		: fpu vme de pse tsc msr pae mce cx8 apic sep mtrr pge mca cmov pat pse36 clflush dts mmx fxsr sse sse2 ss ht syscall nx pdpe1gb rdtscp lm constant_tsc arch_perfmon pebs bts nopl xtopology tsc_reliable nonstop_tsc cpuid aperfmperf pni pclmulqdq ssse3 fma cx16 pcid sse4_1 sse4_2 x2apic movbe popcnt tsc_deadline_timer aes xsave avx f16c rdrand hypervisor lahf_lm abm cpuid_fault epb invpcid_single pti fsgsbase tsc_adjust bmi1 avx2 smep bmi2 invpcid xsaveopt dtherm ida arat pln pts
bugs		: cpu_meltdown spectre_v1 spectre_v2 spec_store_bypass l1tf mds
bogomips	: 4402.00
clflush size	: 64
cache_alignment	: 64
address sizes	: 42 bits physical, 48 bits virtual
power management:

processor	: 1
vendor_id	: GenuineIntel
cpu family	: 6
model		: 60
model name	: Intel(R) Core(TM) i7-4702MQ CPU @ 2.20GHz
stepping	: 3
microcode	: 0x25
cpu MHz		: 2201.000
cache size	: 6144 KB
physical id	: 0
siblings	: 2
core id		: 1
cpu cores	: 2
apicid		: 1
initial apicid	: 1
fpu		: yes
fpu_exception	: yes
cpuid level	: 13
wp		: yes
flags		: fpu vme de pse tsc msr pae mce cx8 apic sep mtrr pge mca cmov pat pse36 clflush dts mmx fxsr sse sse2 ss ht syscall nx pdpe1gb rdtscp lm constant_tsc arch_perfmon pebs bts nopl xtopology tsc_reliable nonstop_tsc cpuid aperfmperf pni pclmulqdq ssse3 fma cx16 pcid sse4_1 sse4_2 x2apic movbe popcnt tsc_deadline_timer aes xsave avx f16c rdrand hypervisor lahf_lm abm cpuid_fault epb invpcid_single pti fsgsbase tsc_adjust bmi1 avx2 smep bmi2 invpcid xsaveopt dtherm ida arat pln pts
bugs		: cpu_meltdown spectre_v1 spectre_v2 spec_store_bypass l1tf mds
bogomips	: 4402.00
clflush size	: 64
cache_alignment	: 64
address sizes	: 42 bits physical, 48 bits virtual
power management:

processor	: 2
vendor_id	: GenuineIntel
cpu family	: 6
model		: 60
model name	: Intel(R) Core(TM) i7-4702MQ CPU @ 2.20GHz
stepping	: 3
microcode	: 0x25
cpu MHz		: 2201.000
cache size	: 6144 KB
physical id	: 1
siblings	: 2
core id		: 0
cpu cores	: 2
apicid		: 2
initial apicid	: 2
fpu		: yes
fpu_exception	: yes
cpuid level	: 13
wp		: yes
flags		: fpu vme de pse tsc msr pae mce cx8 apic sep mtrr pge mca cmov pat pse36 clflush dts mmx fxsr sse sse2 ss ht syscall nx pdpe1gb rdtscp lm constant_tsc arch_perfmon pebs bts nopl xtopology tsc_reliable nonstop_tsc cpuid aperfmperf pni pclmulqdq ssse3 fma cx16 pcid sse4_1 sse4_2 x2apic movbe popcnt tsc_deadline_timer aes xsave avx f16c rdrand hypervisor lahf_lm abm cpuid_fault epb invpcid_single pti fsgsbase tsc_adjust bmi1 avx2 smep bmi2 invpcid xsaveopt dtherm ida arat pln pts
bugs		: cpu_meltdown spectre_v1 spectre_v2 spec_store_bypass l1tf mds
bogomips	: 4402.00
clflush size	: 64
cache_alignment	: 64
address sizes	: 42 bits physical, 48 bits virtual
power management:

processor	: 3
vendor_id	: GenuineIntel
cpu family	: 6
model		: 60
model name	: Intel(R) Core(TM) i7-4702MQ CPU @ 2.20GHz
stepping	: 3
microcode	: 0x25
cpu MHz		: 2201.000
cache size	: 6144 KB
physical id	: 1
siblings	: 2
core id		: 1
cpu cores	: 2
apicid		: 3
initial apicid	: 3
fpu		: yes
fpu_exception	: yes
cpuid level	: 13
wp		: yes
flags		: fpu vme de pse tsc msr pae mce cx8 apic sep mtrr pge mca cmov pat pse36 clflush dts mmx fxsr sse sse2 ss ht syscall nx pdpe1gb rdtscp lm constant_tsc arch_perfmon pebs bts nopl xtopology tsc_reliable nonstop_tsc cpuid aperfmperf pni pclmulqdq ssse3 fma cx16 pcid sse4_1 sse4_2 x2apic movbe popcnt tsc_deadline_timer aes xsave avx f16c rdrand hypervisor lahf_lm abm cpuid_fault epb invpcid_single pti fsgsbase tsc_adjust bmi1 avx2 smep bmi2 invpcid xsaveopt dtherm ida arat pln pts
bugs		: cpu_meltdown spectre_v1 spectre_v2 spec_store_bypass l1tf mds
bogomips	: 4402.00
clflush size	: 64
cache_alignment	: 64
address sizes	: 42 bits physical, 48 bits virtual
power management:

processor	: 4
vendor_id	: GenuineIntel
cpu family	: 6
model		: 60
model name	: Intel(R) Core(TM) i7-4702MQ CPU @ 2.20GHz
stepping	: 3
microcode	: 0x25
cpu MHz		: 2201.000
cache size	: 6144 KB
physical id	: 2
siblings	: 2
core id		: 0
cpu cores	: 2
apicid		: 4
initial apicid	: 4
fpu		: yes
fpu_exception	: yes
cpuid level	: 13
wp		: yes
flags		: fpu vme de pse tsc msr pae mce cx8 apic sep mtrr pge mca cmov pat pse36 clflush dts mmx fxsr sse sse2 ss ht syscall nx pdpe1gb rdtscp lm constant_tsc arch_perfmon pebs bts nopl xtopology tsc_reliable nonstop_tsc cpuid aperfmperf pni pclmulqdq ssse3 fma cx16 pcid sse4_1 sse4_2 x2apic movbe popcnt tsc_deadline_timer aes xsave avx f16c rdrand hypervisor lahf_lm abm cpuid_fault epb invpcid_single pti fsgsbase tsc_adjust bmi1 avx2 smep bmi2 invpcid xsaveopt dtherm ida arat pln pts
bugs		: cpu_meltdown spectre_v1 spectre_v2 spec_store_bypass l1tf mds
bogomips	: 4402.00
clflush size	: 64
cache_alignment	: 64
address sizes	: 42 bits physical, 48 bits virtual
power management:

processor	: 5
vendor_id	: GenuineIntel
cpu family	: 6
model		: 60
model name	: Intel(R) Core(TM) i7-4702MQ CPU @ 2.20GHz
stepping	: 3
microcode	: 0x25
cpu MHz		: 2201.000
cache size	: 6144 KB
physical id	: 2
siblings	: 2
core id		: 1
cpu cores	: 2
apicid		: 5
initial apicid	: 5
fpu		: yes
fpu_exception	: yes
cpuid level	: 13
wp		: yes
flags		: fpu vme de pse tsc msr pae mce cx8 apic sep mtrr pge mca cmov pat pse36 clflush dts mmx fxsr sse sse2 ss ht syscall nx pdpe1gb rdtscp lm constant_tsc arch_perfmon pebs bts nopl xtopology tsc_reliable nonstop_tsc cpuid aperfmperf pni pclmulqdq ssse3 fma cx16 pcid sse4_1 sse4_2 x2apic movbe popcnt tsc_deadline_timer aes xsave avx f16c rdrand hypervisor lahf_lm abm cpuid_fault epb invpcid_single pti fsgsbase tsc_adjust bmi1 avx2 smep bmi2 invpcid xsaveopt dtherm ida arat pln pts
bugs		: cpu_meltdown spectre_v1 spectre_v2 spec_store_bypass l1tf mds
bogomips	: 4402.00
clflush size	: 64
cache_alignment	: 64
address sizes	: 42 bits physical, 48 bits virtual
power management:

processor	: 6
vendor_id	: GenuineIntel
cpu family	: 6
model		: 60
model name	: Intel(R) Core(TM) i7-4702MQ CPU @ 2.20GHz
stepping	: 3
microcode	: 0x25
cpu MHz		: 2201.000
cache size	: 6144 KB
physical id	: 3
siblings	: 2
core id		: 0
cpu cores	: 2
apicid		: 6
initial apicid	: 6
fpu		: yes
fpu_exception	: yes
cpuid level	: 13
wp		: yes
flags		: fpu vme de pse tsc msr pae mce cx8 apic sep mtrr pge mca cmov pat pse36 clflush dts mmx fxsr sse sse2 ss ht syscall nx pdpe1gb rdtscp lm constant_tsc arch_perfmon pebs bts nopl xtopology tsc_reliable nonstop_tsc cpuid aperfmperf pni pclmulqdq ssse3 fma cx16 pcid sse4_1 sse4_2 x2apic movbe popcnt tsc_deadline_timer aes xsave avx f16c rdrand hypervisor lahf_lm abm cpuid_fault epb invpcid_single pti fsgsbase tsc_adjust bmi1 avx2 smep bmi2 invpcid xsaveopt dtherm ida arat pln pts
bugs		: cpu_meltdown spectre_v1 spectre_v2 spec_store_bypass l1tf mds
bogomips	: 4402.00
clflush size	: 64
cache_alignment	: 64
address sizes	: 42 bits physical, 48 bits virtual
power management:

processor	: 7
vendor_id	: GenuineIntel
cpu family	: 6
model		: 60
model name	: Intel(R) Core(TM) i7-4702MQ CPU @ 2.20GHz
stepping	: 3
microcode	: 0x25
cpu MHz		: 2201.000
cache size	: 6144 KB
physical id	: 3
siblings	: 2
core id		: 1
cpu cores	: 2
apicid		: 7
initial apicid	: 7
fpu		: yes
fpu_exception	: yes
cpuid level	: 13
wp		: yes
flags		: fpu vme de pse tsc msr pae mce cx8 apic sep mtrr pge mca cmov pat pse36 clflush dts mmx fxsr sse sse2 ss ht syscall nx pdpe1gb rdtscp lm constant_tsc arch_perfmon pebs bts nopl xtopology tsc_reliable nonstop_tsc cpuid aperfmperf pni pclmulqdq ssse3 fma cx16 pcid sse4_1 sse4_2 x2apic movbe popcnt tsc_deadline_timer aes xsave avx f16c rdrand hypervisor lahf_lm abm cpuid_fault epb invpcid_single pti fsgsbase tsc_adjust bmi1 avx2 smep bmi2 invpcid xsaveopt dtherm ida arat pln pts
bugs		: cpu_meltdown spectre_v1 spectre_v2 spec_store_bypass l1tf mds
bogomips	: 4402.00
clflush size	: 64
cache_alignment	: 64
address sizes	: 42 bits physical, 48 bits virtual
power management:



Memory: 4k page, physical 7075352k(715188k free), swap 5530620k(5530620k free)

vm_info: OpenJDK 64-Bit Server VM (25.212-b03) for linux-amd64 JRE (1.8.0_212-8u212-b03-0ubuntu1.16.04.1-b03), built on Apr 26 2019 02:02:50 by "buildd" with gcc 5.4.0 20160609

time: Fri Jul 12 14:10:58 2019
timezone: PDT
elapsed time: 200 seconds (0d 0h 3m 20s)

