#
# A fatal error has been detected by the Java Runtime Environment:
#
#  SIGSEGV (0xb) at pc=0x00007f18ea9840e6, pid=67327, tid=0x00007f18b06e3700
#
# JRE version: OpenJDK Runtime Environment (8.0_222-b10) (build 1.8.0_222-8u222-b10-1ubuntu1~16.04.1-b10)
# Java VM: OpenJDK 64-Bit Server VM (25.222-b10 mixed mode, sharing linux-amd64 compressed oops)
# Problematic frame:
# C  [libc.so.6+0x14e0e6]
#
# Failed to write core dump. Core dumps have been disabled. To enable core dumping, try "ulimit -c unlimited" before starting Java again
#
# If you would like to submit a bug report, please visit:
#   http://bugreport.java.com/bugreport/crash.jsp
# The crash happened outside the Java Virtual Machine in native code.
# See problematic frame for where to report the bug.
#

---------------  T H R E A D  ---------------

Current thread (0x00007f1870312000):  JavaThread "Thread-74" [_thread_in_native, id=69829, stack(0x00007f18b05e3000,0x00007f18b06e4000)]

siginfo: si_signo: 11 (SIGSEGV), si_code: 2 (SEGV_ACCERR), si_addr: 0x00007f18b305df40

Registers:
RAX=0x0000000000000080, RBX=0x00007f18b330b290, RCX=0x00007f17e0000ff0, RDX=0x0000000000000370
RSP=0x00007f18b06e2818, RBP=0x00007f18b06e2850, RSI=0x00007f17e0000c80, RDI=0x00007f18b305df40
R8 =0x00007f18b305df20, R9 =0x000000000021b640, R10=0x00007f18b305df20, R11=0x0000000000000020
R12=0x0000000000000000, R13=0x00007f18b330b290, R14=0x00007f18b06e2900, R15=0x00007f1870312000
RIP=0x00007f18ea9840e6, EFLAGS=0x0000000000010202, CSGSFS=0x002b000000000033, ERR=0x0000000000000007
  TRAPNO=0x000000000000000e

Top of Stack: (sp=0x00007f18b06e2818)
0x00007f18b06e2818:   00007f18b2e4fca1 00007f18b06e28e8
0x00007f18b06e2828:   0021b64000000410 00007f18b06e2900
0x00007f18b06e2838:   00007f18703121e0 0000000000000000
0x00007f18b06e2848:   00007f17e0000be0 00007f18b06e28c8
0x00007f18b06e2858:   00007f18d47d8507 00007f18b330b290
0x00007f18b06e2868:   00007f18b06e2900 00007f18b06e28c8
0x00007f18b06e2878:   00007f18d47d8267 00007f18d47d8222
0x00007f18b06e2888:   00007f18b06e2888 0000000000000000
0x00007f18b06e2898:   00007f18b06e2900 00007f18b330b2f8
0x00007f18b06e28a8:   0000000000000000 00007f18b330b290
0x00007f18b06e28b8:   0000000000000000 00007f18b06e2910
0x00007f18b06e28c8:   00000000e1152c68 00007f18d59012c8
0x00007f18b06e28d8:   0000000000000000 00007f18d47d1af8
0x00007f18b06e28e8:   00000000e127c480 00007f1800000410
0x00007f18b06e28f8:   00007f180021b640 00000000e1150e08
0x00007f18b06e2908:   00007f18d59012c8 00000000e1152c68
0x00007f18b06e2918:   0000000000000000 0000001000000002
0x00007f18b06e2928:   0000000100000000 00000000e1269af0
0x00007f18b06e2938:   e1152c68e1269a60 00000008012626e0
0x00007f18b06e2948:   00000000e12671e0 0000000000000000
0x00007f18b06e2958:   00007f1800000001 00007f18b06e2980
0x00007f18b06e2968:   0000000000000293 00000000e1267208
0x00007f18b06e2978:   00007f18d5fabbb8 0000000802485670
0x00007f18b06e2988:   0000016c6daae1e3 0000000000000007
0x00007f18b06e2998:   0000000801057f18 0000000801190708
0x00007f18b06e29a8:   00000000e0ec7ee0 0000000801190708
0x00007f18b06e29b8:   0000000000000000 00000000e0d35b00
0x00007f18b06e29c8:   00007f1870149ba0 00007f18b06e2a20
0x00007f18b06e29d8:   00007f18e9ca60d4 0000000000000001
0x00007f18b06e29e8:   00007f1800000005 00007f18b06e2a58
0x00007f18b06e29f8:   00007f18d47c80e6 0000000801022e98
0x00007f18b06e2a08:   00007f18d47c80e6 00000000e0ec7ee0 

Instructions: (pc=0x00007f18ea9840e6)
0x00007f18ea9840c6:   f0 c5 fe 6f 26 4c 01 de 29 c2 c5 fe 6f 06 c5 fe
0x00007f18ea9840d6:   6f 4e 20 c5 fe 6f 56 40 c5 fe 6f 5e 60 48 01 c6
0x00007f18ea9840e6:   c5 fd 7f 07 c5 fd 7f 4f 20 c5 fd 7f 57 40 c5 fd
0x00007f18ea9840f6:   7f 5f 60 48 01 c7 29 c2 73 d0 01 c2 48 01 fa c4 

Register to memory mapping:

RAX=0x0000000000000080 is an unknown value
RBX={method} {0x00007f18b330b290} 'setMemory' '(II[B)V' in 'org/contikios/cooja/corecomm/Lib14'
RCX=0x00007f17e0000ff0 is an unknown value
RDX=0x0000000000000370 is an unknown value
RSP=0x00007f18b06e2818 is pointing into the stack for thread: 0x00007f1870312000
RBP=0x00007f18b06e2850 is pointing into the stack for thread: 0x00007f1870312000
RSI=0x00007f17e0000c80 is an unknown value
RDI=0x00007f18b305df40: <offset 0x219f40> in /home/tryfon/coral/contiki/coral_dual/obj_cooja/mtype57.cooja at 0x00007f18b2e44000
R8 =0x00007f18b305df20: <offset 0x219f20> in /home/tryfon/coral/contiki/coral_dual/obj_cooja/mtype57.cooja at 0x00007f18b2e44000
R9 =0x000000000021b640 is an unknown value
R10=0x00007f18b305df20: <offset 0x219f20> in /home/tryfon/coral/contiki/coral_dual/obj_cooja/mtype57.cooja at 0x00007f18b2e44000
R11=0x0000000000000020 is an unknown value
R12=0x0000000000000000 is an unknown value
R13={method} {0x00007f18b330b290} 'setMemory' '(II[B)V' in 'org/contikios/cooja/corecomm/Lib14'
R14=0x00007f18b06e2900 is pointing into the stack for thread: 0x00007f1870312000
R15=0x00007f1870312000 is a thread


Stack: [0x00007f18b05e3000,0x00007f18b06e4000],  sp=0x00007f18b06e2818,  free space=1022k
Native frames: (J=compiled Java code, j=interpreted, Vv=VM code, C=native code)
C  [libc.so.6+0x14e0e6]
j  org.contikios.cooja.corecomm.Lib14.setMemory(II[B)V+0
J 6378 C2 org.contikios.cooja.motes.AbstractWakeupMote$1.execute(J)V (9 bytes) @ 0x00007f18d59012c8 [0x00007f18d5900c00+0x6c8]
J 9479 C2 org.contikios.cooja.Simulation.run()V (427 bytes) @ 0x00007f18d5fabbb8 [0x00007f18d5fab8a0+0x318]
j  java.lang.Thread.run()V+11
v  ~StubRoutines::call_stub
V  [libjvm.so+0x6685d0]
V  [libjvm.so+0x665ab4]
V  [libjvm.so+0x666097]
V  [libjvm.so+0x6aa4b4]
V  [libjvm.so+0xa1c777]
V  [libjvm.so+0xa1cb60]
V  [libjvm.so+0x8c3102]
C  [libpthread.so.0+0x76ba]  start_thread+0xca

Java frames: (J=compiled Java code, j=interpreted, Vv=VM code)
j  org.contikios.cooja.corecomm.Lib14.setMemory(II[B)V+0
J 6378 C2 org.contikios.cooja.motes.AbstractWakeupMote$1.execute(J)V (9 bytes) @ 0x00007f18d59012c8 [0x00007f18d5900c00+0x6c8]
J 9479 C2 org.contikios.cooja.Simulation.run()V (427 bytes) @ 0x00007f18d5fabbb8 [0x00007f18d5fab8a0+0x318]
j  java.lang.Thread.run()V+11
v  ~StubRoutines::call_stub

---------------  P R O C E S S  ---------------

Java Threads: ( => current thread )
=>0x00007f1870312000 JavaThread "Thread-74" [_thread_in_native, id=69829, stack(0x00007f18b05e3000,0x00007f18b06e4000)]
  0x00007f17f000a800 JavaThread "Thread-73" [_thread_in_native, id=69828, stack(0x00007f18b02be000,0x00007f18b03bf000)]
  0x00007f17f0006000 JavaThread "Thread-70" [_thread_blocked, id=69805, stack(0x00007f18b185f000,0x00007f18b1960000)]
  0x00007f17f0002000 JavaThread "Thread-68" [_thread_blocked, id=69743, stack(0x00007f18c81af000,0x00007f18c82b0000)]
  0x00007f17f0001000 JavaThread "process reaper" daemon [_thread_blocked, id=69710, stack(0x00007f18c82b0000,0x00007f18c82e9000)]
  0x00007f1860024000 JavaThread "Thread-62" [_thread_blocked, id=69638, stack(0x00007f18b0d30000,0x00007f18b0e31000)]
  0x00007f1860015800 JavaThread "Thread-60" [_thread_blocked, id=69578, stack(0x00007f18b1b84000,0x00007f18b1c85000)]
  0x00007f18702f0800 JavaThread "Thread-59" [_thread_blocked, id=69481, stack(0x00007f18b1158000,0x00007f18b1259000)]
  0x00007f18701e3800 JavaThread "Thread-58" [_thread_blocked, id=69464, stack(0x00007f18b1259000,0x00007f18b135a000)]
  0x00007f18701ff800 JavaThread "Thread-57" [_thread_blocked, id=69436, stack(0x00007f18b135a000,0x00007f18b145b000)]
  0x00007f18702df800 JavaThread "Thread-56" [_thread_blocked, id=69420, stack(0x00007f18b145b000,0x00007f18b155c000)]
  0x00007f18703b5000 JavaThread "Thread-55" [_thread_blocked, id=69402, stack(0x00007f18b155c000,0x00007f18b165d000)]
  0x00007f1870347800 JavaThread "Thread-54" [_thread_blocked, id=69389, stack(0x00007f18b165d000,0x00007f18b175e000)]
  0x00007f18702cc000 JavaThread "Thread-53" [_thread_blocked, id=69366, stack(0x00007f18b175e000,0x00007f18b185f000)]
  0x00007f1870144000 JavaThread "Thread-52" [_thread_blocked, id=69353, stack(0x00007f18b2c42000,0x00007f18b2d43000)]
  0x00007f187033b800 JavaThread "Thread-51" [_thread_blocked, id=69313, stack(0x00007f18b23f5000,0x00007f18b24f6000)]
  0x00007f1824009000 JavaThread "Thread-46" [_thread_blocked, id=68638, stack(0x00007f18b1c85000,0x00007f18b1d86000)]
  0x00007f1824004000 JavaThread "Thread-44" [_thread_blocked, id=68579, stack(0x00007f18b2b41000,0x00007f18b2c42000)]
  0x00007f1870200800 JavaThread "Thread-42" [_thread_blocked, id=68410, stack(0x00007f18c03af000,0x00007f18c04b0000)]
  0x00007f1844009000 JavaThread "Thread-36" [_thread_blocked, id=68241, stack(0x00007f18b281b000,0x00007f18b291c000)]
  0x00007f1844007000 JavaThread "Thread-34" [_thread_blocked, id=68181, stack(0x00007f18b37b2000,0x00007f18b38b3000)]
  0x00007f1860014800 JavaThread "Thread-28" [_thread_blocked, id=67964, stack(0x00007f18b271a000,0x00007f18b281b000)]
  0x00007f1860010800 JavaThread "Thread-26" [_thread_blocked, id=67904, stack(0x00007f18b2d43000,0x00007f18b2e44000)]
  0x00007f1870156000 JavaThread "Thread-25" [_thread_blocked, id=67865, stack(0x00007f18b348d000,0x00007f18b358e000)]
  0x00007f186000c000 JavaThread "Thread-23" [_thread_blocked, id=67843, stack(0x00007f18c0efe000,0x00007f18c0fff000)]
  0x00007f1860009000 JavaThread "Thread-21" [_thread_blocked, id=67788, stack(0x00007f18b3cda000,0x00007f18b3ddb000)]
  0x00007f1858016800 JavaThread "Thread-15" [_thread_blocked, id=67675, stack(0x00007f18b38b3000,0x00007f18b39b4000)]
  0x00007f185800f800 JavaThread "Thread-13" [_thread_blocked, id=67615, stack(0x00007f18b3bd9000,0x00007f18b3cda000)]
  0x00007f1870153800 JavaThread "Thread-12" [_thread_blocked, id=67575, stack(0x00007f18c02ae000,0x00007f18c03af000)]
  0x00007f1858017800 JavaThread "Thread-10" [_thread_blocked, id=67553, stack(0x00007f18c82e9000,0x00007f18c83ea000)]
  0x00007f18680a0000 JavaThread "Thread-5" [_thread_in_native, id=67480, stack(0x00007f18c0bd8000,0x00007f18c0cd9000)]
  0x00007f1868037000 JavaThread "Thread-3" [_thread_blocked, id=67458, stack(0x00007f18c0ad7000,0x00007f18c0bd8000)]
  0x00007f1868064000 JavaThread "Thread-1" [_thread_blocked, id=67397, stack(0x00007f18c80ae000,0x00007f18c81af000)]
  0x00007f1870032000 JavaThread "TimerQueue" daemon [_thread_blocked, id=67355, stack(0x00007f18c83ec000,0x00007f18c84ed000)]
  0x00007f18e400b000 JavaThread "DestroyJavaVM" [_thread_blocked, id=67331, stack(0x00007f18eaf14000,0x00007f18eb015000)]
  0x00007f18e4349000 JavaThread "AWT-EventQueue-0" [_thread_blocked, id=67354, stack(0x00007f18c8611000,0x00007f18c8712000)]
  0x00007f18e4347000 JavaThread "AWT-Shutdown" [_thread_blocked, id=67353, stack(0x00007f18c8712000,0x00007f18c8813000)]
  0x00007f18e42e1000 JavaThread "AWT-XAWT" daemon [_thread_in_native, id=67352, stack(0x00007f18c8c3d000,0x00007f18c8d3e000)]
  0x00007f18e42c8000 JavaThread "Java2D Disposer" daemon [_thread_blocked, id=67351, stack(0x00007f18c914e000,0x00007f18c924f000)]
  0x00007f18e4089800 JavaThread "Service Thread" daemon [_thread_blocked, id=67349, stack(0x00007f18cb13c000,0x00007f18cb23d000)]
  0x00007f18e4086800 JavaThread "C1 CompilerThread3" daemon [_thread_blocked, id=67348, stack(0x00007f18cb23d000,0x00007f18cb33e000)]
  0x00007f18e407c800 JavaThread "C2 CompilerThread2" daemon [_thread_blocked, id=67347, stack(0x00007f18cb33e000,0x00007f18cb43f000)]
  0x00007f18e407a800 JavaThread "C2 CompilerThread1" daemon [_thread_blocked, id=67346, stack(0x00007f18cb43f000,0x00007f18cb540000)]
  0x00007f18e4078000 JavaThread "C2 CompilerThread0" daemon [_thread_blocked, id=67345, stack(0x00007f18cb540000,0x00007f18cb641000)]
  0x00007f18e4076000 JavaThread "Signal Dispatcher" daemon [_thread_blocked, id=67344, stack(0x00007f18d00f5000,0x00007f18d01f6000)]
  0x00007f18e4069800 JavaThread "Finalizer" daemon [_thread_blocked, id=67343, stack(0x00007f18d01f6000,0x00007f18d02f7000)]
  0x00007f18e405d000 JavaThread "Reference Handler" daemon [_thread_blocked, id=67342, stack(0x00007f18d0515000,0x00007f18d0616000)]

Other Threads:
  0x00007f18e405a000 VMThread [stack: 0x00007f18d0616000,0x00007f18d0717000] [id=67341]
  0x00007f18e4094000 WatcherThread [stack: 0x00007f18cb03b000,0x00007f18cb13c000] [id=67350]

VM state:not at safepoint (normal execution)

VM Mutex/Monitor currently owned by a thread: None

heap address: 0x00000000e0000000, size: 512 MB, Compressed Oops mode: 32-bit
Narrow klass base: 0x0000000800000000, Narrow klass shift: 0
Compressed class space size: 1073741824 Address: 0x000000080241e000

Heap:
 PSYoungGen      total 154624K, used 115974K [0x00000000f5580000, 0x00000000ffc80000, 0x0000000100000000)
  eden space 153600K, 75% used [0x00000000f5580000,0x00000000fc631b48,0x00000000feb80000)
  from space 1024K, 56% used [0x00000000ffb80000,0x00000000ffc10000,0x00000000ffc80000)
  to   space 4608K, 0% used [0x00000000ff380000,0x00000000ff380000,0x00000000ff800000)
 ParOldGen       total 73728K, used 22615K [0x00000000e0000000, 0x00000000e4800000, 0x00000000f5580000)
  object space 73728K, 30% used [0x00000000e0000000,0x00000000e1615dc8,0x00000000e4800000)
 Metaspace       used 15079K, capacity 15346K, committed 15744K, reserved 1062912K
  class space    used 1706K, capacity 1788K, committed 1920K, reserved 1048576K

Card table byte_map: [0x00007f18e80bc000,0x00007f18e81bd000] byte_map_base: 0x00007f18e79bc000

Marking Bits: (ParMarkBitMap*) 0x00007f18ea1de540
 Begin Bits: [0x00007f18d2bf8000, 0x00007f18d33f8000)
 End Bits:   [0x00007f18d33f8000, 0x00007f18d3bf8000)

Polling page: 0x00007f18eb031000

CodeCache: size=245760Kb used=24995Kb max_used=25172Kb free=220764Kb
 bounds [0x00007f18d47c0000, 0x00007f18d6090000, 0x00007f18e37c0000]
 total_blobs=7497 nmethods=6837 adapters=571
 compilation: enabled

Compilation events (10 events):
Event: 12289.524 Thread 0x00007f18e4086800 9706       3       javax.swing.table.DefaultTableColumnModel::invalidateWidthCache (6 bytes)
Event: 12289.525 Thread 0x00007f18e4086800 nmethod 9706 0x00007f18d5ea2690 code [0x00007f18d5ea27e0, 0x00007f18d5ea2930]
Event: 12289.609 Thread 0x00007f18e4086800 9707       3       org.contikios.cooja.plugins.TimeLine$RadioHWEvent::getEventColor (13 bytes)
Event: 12289.610 Thread 0x00007f18e4086800 nmethod 9707 0x00007f18d5592250 code [0x00007f18d55923c0, 0x00007f18d5592570]
Event: 12289.678 Thread 0x00007f18e407a800 9708 %     4       org.contikios.cooja.dialogs.TableColumnAdjuster::adjustColumnsForNewRows @ 85 (134 bytes)
Event: 12289.687 Thread 0x00007f18e4086800 9709       3       javax.swing.table.JTableHeader::resizeAndRepaint (9 bytes)
Event: 12289.689 Thread 0x00007f18e4086800 nmethod 9709 0x00007f18d5a3e650 code [0x00007f18d5a3e800, 0x00007f18d5a3ecd8]
Event: 12289.712 Thread 0x00007f18e407a800 nmethod 9708% 0x00007f18d5f58750 code [0x00007f18d5f58920, 0x00007f18d5f59250]
Event: 12289.775 Thread 0x00007f18e407c800 9710       4       java.util.Vector$1::hasMoreElements (20 bytes)
Event: 12289.776 Thread 0x00007f18e407c800 nmethod 9710 0x00007f18d4ede7d0 code [0x00007f18d4ede920, 0x00007f18d4ede9b8]

GC Heap History (10 events):
Event: 12279.584 GC heap before
{Heap before GC invocations=743 (full 19):
 PSYoungGen      total 160768K, used 160320K [0x00000000f5580000, 0x00000000ffe00000, 0x0000000100000000)
  eden space 159744K, 100% used [0x00000000f5580000,0x00000000ff180000,0x00000000ff180000)
  from space 1024K, 56% used [0x00000000ff800000,0x00000000ff890000,0x00000000ff900000)
  to   space 3584K, 0% used [0x00000000ffa80000,0x00000000ffa80000,0x00000000ffe00000)
 ParOldGen       total 73728K, used 17666K [0x00000000e0000000, 0x00000000e4800000, 0x00000000f5580000)
  object space 73728K, 23% used [0x00000000e0000000,0x00000000e1140ad0,0x00000000e4800000)
 Metaspace       used 15031K, capacity 15346K, committed 15744K, reserved 1062912K
  class space    used 1706K, capacity 1788K, committed 1920K, reserved 1048576K
Event: 12279.588 GC heap after
Heap after GC invocations=743 (full 19):
 PSYoungGen      total 153600K, used 294K [0x00000000f5580000, 0x00000000ffb00000, 0x0000000100000000)
  eden space 153088K, 0% used [0x00000000f5580000,0x00000000f5580000,0x00000000feb00000)
  from space 512K, 57% used [0x00000000ffa80000,0x00000000ffac9a80,0x00000000ffb00000)
  to   space 3584K, 0% used [0x00000000ff400000,0x00000000ff400000,0x00000000ff780000)
 ParOldGen       total 73728K, used 17770K [0x00000000e0000000, 0x00000000e4800000, 0x00000000f5580000)
  object space 73728K, 24% used [0x00000000e0000000,0x00000000e115ab10,0x00000000e4800000)
 Metaspace       used 15031K, capacity 15346K, committed 15744K, reserved 1062912K
  class space    used 1706K, capacity 1788K, committed 1920K, reserved 1048576K
}
Event: 12281.092 GC heap before
{Heap before GC invocations=744 (full 19):
 PSYoungGen      total 153600K, used 153382K [0x00000000f5580000, 0x00000000ffb00000, 0x0000000100000000)
  eden space 153088K, 100% used [0x00000000f5580000,0x00000000feb00000,0x00000000feb00000)
  from space 512K, 57% used [0x00000000ffa80000,0x00000000ffac9a80,0x00000000ffb00000)
  to   space 3584K, 0% used [0x00000000ff400000,0x00000000ff400000,0x00000000ff780000)
 ParOldGen       total 73728K, used 17770K [0x00000000e0000000, 0x00000000e4800000, 0x00000000f5580000)
  object space 73728K, 24% used [0x00000000e0000000,0x00000000e115ab10,0x00000000e4800000)
 Metaspace       used 15033K, capacity 15346K, committed 15744K, reserved 1062912K
  class space    used 1706K, capacity 1788K, committed 1920K, reserved 1048576K
Event: 12281.095 GC heap after
Heap after GC invocations=744 (full 19):
 PSYoungGen      total 150528K, used 548K [0x00000000f5580000, 0x00000000ffb00000, 0x0000000100000000)
  eden space 146944K, 0% used [0x00000000f5580000,0x00000000f5580000,0x00000000fe500000)
  from space 3584K, 15% used [0x00000000ff400000,0x00000000ff4893c0,0x00000000ff780000)
  to   space 3584K, 0% used [0x00000000ff780000,0x00000000ff780000,0x00000000ffb00000)
 ParOldGen       total 73728K, used 17865K [0x00000000e0000000, 0x00000000e4800000, 0x00000000f5580000)
  object space 73728K, 24% used [0x00000000e0000000,0x00000000e1172570,0x00000000e4800000)
 Metaspace       used 15033K, capacity 15346K, committed 15744K, reserved 1062912K
  class space    used 1706K, capacity 1788K, committed 1920K, reserved 1048576K
}
Event: 12281.476 GC heap before
{Heap before GC invocations=745 (full 19):
 PSYoungGen      total 150528K, used 147492K [0x00000000f5580000, 0x00000000ffb00000, 0x0000000100000000)
  eden space 146944K, 100% used [0x00000000f5580000,0x00000000fe500000,0x00000000fe500000)
  from space 3584K, 15% used [0x00000000ff400000,0x00000000ff4893c0,0x00000000ff780000)
  to   space 3584K, 0% used [0x00000000ff780000,0x00000000ff780000,0x00000000ffb00000)
 ParOldGen       total 73728K, used 17865K [0x00000000e0000000, 0x00000000e4800000, 0x00000000f5580000)
  object space 73728K, 24% used [0x00000000e0000000,0x00000000e1172570,0x00000000e4800000)
 Metaspace       used 15033K, capacity 15346K, committed 15744K, reserved 1062912K
  class space    used 1706K, capacity 1788K, committed 1920K, reserved 1048576K
Event: 12281.480 GC heap after
Heap after GC invocations=745 (full 19):
 PSYoungGen      total 142336K, used 1208K [0x00000000f5580000, 0x00000000ff900000, 0x0000000100000000)
  eden space 140800K, 0% used [0x00000000f5580000,0x00000000f5580000,0x00000000fdf00000)
  from space 1536K, 78% used [0x00000000ff780000,0x00000000ff8ae0a0,0x00000000ff900000)
  to   space 3584K, 0% used [0x00000000ff200000,0x00000000ff200000,0x00000000ff580000)
 ParOldGen       total 73728K, used 17977K [0x00000000e0000000, 0x00000000e4800000, 0x00000000f5580000)
  object space 73728K, 24% used [0x00000000e0000000,0x00000000e118e5c0,0x00000000e4800000)
 Metaspace       used 15033K, capacity 15346K, committed 15744K, reserved 1062912K
  class space    used 1706K, capacity 1788K, committed 1920K, reserved 1048576K
}
Event: 12282.501 GC heap before
{Heap before GC invocations=746 (full 19):
 PSYoungGen      total 142336K, used 142008K [0x00000000f5580000, 0x00000000ff900000, 0x0000000100000000)
  eden space 140800K, 100% used [0x00000000f5580000,0x00000000fdf00000,0x00000000fdf00000)
  from space 1536K, 78% used [0x00000000ff780000,0x00000000ff8ae0a0,0x00000000ff900000)
  to   space 3584K, 0% used [0x00000000ff200000,0x00000000ff200000,0x00000000ff580000)
 ParOldGen       total 73728K, used 17977K [0x00000000e0000000, 0x00000000e4800000, 0x00000000f5580000)
  object space 73728K, 24% used [0x00000000e0000000,0x00000000e118e5c0,0x00000000e4800000)
 Metaspace       used 15062K, capacity 15346K, committed 15744K, reserved 1062912K
  class space    used 1706K, capacity 1788K, committed 1920K, reserved 1048576K
Event: 12282.523 GC heap after
Heap after GC invocations=746 (full 19):
 PSYoungGen      total 163840K, used 3567K [0x00000000f5580000, 0x0000000100000000, 0x0000000100000000)
  eden space 160256K, 0% used [0x00000000f5580000,0x00000000f5580000,0x00000000ff200000)
  from space 3584K, 99% used [0x00000000ff200000,0x00000000ff57bf00,0x00000000ff580000)
  to   space 4608K, 0% used [0x00000000ffb80000,0x00000000ffb80000,0x0000000100000000)
 ParOldGen       total 73728K, used 19079K [0x00000000e0000000, 0x00000000e4800000, 0x00000000f5580000)
  object space 73728K, 25% used [0x00000000e0000000,0x00000000e12a1ec8,0x00000000e4800000)
 Metaspace       used 15062K, capacity 15346K, committed 15744K, reserved 1062912K
  class space    used 1706K, capacity 1788K, committed 1920K, reserved 1048576K
}
Event: 12284.411 GC heap before
{Heap before GC invocations=747 (full 19):
 PSYoungGen      total 163840K, used 163823K [0x00000000f5580000, 0x0000000100000000, 0x0000000100000000)
  eden space 160256K, 100% used [0x00000000f5580000,0x00000000ff200000,0x00000000ff200000)
  from space 3584K, 99% used [0x00000000ff200000,0x00000000ff57bf00,0x00000000ff580000)
  to   space 4608K, 0% used [0x00000000ffb80000,0x00000000ffb80000,0x0000000100000000)
 ParOldGen       total 73728K, used 19079K [0x00000000e0000000, 0x00000000e4800000, 0x00000000f5580000)
  object space 73728K, 25% used [0x00000000e0000000,0x00000000e12a1ec8,0x00000000e4800000)
 Metaspace       used 15078K, capacity 15346K, committed 15744K, reserved 1062912K
  class space    used 1706K, capacity 1788K, committed 1920K, reserved 1048576K
Event: 12284.418 GC heap after
Heap after GC invocations=747 (full 19):
 PSYoungGen      total 154624K, used 576K [0x00000000f5580000, 0x00000000ffc80000, 0x0000000100000000)
  eden space 153600K, 0% used [0x00000000f5580000,0x00000000f5580000,0x00000000feb80000)
  from space 1024K, 56% used [0x00000000ffb80000,0x00000000ffc10000,0x00000000ffc80000)
  to   space 4608K, 0% used [0x00000000ff380000,0x00000000ff380000,0x00000000ff800000)
 ParOldGen       total 73728K, used 22615K [0x00000000e0000000, 0x00000000e4800000, 0x00000000f5580000)
  object space 73728K, 30% used [0x00000000e0000000,0x00000000e1615dc8,0x00000000e4800000)
 Metaspace       used 15078K, capacity 15346K, committed 15744K, reserved 1062912K
  class space    used 1706K, capacity 1788K, committed 1920K, reserved 1048576K
}

Deoptimization events (10 events):
Event: 12010.900 Thread 0x00007f1860007800 Uncommon trap: reason=unstable_if action=reinterpret pc=0x00007f18d4edcd18 method=java.io.PipedInputStream.read()I @ 114
Event: 12018.731 Thread 0x00007f18e4349000 Uncommon trap: reason=unstable_if action=reinterpret pc=0x00007f18d5829654 method=sun.font.FontStrikeDesc.equals(Ljava/lang/Object;)Z @ 27
Event: 12018.737 Thread 0x00007f18e4349000 Uncommon trap: reason=unstable_if action=reinterpret pc=0x00007f18d5c8da14 method=sun.java2d.loops.ProcessPath.TESTANDCLIP(FF[FIIII)I @ 16
Event: 12018.737 Thread 0x00007f18e4349000 Uncommon trap: reason=unstable_if action=reinterpret pc=0x00007f18d5235f98 method=sun.java2d.loops.ProcessPath.IS_CLIPPED(I)Z @ 6
Event: 12018.737 Thread 0x00007f18e4349000 Uncommon trap: reason=unstable_if action=reinterpret pc=0x00007f18d4a60f84 method=sun.java2d.loops.ProcessPath.TESTANDCLIP(FF[FIIII)I @ 16
Event: 12019.952 Thread 0x00007f18e4349000 Uncommon trap: reason=unstable_if action=reinterpret pc=0x00007f18d59d612c method=java.util.concurrent.locks.LockSupport.unpark(Ljava/lang/Thread;)V @ 1
Event: 12174.864 Thread 0x00007f18e4349000 Uncommon trap: reason=unstable_if action=reinterpret pc=0x00007f18d4eab540 method=java.util.concurrent.locks.LockSupport.unpark(Ljava/lang/Thread;)V @ 1
Event: 12275.433 Thread 0x00007f18e4349000 Uncommon trap: reason=unstable_if action=reinterpret pc=0x00007f18d4d15028 method=java.awt.Component$BltBufferStrategy.revalidate(Z)V @ 61
Event: 12289.510 Thread 0x00007f18e4349000 Uncommon trap: reason=unstable_if action=reinterpret pc=0x00007f18d5b1ca1c method=org.contikios.cooja.plugins.TimeLine$RadioHWEvent.getEventColor()Ljava/awt/Color; @ 4
Event: 12289.609 Thread 0x00007f18e4349000 Uncommon trap: reason=unstable_if action=reinterpret pc=0x00007f18d514623c method=org.contikios.cooja.plugins.TimeLine$RadioHWEvent.getEventColor()Ljava/awt/Color; @ 4

Classes redefined (0 events):
No events

Internal exceptions (10 events):
Event: 11453.665 Thread 0x00007f18e4349000 Exception <a 'java/lang/UnsupportedOperationException': > (0x00000000f6880440) thrown at [/build/openjdk-8-g3XteX/openjdk-8-8u222-b10/src/hotspot/src/share/vm/prims/jni.cpp, line 737]
Event: 11455.468 Thread 0x00007f18e4349000 Exception <a 'java/lang/UnsupportedOperationException': > (0x00000000f66ee318) thrown at [/build/openjdk-8-g3XteX/openjdk-8-8u222-b10/src/hotspot/src/share/vm/prims/jni.cpp, line 737]
Event: 11496.723 Thread 0x00007f18e4349000 Exception <a 'java/lang/UnsupportedOperationException': > (0x00000000f68d0730) thrown at [/build/openjdk-8-g3XteX/openjdk-8-8u222-b10/src/hotspot/src/share/vm/prims/jni.cpp, line 737]
Event: 11498.231 Thread 0x00007f18e4349000 Exception <a 'java/lang/UnsupportedOperationException': > (0x00000000f655ff20) thrown at [/build/openjdk-8-g3XteX/openjdk-8-8u222-b10/src/hotspot/src/share/vm/prims/jni.cpp, line 737]
Event: 11674.612 Thread 0x00007f18e4349000 Exception <a 'java/lang/UnsupportedOperationException': > (0x00000000f6959a30) thrown at [/build/openjdk-8-g3XteX/openjdk-8-8u222-b10/src/hotspot/src/share/vm/prims/jni.cpp, line 737]
Event: 11693.904 Thread 0x00007f18e4349000 Exception <a 'java/lang/UnsupportedOperationException': > (0x00000000f6671c98) thrown at [/build/openjdk-8-g3XteX/openjdk-8-8u222-b10/src/hotspot/src/share/vm/prims/jni.cpp, line 737]
Event: 12010.504 Thread 0x00007f18e4349000 Exception <a 'java/lang/UnsupportedOperationException': > (0x00000000f639e1a8) thrown at [/build/openjdk-8-g3XteX/openjdk-8-8u222-b10/src/hotspot/src/share/vm/prims/jni.cpp, line 737]
Event: 12275.623 Thread 0x00007f18e4349000 Exception <a 'java/lang/UnsupportedOperationException': > (0x00000000fa0355b0) thrown at [/build/openjdk-8-g3XteX/openjdk-8-8u222-b10/src/hotspot/src/share/vm/prims/jni.cpp, line 737]
Event: 12275.818 Thread 0x00007f1860052000 Exception <a 'java/io/IOException'> (0x00000000fa710550) thrown at [/build/openjdk-8-g3XteX/openjdk-8-8u222-b10/src/hotspot/src/share/vm/prims/jni.cpp, line 710]
Event: 12284.135 Thread 0x00007f18e4349000 Exception <a 'java/lang/UnsupportedOperationException': > (0x00000000fc1de5c8) thrown at [/build/openjdk-8-g3XteX/openjdk-8-8u222-b10/src/hotspot/src/share/vm/prims/jni.cpp, line 737]

Events (10 events):
Event: 12289.609 Thread 0x00007f18e4349000 DEOPT UNPACKING pc=0x00007f18d480547a sp=0x00007f18c870eba8 mode 2
Event: 12289.610 Thread 0x00007f18e4086800 flushing nmethod 0x00007f18d5ad07d0
Event: 12289.611 Thread 0x00007f18e4086800 flushing nmethod 0x00007f18d5ba2a10
Event: 12289.694 Thread 0x00007f18e4086800 flushing nmethod 0x00007f18d5ed4610
Event: 12289.695 Thread 0x00007f18e4086800 flushing nmethod 0x00007f18d5f43a90
Event: 12289.695 Thread 0x00007f18e4086800 flushing nmethod 0x00007f18d5f4bc10
Event: 12289.695 Thread 0x00007f18e4086800 flushing nmethod 0x00007f18d5f55b90
Event: 12289.695 Thread 0x00007f18e4086800 flushing nmethod 0x00007f18d5f58010
Event: 12289.696 Thread 0x00007f18e4086800 flushing nmethod 0x00007f18d5f7dc50
Event: 12289.697 Thread 0x00007f18e4086800 flushing nmethod 0x00007f18d6025150


Dynamic libraries:
00400000-00401000 r-xp 00000000 08:01 2472                               /usr/lib/jvm/java-8-openjdk-amd64/jre/bin/java
00600000-00601000 r--p 00000000 08:01 2472                               /usr/lib/jvm/java-8-openjdk-amd64/jre/bin/java
00601000-00602000 rw-p 00001000 08:01 2472                               /usr/lib/jvm/java-8-openjdk-amd64/jre/bin/java
0186b000-0188c000 rw-p 00000000 00:00 0                                  [heap]
e0000000-e4800000 rw-p 00000000 00:00 0 
e4800000-f5580000 ---p 00000000 00:00 0 
f5580000-ffc80000 rw-p 00000000 00:00 0 
ffc80000-100000000 ---p 00000000 00:00 0 
800000000-8006fe000 r--p 00001000 08:01 2663                             /usr/lib/jvm/java-8-openjdk-amd64/jre/lib/amd64/server/classes.jsa
8006fe000-801000000 ---p 00000000 00:00 0 
801000000-801aaf000 rw-p 006ff000 08:01 2663                             /usr/lib/jvm/java-8-openjdk-amd64/jre/lib/amd64/server/classes.jsa
801aaf000-802000000 ---p 00000000 00:00 0 
802000000-802183000 rw-p 011ae000 08:01 2663                             /usr/lib/jvm/java-8-openjdk-amd64/jre/lib/amd64/server/classes.jsa
802183000-802400000 ---p 00000000 00:00 0 
802400000-802409000 r-xp 01331000 08:01 2663                             /usr/lib/jvm/java-8-openjdk-amd64/jre/lib/amd64/server/classes.jsa
802409000-80241e000 ---p 00000000 00:00 0 
80241e000-8025fe000 rw-p 00000000 00:00 0 
8025fe000-84241e000 ---p 00000000 00:00 0 
7f17d4000000-7f17d4021000 rw-p 00000000 00:00 0 
7f17d4021000-7f17d8000000 ---p 00000000 00:00 0 
7f17dc000000-7f17dc021000 rw-p 00000000 00:00 0 
7f17dc021000-7f17e0000000 ---p 00000000 00:00 0 
7f17e0000000-7f17e0029000 rw-p 00000000 00:00 0 
7f17e0029000-7f17e4000000 ---p 00000000 00:00 0 
7f17e4000000-7f17e4021000 rw-p 00000000 00:00 0 
7f17e4021000-7f17e8000000 ---p 00000000 00:00 0 
7f17e8000000-7f17e8021000 rw-p 00000000 00:00 0 
7f17e8021000-7f17ec000000 ---p 00000000 00:00 0 
7f17ec000000-7f17ec021000 rw-p 00000000 00:00 0 
7f17ec021000-7f17f0000000 ---p 00000000 00:00 0 
7f17f0000000-7f17f0021000 rw-p 00000000 00:00 0 
7f17f0021000-7f17f4000000 ---p 00000000 00:00 0 
7f17f4000000-7f17f4021000 rw-p 00000000 00:00 0 
7f17f4021000-7f17f8000000 ---p 00000000 00:00 0 
7f17f8000000-7f17f8021000 rw-p 00000000 00:00 0 
7f17f8021000-7f17fc000000 ---p 00000000 00:00 0 
7f17fc000000-7f17fc021000 rw-p 00000000 00:00 0 
7f17fc021000-7f1800000000 ---p 00000000 00:00 0 
7f1800000000-7f1800021000 rw-p 00000000 00:00 0 
7f1800021000-7f1804000000 ---p 00000000 00:00 0 
7f1804000000-7f1804021000 rw-p 00000000 00:00 0 
7f1804021000-7f1808000000 ---p 00000000 00:00 0 
7f1808000000-7f1808021000 rw-p 00000000 00:00 0 
7f1808021000-7f180c000000 ---p 00000000 00:00 0 
7f180c000000-7f180c021000 rw-p 00000000 00:00 0 
7f180c021000-7f1810000000 ---p 00000000 00:00 0 
7f1810000000-7f1810021000 rw-p 00000000 00:00 0 
7f1810021000-7f1814000000 ---p 00000000 00:00 0 
7f1814000000-7f1814021000 rw-p 00000000 00:00 0 
7f1814021000-7f1818000000 ---p 00000000 00:00 0 
7f1818000000-7f1818021000 rw-p 00000000 00:00 0 
7f1818021000-7f181c000000 ---p 00000000 00:00 0 
7f181c000000-7f181c021000 rw-p 00000000 00:00 0 
7f181c021000-7f1820000000 ---p 00000000 00:00 0 
7f1820000000-7f1820021000 rw-p 00000000 00:00 0 
7f1820021000-7f1824000000 ---p 00000000 00:00 0 
7f1824000000-7f1824027000 rw-p 00000000 00:00 0 
7f1824027000-7f1828000000 ---p 00000000 00:00 0 
7f1828000000-7f1828021000 rw-p 00000000 00:00 0 
7f1828021000-7f182c000000 ---p 00000000 00:00 0 
7f182c000000-7f182c021000 rw-p 00000000 00:00 0 
7f182c021000-7f1830000000 ---p 00000000 00:00 0 
7f1830000000-7f1830021000 rw-p 00000000 00:00 0 
7f1830021000-7f1834000000 ---p 00000000 00:00 0 
7f1834000000-7f1834021000 rw-p 00000000 00:00 0 
7f1834021000-7f1838000000 ---p 00000000 00:00 0 
7f1838000000-7f1838021000 rw-p 00000000 00:00 0 
7f1838021000-7f183c000000 ---p 00000000 00:00 0 
7f183c000000-7f183c021000 rw-p 00000000 00:00 0 
7f183c021000-7f1840000000 ---p 00000000 00:00 0 
7f1840000000-7f1840021000 rw-p 00000000 00:00 0 
7f1840021000-7f1844000000 ---p 00000000 00:00 0 
7f1844000000-7f1844044000 rw-p 00000000 00:00 0 
7f1844044000-7f1848000000 ---p 00000000 00:00 0 
7f1848000000-7f1848021000 rw-p 00000000 00:00 0 
7f1848021000-7f184c000000 ---p 00000000 00:00 0 
7f184c000000-7f184c021000 rw-p 00000000 00:00 0 
7f184c021000-7f1850000000 ---p 00000000 00:00 0 
7f1850000000-7f1850021000 rw-p 00000000 00:00 0 
7f1850021000-7f1854000000 ---p 00000000 00:00 0 
7f1854000000-7f1854021000 rw-p 00000000 00:00 0 
7f1854021000-7f1858000000 ---p 00000000 00:00 0 
7f1858000000-7f1858026000 rw-p 00000000 00:00 0 
7f1858026000-7f185c000000 ---p 00000000 00:00 0 
7f185c000000-7f185c021000 rw-p 00000000 00:00 0 
7f185c021000-7f1860000000 ---p 00000000 00:00 0 
7f1860000000-7f1860056000 rw-p 00000000 00:00 0 
7f1860056000-7f1864000000 ---p 00000000 00:00 0 
7f1864000000-7f1864021000 rw-p 00000000 00:00 0 
7f1864021000-7f1868000000 ---p 00000000 00:00 0 
7f1868000000-7f18680b3000 rw-p 00000000 00:00 0 
7f18680b3000-7f186c000000 ---p 00000000 00:00 0 
7f186c000000-7f186c021000 rw-p 00000000 00:00 0 
7f186c021000-7f1870000000 ---p 00000000 00:00 0 
7f1870000000-7f187041b000 rw-p 00000000 00:00 0 
7f187041b000-7f1874000000 ---p 00000000 00:00 0 
7f1874000000-7f1874021000 rw-p 00000000 00:00 0 
7f1874021000-7f1878000000 ---p 00000000 00:00 0 
7f1878000000-7f1878021000 rw-p 00000000 00:00 0 
7f1878021000-7f187c000000 ---p 00000000 00:00 0 
7f187c000000-7f187c021000 rw-p 00000000 00:00 0 
7f187c021000-7f1880000000 ---p 00000000 00:00 0 
7f1880000000-7f1880021000 rw-p 00000000 00:00 0 
7f1880021000-7f1884000000 ---p 00000000 00:00 0 
7f1884000000-7f1885f64000 rw-p 00000000 00:00 0 
7f1885f64000-7f1888000000 ---p 00000000 00:00 0 
7f1888000000-7f1888957000 rw-p 00000000 00:00 0 
7f1888957000-7f188c000000 ---p 00000000 00:00 0 
7f188c000000-7f188e652000 rw-p 00000000 00:00 0 
7f188e652000-7f1890000000 ---p 00000000 00:00 0 
7f1890000000-7f1892352000 rw-p 00000000 00:00 0 
7f1892352000-7f1894000000 ---p 00000000 00:00 0 
7f1894000000-7f1894021000 rw-p 00000000 00:00 0 
7f1894021000-7f1898000000 ---p 00000000 00:00 0 
7f1898000000-7f1898021000 rw-p 00000000 00:00 0 
7f1898021000-7f189c000000 ---p 00000000 00:00 0 
7f189c000000-7f189c183000 rw-p 00000000 00:00 0 
7f189c183000-7f18a0000000 ---p 00000000 00:00 0 
7f18a0000000-7f18a0021000 rw-p 00000000 00:00 0 
7f18a0021000-7f18a4000000 ---p 00000000 00:00 0 
7f18a4000000-7f18a4021000 rw-p 00000000 00:00 0 
7f18a4021000-7f18a8000000 ---p 00000000 00:00 0 
7f18a8000000-7f18a8021000 rw-p 00000000 00:00 0 
7f18a8021000-7f18ac000000 ---p 00000000 00:00 0 
7f18ac000000-7f18ac021000 rw-p 00000000 00:00 0 
7f18ac021000-7f18b0000000 ---p 00000000 00:00 0 
7f18b02be000-7f18b02c1000 ---p 00000000 00:00 0 
7f18b02c1000-7f18b03bf000 rw-p 00000000 00:00 0 
7f18b03bf000-7f18b03d8000 r-xp 00000000 08:01 984177                     /home/tryfon/coral/contiki/coral_dual/obj_cooja/mtype799.cooja
7f18b03d8000-7f18b05d8000 ---p 00019000 08:01 984177                     /home/tryfon/coral/contiki/coral_dual/obj_cooja/mtype799.cooja
7f18b05d8000-7f18b05d9000 r--p 00019000 08:01 984177                     /home/tryfon/coral/contiki/coral_dual/obj_cooja/mtype799.cooja
7f18b05d9000-7f18b05da000 rw-p 0001a000 08:01 984177                     /home/tryfon/coral/contiki/coral_dual/obj_cooja/mtype799.cooja
7f18b05da000-7f18b05e3000 rw-p 00000000 00:00 0 
7f18b05e3000-7f18b05e6000 ---p 00000000 00:00 0 
7f18b05e6000-7f18b06e4000 rw-p 00000000 00:00 0 
7f18b06e4000-7f18b06fe000 r-xp 00000000 08:01 983875                     /home/tryfon/coral/contiki/coral_dual/obj_cooja/mtype52.cooja
7f18b06fe000-7f18b08fe000 ---p 0001a000 08:01 983875                     /home/tryfon/coral/contiki/coral_dual/obj_cooja/mtype52.cooja
7f18b08fe000-7f18b08ff000 r--p 0001a000 08:01 983875                     /home/tryfon/coral/contiki/coral_dual/obj_cooja/mtype52.cooja
7f18b08ff000-7f18b0900000 rw-p 0001b000 08:01 983875                     /home/tryfon/coral/contiki/coral_dual/obj_cooja/mtype52.cooja
7f18b0900000-7f18b090a000 rw-p 00000000 00:00 0 
7f18b090a000-7f18b090d000 ---p 00000000 00:00 0 
7f18b090d000-7f18b0a0b000 rw-p 00000000 00:00 0 
7f18b0a0b000-7f18b0a24000 r-xp 00000000 08:01 984172                     /home/tryfon/coral/contiki/coral_dual/obj_cooja/mtype881.cooja
7f18b0a24000-7f18b0c24000 ---p 00019000 08:01 984172                     /home/tryfon/coral/contiki/coral_dual/obj_cooja/mtype881.cooja
7f18b0c24000-7f18b0c25000 r--p 00019000 08:01 984172                     /home/tryfon/coral/contiki/coral_dual/obj_cooja/mtype881.cooja
7f18b0c25000-7f18b0c26000 rw-p 0001a000 08:01 984172                     /home/tryfon/coral/contiki/coral_dual/obj_cooja/mtype881.cooja
7f18b0c26000-7f18b0c2f000 rw-p 00000000 00:00 0 
7f18b0c2f000-7f18b0c32000 ---p 00000000 00:00 0 
7f18b0c32000-7f18b0d30000 rw-p 00000000 00:00 0 
7f18b0d30000-7f18b0d33000 ---p 00000000 00:00 0 
7f18b0d33000-7f18b0e31000 rw-p 00000000 00:00 0 
7f18b0e31000-7f18b0e4b000 r-xp 00000000 08:01 984168                     /home/tryfon/coral/contiki/coral_dual/obj_cooja/mtype808.cooja
7f18b0e4b000-7f18b104b000 ---p 0001a000 08:01 984168                     /home/tryfon/coral/contiki/coral_dual/obj_cooja/mtype808.cooja
7f18b104b000-7f18b104c000 r--p 0001a000 08:01 984168                     /home/tryfon/coral/contiki/coral_dual/obj_cooja/mtype808.cooja
7f18b104c000-7f18b104d000 rw-p 0001b000 08:01 984168                     /home/tryfon/coral/contiki/coral_dual/obj_cooja/mtype808.cooja
7f18b104d000-7f18b1057000 rw-p 00000000 00:00 0 
7f18b1057000-7f18b105a000 ---p 00000000 00:00 0 
7f18b105a000-7f18b1158000 rw-p 00000000 00:00 0 
7f18b1158000-7f18b115b000 ---p 00000000 00:00 0 
7f18b115b000-7f18b1259000 rw-p 00000000 00:00 0 
7f18b1259000-7f18b125c000 ---p 00000000 00:00 0 
7f18b125c000-7f18b135a000 rw-p 00000000 00:00 0 
7f18b135a000-7f18b135d000 ---p 00000000 00:00 0 
7f18b135d000-7f18b145b000 rw-p 00000000 00:00 0 
7f18b145b000-7f18b145e000 ---p 00000000 00:00 0 
7f18b145e000-7f18b155c000 rw-p 00000000 00:00 0 
7f18b155c000-7f18b155f000 ---p 00000000 00:00 0 
7f18b155f000-7f18b165d000 rw-p 00000000 00:00 0 
7f18b165d000-7f18b1660000 ---p 00000000 00:00 0 
7f18b1660000-7f18b175e000 rw-p 00000000 00:00 0 
7f18b175e000-7f18b1761000 ---p 00000000 00:00 0 
7f18b1761000-7f18b185f000 rw-p 00000000 00:00 0 
7f18b185f000-7f18b1862000 ---p 00000000 00:00 0 
7f18b1862000-7f18b1960000 rw-p 00000000 00:00 0 
7f18b1960000-7f18b1979000 r-xp 00000000 08:01 984167                     /home/tryfon/coral/contiki/coral_dual/obj_cooja/mtype289.cooja
7f18b1979000-7f18b1b79000 ---p 00019000 08:01 984167                     /home/tryfon/coral/contiki/coral_dual/obj_cooja/mtype289.cooja
7f18b1b79000-7f18b1b7a000 r--p 00019000 08:01 984167                     /home/tryfon/coral/contiki/coral_dual/obj_cooja/mtype289.cooja
7f18b1b7a000-7f18b1b7b000 rw-p 0001a000 08:01 984167                     /home/tryfon/coral/contiki/coral_dual/obj_cooja/mtype289.cooja
7f18b1b7b000-7f18b1b84000 rw-p 00000000 00:00 0 
7f18b1b84000-7f18b1b87000 ---p 00000000 00:00 0 
7f18b1b87000-7f18b1c85000 rw-p 00000000 00:00 0 
7f18b1c85000-7f18b1c88000 ---p 00000000 00:00 0 
7f18b1c88000-7f18b1d86000 rw-p 00000000 00:00 0 
7f18b1d86000-7f18b1da0000 r-xp 00000000 08:01 984163                     /home/tryfon/coral/contiki/coral_dual/obj_cooja/mtype191.cooja
7f18b1da0000-7f18b1fa0000 ---p 0001a000 08:01 984163                     /home/tryfon/coral/contiki/coral_dual/obj_cooja/mtype191.cooja
7f18b1fa0000-7f18b1fa1000 r--p 0001a000 08:01 984163                     /home/tryfon/coral/contiki/coral_dual/obj_cooja/mtype191.cooja
7f18b1fa1000-7f18b1fa2000 rw-p 0001b000 08:01 984163                     /home/tryfon/coral/contiki/coral_dual/obj_cooja/mtype191.cooja
7f18b1fa2000-7f18b1fac000 rw-p 00000000 00:00 0 
7f18b1fac000-7f18b1fc5000 r-xp 00000000 08:01 984159                     /home/tryfon/coral/contiki/coral_dual/obj_cooja/mtype86.cooja
7f18b1fc5000-7f18b21c5000 ---p 00019000 08:01 984159                     /home/tryfon/coral/contiki/coral_dual/obj_cooja/mtype86.cooja
7f18b21c5000-7f18b21c6000 r--p 00019000 08:01 984159                     /home/tryfon/coral/contiki/coral_dual/obj_cooja/mtype86.cooja
7f18b21c6000-7f18b21c7000 rw-p 0001a000 08:01 984159                     /home/tryfon/coral/contiki/coral_dual/obj_cooja/mtype86.cooja
7f18b21c7000-7f18b21d0000 rw-p 00000000 00:00 0 
7f18b21d0000-7f18b21ea000 r-xp 00000000 08:01 984154                     /home/tryfon/coral/contiki/coral_dual/obj_cooja/mtype668.cooja
7f18b21ea000-7f18b23ea000 ---p 0001a000 08:01 984154                     /home/tryfon/coral/contiki/coral_dual/obj_cooja/mtype668.cooja
7f18b23ea000-7f18b23eb000 r--p 0001a000 08:01 984154                     /home/tryfon/coral/contiki/coral_dual/obj_cooja/mtype668.cooja
7f18b23eb000-7f18b23ec000 rw-p 0001b000 08:01 984154                     /home/tryfon/coral/contiki/coral_dual/obj_cooja/mtype668.cooja
7f18b23ec000-7f18b23f5000 rw-p 00000000 00:00 0 
7f18b23f5000-7f18b23f8000 ---p 00000000 00:00 0 
7f18b23f8000-7f18b24f6000 rw-p 00000000 00:00 0 
7f18b24f6000-7f18b250f000 r-xp 00000000 08:01 984150                     /home/tryfon/coral/contiki/coral_dual/obj_cooja/mtype820.cooja
7f18b250f000-7f18b270f000 ---p 00019000 08:01 984150                     /home/tryfon/coral/contiki/coral_dual/obj_cooja/mtype820.cooja
7f18b270f000-7f18b2710000 r--p 00019000 08:01 984150                     /home/tryfon/coral/contiki/coral_dual/obj_cooja/mtype820.cooja
7f18b2710000-7f18b2711000 rw-p 0001a000 08:01 984150                     /home/tryfon/coral/contiki/coral_dual/obj_cooja/mtype820.cooja
7f18b2711000-7f18b271a000 rw-p 00000000 00:00 0 
7f18b271a000-7f18b271d000 ---p 00000000 00:00 0 
7f18b271d000-7f18b281b000 rw-p 00000000 00:00 0 
7f18b281b000-7f18b281e000 ---p 00000000 00:00 0 
7f18b281e000-7f18b291c000 rw-p 00000000 00:00 0 
7f18b291c000-7f18b2936000 r-xp 00000000 08:01 984145                     /home/tryfon/coral/contiki/coral_dual/obj_cooja/mtype300.cooja
7f18b2936000-7f18b2b36000 ---p 0001a000 08:01 984145                     /home/tryfon/coral/contiki/coral_dual/obj_cooja/mtype300.cooja
7f18b2b36000-7f18b2b37000 r--p 0001a000 08:01 984145                     /home/tryfon/coral/contiki/coral_dual/obj_cooja/mtype300.cooja
7f18b2b37000-7f18b2b38000 rw-p 0001b000 08:01 984145                     /home/tryfon/coral/contiki/coral_dual/obj_cooja/mtype300.cooja
7f18b2b38000-7f18b2b41000 rw-p 00000000 00:00 0 
7f18b2b41000-7f18b2b44000 ---p 00000000 00:00 0 
7f18b2b44000-7f18b2c42000 rw-p 00000000 00:00 0 
7f18b2c42000-7f18b2c45000 ---p 00000000 00:00 0 
7f18b2c45000-7f18b2d43000 rw-p 00000000 00:00 0 
7f18b2d43000-7f18b2d46000 ---p 00000000 00:00 0 
7f18b2d46000-7f18b2e44000 rw-p 00000000 00:00 0 
7f18b2e44000-7f18b2e5d000 r-xp 00000000 08:01 984138                     /home/tryfon/coral/contiki/coral_dual/obj_cooja/mtype57.cooja
7f18b2e5d000-7f18b305d000 ---p 00019000 08:01 984138                     /home/tryfon/coral/contiki/coral_dual/obj_cooja/mtype57.cooja
7f18b305d000-7f18b305e000 r--p 00019000 08:01 984138                     /home/tryfon/coral/contiki/coral_dual/obj_cooja/mtype57.cooja
7f18b305e000-7f18b305f000 rw-p 0001a000 08:01 984138                     /home/tryfon/coral/contiki/coral_dual/obj_cooja/mtype57.cooja
7f18b305f000-7f18b3068000 rw-p 00000000 00:00 0 
7f18b3068000-7f18b3082000 r-xp 00000000 08:01 984141                     /home/tryfon/coral/contiki/coral_dual/obj_cooja/mtype796.cooja
7f18b3082000-7f18b3282000 ---p 0001a000 08:01 984141                     /home/tryfon/coral/contiki/coral_dual/obj_cooja/mtype796.cooja
7f18b3282000-7f18b3283000 r--p 0001a000 08:01 984141                     /home/tryfon/coral/contiki/coral_dual/obj_cooja/mtype796.cooja
7f18b3283000-7f18b3284000 rw-p 0001b000 08:01 984141                     /home/tryfon/coral/contiki/coral_dual/obj_cooja/mtype796.cooja
7f18b3284000-7f18b340d000 rw-p 00000000 00:00 0 
7f18b340d000-7f18b348d000 ---p 00000000 00:00 0 
7f18b348d000-7f18b3490000 ---p 00000000 00:00 0 
7f18b3490000-7f18b358e000 rw-p 00000000 00:00 0 
7f18b358e000-7f18b35a7000 r-xp 00000000 08:01 984137                     /home/tryfon/coral/contiki/coral_dual/obj_cooja/mtype913.cooja
7f18b35a7000-7f18b37a7000 ---p 00019000 08:01 984137                     /home/tryfon/coral/contiki/coral_dual/obj_cooja/mtype913.cooja
7f18b37a7000-7f18b37a8000 r--p 00019000 08:01 984137                     /home/tryfon/coral/contiki/coral_dual/obj_cooja/mtype913.cooja
7f18b37a8000-7f18b37a9000 rw-p 0001a000 08:01 984137                     /home/tryfon/coral/contiki/coral_dual/obj_cooja/mtype913.cooja
7f18b37a9000-7f18b37b2000 rw-p 00000000 00:00 0 
7f18b37b2000-7f18b37b5000 ---p 00000000 00:00 0 
7f18b37b5000-7f18b38b3000 rw-p 00000000 00:00 0 
7f18b38b3000-7f18b38b6000 ---p 00000000 00:00 0 
7f18b38b6000-7f18b39b4000 rw-p 00000000 00:00 0 
7f18b39b4000-7f18b39ce000 r-xp 00000000 08:01 984133                     /home/tryfon/coral/contiki/coral_dual/obj_cooja/mtype563.cooja
7f18b39ce000-7f18b3bce000 ---p 0001a000 08:01 984133                     /home/tryfon/coral/contiki/coral_dual/obj_cooja/mtype563.cooja
7f18b3bce000-7f18b3bcf000 r--p 0001a000 08:01 984133                     /home/tryfon/coral/contiki/coral_dual/obj_cooja/mtype563.cooja
7f18b3bcf000-7f18b3bd0000 rw-p 0001b000 08:01 984133                     /home/tryfon/coral/contiki/coral_dual/obj_cooja/mtype563.cooja
7f18b3bd0000-7f18b3bd9000 rw-p 00000000 00:00 0 
7f18b3bd9000-7f18b3bdc000 ---p 00000000 00:00 0 
7f18b3bdc000-7f18b3cda000 rw-p 00000000 00:00 0 
7f18b3cda000-7f18b3cdd000 ---p 00000000 00:00 0 
7f18b3cdd000-7f18b3ddb000 rw-p 00000000 00:00 0 
7f18b3ddb000-7f18b3df5000 r-xp 00000000 08:01 984128                     /home/tryfon/coral/contiki/coral_dual/obj_cooja/mtype681.cooja
7f18b3df5000-7f18b3ff5000 ---p 0001a000 08:01 984128                     /home/tryfon/coral/contiki/coral_dual/obj_cooja/mtype681.cooja
7f18b3ff5000-7f18b3ff6000 r--p 0001a000 08:01 984128                     /home/tryfon/coral/contiki/coral_dual/obj_cooja/mtype681.cooja
7f18b3ff6000-7f18b3ff7000 rw-p 0001b000 08:01 984128                     /home/tryfon/coral/contiki/coral_dual/obj_cooja/mtype681.cooja
7f18b3ff7000-7f18b4000000 rw-p 00000000 00:00 0 
7f18b4000000-7f18b4029000 rw-p 00000000 00:00 0 
7f18b4029000-7f18b8000000 ---p 00000000 00:00 0 
7f18b8000000-7f18b8021000 rw-p 00000000 00:00 0 
7f18b8021000-7f18bc000000 ---p 00000000 00:00 0 
7f18bc000000-7f18bc021000 rw-p 00000000 00:00 0 
7f18bc021000-7f18c0000000 ---p 00000000 00:00 0 
7f18c00ae000-7f18c02ae000 rw-p 00000000 00:00 0 
7f18c02ae000-7f18c02b1000 ---p 00000000 00:00 0 
7f18c02b1000-7f18c03af000 rw-p 00000000 00:00 0 
7f18c03af000-7f18c03b2000 ---p 00000000 00:00 0 
7f18c03b2000-7f18c04b0000 rw-p 00000000 00:00 0 
7f18c04b0000-7f18c04b2000 r-xp 00000000 08:01 933456                     /home/tryfon/contiki/tools/cooja/apps/serial2pty/lib/libpty.so
7f18c04b2000-7f18c06b1000 ---p 00002000 08:01 933456                     /home/tryfon/contiki/tools/cooja/apps/serial2pty/lib/libpty.so
7f18c06b1000-7f18c06b2000 r--p 00001000 08:01 933456                     /home/tryfon/contiki/tools/cooja/apps/serial2pty/lib/libpty.so
7f18c06b2000-7f18c06b3000 rw-p 00002000 08:01 933456                     /home/tryfon/contiki/tools/cooja/apps/serial2pty/lib/libpty.so
7f18c06b3000-7f18c06cc000 r-xp 00000000 08:01 984123                     /home/tryfon/coral/contiki/coral_dual/obj_cooja/mtype926.cooja
7f18c06cc000-7f18c08cc000 ---p 00019000 08:01 984123                     /home/tryfon/coral/contiki/coral_dual/obj_cooja/mtype926.cooja
7f18c08cc000-7f18c08cd000 r--p 00019000 08:01 984123                     /home/tryfon/coral/contiki/coral_dual/obj_cooja/mtype926.cooja
7f18c08cd000-7f18c08ce000 rw-p 0001a000 08:01 984123                     /home/tryfon/coral/contiki/coral_dual/obj_cooja/mtype926.cooja
7f18c08ce000-7f18c0ad7000 rw-p 00000000 00:00 0 
7f18c0ad7000-7f18c0ada000 ---p 00000000 00:00 0 
7f18c0ada000-7f18c0bd8000 rw-p 00000000 00:00 0 
7f18c0bd8000-7f18c0bdb000 ---p 00000000 00:00 0 
7f18c0bdb000-7f18c0cd9000 rw-p 00000000 00:00 0 
7f18c0cd9000-7f18c0cf3000 r-xp 00000000 08:01 984118                     /home/tryfon/coral/contiki/coral_dual/obj_cooja/mtype425.cooja
7f18c0cf3000-7f18c0ef3000 ---p 0001a000 08:01 984118                     /home/tryfon/coral/contiki/coral_dual/obj_cooja/mtype425.cooja
7f18c0ef3000-7f18c0ef4000 r--p 0001a000 08:01 984118                     /home/tryfon/coral/contiki/coral_dual/obj_cooja/mtype425.cooja
7f18c0ef4000-7f18c0ef5000 rw-p 0001b000 08:01 984118                     /home/tryfon/coral/contiki/coral_dual/obj_cooja/mtype425.cooja
7f18c0ef5000-7f18c0efe000 rw-p 00000000 00:00 0 
7f18c0efe000-7f18c0f01000 ---p 00000000 00:00 0 
7f18c0f01000-7f18c4000000 rw-p 00000000 00:00 0 
7f18c4000000-7f18c4021000 rw-p 00000000 00:00 0 
7f18c4021000-7f18c8000000 ---p 00000000 00:00 0 
7f18c80ae000-7f18c80b1000 ---p 00000000 00:00 0 
7f18c80b1000-7f18c81af000 rw-p 00000000 00:00 0 
7f18c81af000-7f18c81b2000 ---p 00000000 00:00 0 
7f18c81b2000-7f18c82b0000 rw-p 00000000 00:00 0 
7f18c82b0000-7f18c82b3000 ---p 00000000 00:00 0 
7f18c82b3000-7f18c82e9000 rw-p 00000000 00:00 0 
7f18c82e9000-7f18c82ec000 ---p 00000000 00:00 0 
7f18c82ec000-7f18c83ea000 rw-p 00000000 00:00 0 
7f18c83ea000-7f18c83eb000 r--s 00001000 08:01 920636                     /home/tryfon/contiki/tools/cooja/apps/mobility/lib/mobility.jar
7f18c83eb000-7f18c83ec000 r--s 00002000 08:01 933463                     /home/tryfon/contiki/tools/cooja/apps/serial2pty/lib/serial2pty.jar
7f18c83ec000-7f18c83ef000 ---p 00000000 00:00 0 
7f18c83ef000-7f18c84ed000 rw-p 00000000 00:00 0 
7f18c84ed000-7f18c84f4000 r--s 00000000 08:01 865119                     /var/cache/fontconfig/4be9850f182b35c1350b6bbf2e42601c-le64.cache-6
7f18c84f4000-7f18c84f6000 r--s 00000000 08:01 865118                     /var/cache/fontconfig/30a99c4256905863f7aa12b5e873c27c-le64.cache-6
7f18c84f6000-7f18c84f7000 r--s 00000000 08:01 865117                     /var/cache/fontconfig/087e1975ba9a574b140bb1df193bf770-le64.cache-6
7f18c84f7000-7f18c84fb000 r--s 00000000 08:01 865116                     /var/cache/fontconfig/6aa41aa22e18b8fa06a12da28ea9c28b-le64.cache-6
7f18c84fb000-7f18c8506000 r--s 00000000 08:01 825297                     /var/cache/fontconfig/945677eb7aeaf62f1d50efc3fb3ec7d8-le64.cache-6
7f18c8506000-7f18c850c000 r--s 00000000 08:01 825279                     /var/cache/fontconfig/2cd17615ca594fa2959ae173292e504c-le64.cache-6
7f18c850c000-7f18c850d000 r--s 00000000 08:01 825276                     /var/cache/fontconfig/0d8c3b2ac0904cb8a57a757ad11a4a08-le64.cache-6
7f18c850d000-7f18c8511000 r--s 00000000 08:01 865483                     /var/cache/fontconfig/de156ccd2eddbdc19d37a45b8b2aac9c-le64.cache-6
7f18c8511000-7f18c8526000 r--s 00000000 08:01 825273                     /var/cache/fontconfig/04aabc0a78ac019cf9454389977116d2-le64.cache-6
7f18c8526000-7f18c8527000 r--s 00000000 08:01 825278                     /var/cache/fontconfig/1ac9eb803944fde146138c791f5cc56a-le64.cache-6
7f18c8527000-7f18c852b000 r--s 00000000 08:01 825283                     /var/cache/fontconfig/385c0604a188198f04d133e54aba7fe7-le64.cache-6
7f18c852b000-7f18c852c000 r--s 00000000 08:01 865114                     /var/cache/fontconfig/9c956a7723ca69a44b382d9179c9802f-le64.cache-6
7f18c852c000-7f18c852d000 r--s 00000000 08:01 825310                     /var/cache/fontconfig/dc05db6664285cc2f12bf69c139ae4c3-le64.cache-6
7f18c852d000-7f18c8530000 r--s 00000000 08:01 825293                     /var/cache/fontconfig/767a8244fc0220cfb567a839d0392e0b-le64.cache-6
7f18c8530000-7f18c8531000 r--s 00000000 08:01 821509                     /var/cache/fontconfig/4794a0821666d79190d59a36cb4f44b5-le64.cache-6
7f18c8531000-7f18c8532000 r--s 00000000 08:01 865111                     /var/cache/fontconfig/9eae20f1ff8cc0a7d125749e875856bd-le64.cache-6
7f18c8532000-7f18c8535000 r--s 00000000 08:01 865110                     /var/cache/fontconfig/bf2c1853a9e9b00bb02fe2e9bcf1e201-le64.cache-6
7f18c8535000-7f18c853a000 r--s 00000000 08:01 825296                     /var/cache/fontconfig/8801497958630a81b71ace7c5f9b32a8-le64.cache-6
7f18c853a000-7f18c853e000 r--s 00000000 08:01 865478                     /var/cache/fontconfig/c57959a16110560c8d0fcea73374aeeb-le64.cache-6
7f18c853e000-7f18c853f000 r--s 00000000 08:01 825303                     /var/cache/fontconfig/bab58bb527bb656aaa9f116d68a48d89-le64.cache-6
7f18c853f000-7f18c8546000 r--s 00000000 08:01 825280                     /var/cache/fontconfig/3047814df9a2f067bd2d96a2b9c36e5a-le64.cache-6
7f18c8546000-7f18c854e000 r--s 00000000 08:01 865477                     /var/cache/fontconfig/bf3b770c553c462765856025a94f1ce6-le64.cache-6
7f18c854e000-7f18c854f000 r--s 00000000 08:01 825287                     /var/cache/fontconfig/56cf4f4769d0f4abc89a4895d7bd3ae1-le64.cache-6
7f18c854f000-7f18c8550000 r--s 00000000 08:01 825302                     /var/cache/fontconfig/b9d506c9ac06c20b433354fa67a72993-le64.cache-6
7f18c8550000-7f18c8556000 r--s 00000000 08:01 825301                     /var/cache/fontconfig/b47c4e1ecd0709278f4910c18777a504-le64.cache-6
7f18c8556000-7f18c8559000 r--s 00000000 08:01 865108                     /var/cache/fontconfig/14d493b97896515cad3840ba4896e372-le64.cache-6
7f18c8559000-7f18c855c000 r--s 00000000 08:01 865107                     /var/cache/fontconfig/e49e89034d371f0f9de17aab02136486-le64.cache-6
7f18c855c000-7f18c855e000 r--s 00000000 08:01 865105                     /var/cache/fontconfig/4b14b093aebc79c320de5e86ae1d3314-le64.cache-6
7f18c855e000-7f18c8571000 r--s 00000000 08:01 825307                     /var/cache/fontconfig/d52a8644073d54c13679302ca1180695-le64.cache-6
7f18c8571000-7f18c8572000 r--s 00000000 08:01 825286                     /var/cache/fontconfig/551ecf3b0e8b0bca0f25c0944f561853-le64.cache-6
7f18c8572000-7f18c8573000 r--s 00000000 08:01 865103                     /var/cache/fontconfig/8a687c406b77f27d99abfeeba937fcce-le64.cache-6
7f18c8573000-7f18c8578000 r--s 00000000 08:01 865102                     /var/cache/fontconfig/75ad6aa2358a85f0de2c8ee4837e8227-le64.cache-6
7f18c8578000-7f18c857a000 r--s 00000000 08:01 865101                     /var/cache/fontconfig/65f976e5259cbe6dc7697b8648396239-le64.cache-6
7f18c857a000-7f18c8585000 r--s 00000000 08:01 863365                     /var/cache/fontconfig/d589a48862398ed80a3d6066f4f56f4c-le64.cache-6
7f18c8585000-7f18c8589000 r--s 00000000 08:01 865470                     /var/cache/fontconfig/246184dc75a16901ca37d96895904249-le64.cache-6
7f18c8589000-7f18c858a000 r--s 00000000 08:01 865099                     /var/cache/fontconfig/94f7fe9bd33aadfac165873bd010d595-le64.cache-6
7f18c858a000-7f18c858c000 r--s 00000000 08:01 865098                     /var/cache/fontconfig/423767150eb258c59035de29db6fca84-le64.cache-6
7f18c858c000-7f18c858e000 r--s 00000000 08:01 865095                     /var/cache/fontconfig/67709b7835c0f764c1135060c9575660-le64.cache-6
7f18c858e000-7f18c859c000 r--s 00000000 08:01 865094                     /var/cache/fontconfig/198d8fcf01c96d0cf813f74fd759bdb7-le64.cache-6
7f18c859c000-7f18c85a7000 r--s 00000000 08:01 825295                     /var/cache/fontconfig/83bf95040141907cd45bb53cf7c1c148-le64.cache-6
7f18c85a7000-7f18c85b9000 r--s 00000000 08:01 825299                     /var/cache/fontconfig/9b89f8e3dae116d678bbf48e5f21f69b-le64.cache-6
7f18c85b9000-7f18c85bb000 r--s 00003000 08:01 1010099                    /home/tryfon/contiki/tools/cooja/apps/powertracker/lib/powertracker.jar
7f18c85bb000-7f18c85bc000 r--s 00002000 08:01 981692                     /home/tryfon/contiki/tools/cooja/apps/collect-view/cooja-collect-view.jar
7f18c85bc000-7f18c85be000 r--s 00008000 08:01 1010133                    /home/tryfon/contiki/tools/cooja/apps/serial_socket/lib/serial_socket.jar
7f18c85be000-7f18c85f8000 r--s 001e1000 08:01 1009687                    /home/tryfon/contiki/tools/cooja/apps/avrora/lib/avrora-small.jar
7f18c85f8000-7f18c85f9000 r--s 00008000 08:01 981397                     /home/tryfon/contiki/tools/cooja/apps/avrora/lib/cooja_avrora.jar
7f18c85f9000-7f18c85fb000 r--s 00010000 08:01 981161                     /home/tryfon/contiki/tools/cooja/apps/mspsim/lib/jipv6.jar
7f18c85fb000-7f18c85fc000 r--s 00004000 08:01 981162                     /home/tryfon/contiki/tools/cooja/apps/mspsim/lib/coffee.jar
7f18c85fc000-7f18c8608000 r--s 000eb000 08:01 981160                     /home/tryfon/contiki/tools/cooja/apps/mspsim/lib/mspsim.jar
7f18c8608000-7f18c860e000 r--s 00062000 08:01 981362                     /home/tryfon/contiki/tools/cooja/apps/mspsim/lib/cooja_mspsim.jar
7f18c860e000-7f18c8611000 r--s 0001e000 08:01 981159                     /home/tryfon/contiki/tools/cooja/apps/mrm/lib/mrm.jar
7f18c8611000-7f18c8614000 ---p 00000000 00:00 0 
7f18c8614000-7f18c8712000 rw-p 00000000 00:00 0 
7f18c8712000-7f18c8715000 ---p 00000000 00:00 0 
7f18c8715000-7f18c8813000 rw-p 00000000 00:00 0 
7f18c8813000-7f18c8824000 r-xp 00000000 08:01 2658                       /usr/lib/jvm/java-8-openjdk-amd64/jre/lib/amd64/libnio.so
7f18c8824000-7f18c8a23000 ---p 00011000 08:01 2658                       /usr/lib/jvm/java-8-openjdk-amd64/jre/lib/amd64/libnio.so
7f18c8a23000-7f18c8a24000 r--p 00010000 08:01 2658                       /usr/lib/jvm/java-8-openjdk-amd64/jre/lib/amd64/libnio.so
7f18c8a24000-7f18c8a25000 rw-p 00011000 08:01 2658                       /usr/lib/jvm/java-8-openjdk-amd64/jre/lib/amd64/libnio.so
7f18c8a25000-7f18c8a3b000 r-xp 00000000 08:01 2640                       /usr/lib/jvm/java-8-openjdk-amd64/jre/lib/amd64/libnet.so
7f18c8a3b000-7f18c8c3b000 ---p 00016000 08:01 2640                       /usr/lib/jvm/java-8-openjdk-amd64/jre/lib/amd64/libnet.so
7f18c8c3b000-7f18c8c3c000 r--p 00016000 08:01 2640                       /usr/lib/jvm/java-8-openjdk-amd64/jre/lib/amd64/libnet.so
7f18c8c3c000-7f18c8c3d000 rw-p 00017000 08:01 2640                       /usr/lib/jvm/java-8-openjdk-amd64/jre/lib/amd64/libnet.so
7f18c8c3d000-7f18c8c40000 ---p 00000000 00:00 0 
7f18c8c40000-7f18c8d3e000 rw-p 00000000 00:00 0 
7f18c8d3e000-7f18c8d43000 r-xp 00000000 08:01 12359                      /usr/lib/x86_64-linux-gnu/libXfixes.so.3.1.0
7f18c8d43000-7f18c8f42000 ---p 00005000 08:01 12359                      /usr/lib/x86_64-linux-gnu/libXfixes.so.3.1.0
7f18c8f42000-7f18c8f43000 r--p 00004000 08:01 12359                      /usr/lib/x86_64-linux-gnu/libXfixes.so.3.1.0
7f18c8f43000-7f18c8f44000 rw-p 00005000 08:01 12359                      /usr/lib/x86_64-linux-gnu/libXfixes.so.3.1.0
7f18c8f44000-7f18c8f4d000 r-xp 00000000 08:01 318                        /usr/lib/x86_64-linux-gnu/libXcursor.so.1.0.2
7f18c8f4d000-7f18c914c000 ---p 00009000 08:01 318                        /usr/lib/x86_64-linux-gnu/libXcursor.so.1.0.2
7f18c914c000-7f18c914d000 r--p 00008000 08:01 318                        /usr/lib/x86_64-linux-gnu/libXcursor.so.1.0.2
7f18c914d000-7f18c914e000 rw-p 00009000 08:01 318                        /usr/lib/x86_64-linux-gnu/libXcursor.so.1.0.2
7f18c914e000-7f18c9151000 ---p 00000000 00:00 0 
7f18c9151000-7f18c924f000 rw-p 00000000 00:00 0 
7f18c924f000-7f18c9273000 r-xp 00000000 08:01 547681                     /lib/x86_64-linux-gnu/libpng12.so.0.54.0
7f18c9273000-7f18c9472000 ---p 00024000 08:01 547681                     /lib/x86_64-linux-gnu/libpng12.so.0.54.0
7f18c9472000-7f18c9473000 r--p 00023000 08:01 547681                     /lib/x86_64-linux-gnu/libpng12.so.0.54.0
7f18c9473000-7f18c9474000 rw-p 00024000 08:01 547681                     /lib/x86_64-linux-gnu/libpng12.so.0.54.0
7f18c9474000-7f18c9518000 r-xp 00000000 08:01 12782                      /usr/lib/x86_64-linux-gnu/libfreetype.so.6.12.1
7f18c9518000-7f18c9717000 ---p 000a4000 08:01 12782                      /usr/lib/x86_64-linux-gnu/libfreetype.so.6.12.1
7f18c9717000-7f18c971d000 r--p 000a3000 08:01 12782                      /usr/lib/x86_64-linux-gnu/libfreetype.so.6.12.1
7f18c971d000-7f18c971e000 rw-p 000a9000 08:01 12782                      /usr/lib/x86_64-linux-gnu/libfreetype.so.6.12.1
7f18c971e000-7f18c976f000 r-xp 00000000 08:01 2636                       /usr/lib/jvm/java-8-openjdk-amd64/jre/lib/amd64/libfontmanager.so
7f18c976f000-7f18c996f000 ---p 00051000 08:01 2636                       /usr/lib/jvm/java-8-openjdk-amd64/jre/lib/amd64/libfontmanager.so
7f18c996f000-7f18c9971000 r--p 00051000 08:01 2636                       /usr/lib/jvm/java-8-openjdk-amd64/jre/lib/amd64/libfontmanager.so
7f18c9971000-7f18c9972000 rw-p 00053000 08:01 2636                       /usr/lib/jvm/java-8-openjdk-amd64/jre/lib/amd64/libfontmanager.so
7f18c9972000-7f18c9977000 r-xp 00000000 08:01 12355                      /usr/lib/x86_64-linux-gnu/libXdmcp.so.6.0.0
7f18c9977000-7f18c9b76000 ---p 00005000 08:01 12355                      /usr/lib/x86_64-linux-gnu/libXdmcp.so.6.0.0
7f18c9b76000-7f18c9b77000 r--p 00004000 08:01 12355                      /usr/lib/x86_64-linux-gnu/libXdmcp.so.6.0.0
7f18c9b77000-7f18c9b78000 rw-p 00005000 08:01 12355                      /usr/lib/x86_64-linux-gnu/libXdmcp.so.6.0.0
7f18c9b78000-7f18c9b7a000 r-xp 00000000 08:01 12344                      /usr/lib/x86_64-linux-gnu/libXau.so.6.0.0
7f18c9b7a000-7f18c9d7a000 ---p 00002000 08:01 12344                      /usr/lib/x86_64-linux-gnu/libXau.so.6.0.0
7f18c9d7a000-7f18c9d7b000 r--p 00002000 08:01 12344                      /usr/lib/x86_64-linux-gnu/libXau.so.6.0.0
7f18c9d7b000-7f18c9d7c000 rw-p 00003000 08:01 12344                      /usr/lib/x86_64-linux-gnu/libXau.so.6.0.0
7f18c9d7c000-7f18c9d9d000 r-xp 00000000 08:01 13764                      /usr/lib/x86_64-linux-gnu/libxcb.so.1.1.0
7f18c9d9d000-7f18c9f9c000 ---p 00021000 08:01 13764                      /usr/lib/x86_64-linux-gnu/libxcb.so.1.1.0
7f18c9f9c000-7f18c9f9d000 r--p 00020000 08:01 13764                      /usr/lib/x86_64-linux-gnu/libxcb.so.1.1.0
7f18c9f9d000-7f18c9f9e000 rw-p 00021000 08:01 13764                      /usr/lib/x86_64-linux-gnu/libxcb.so.1.1.0
7f18c9f9e000-7f18c9fad000 r-xp 00000000 08:01 12367                      /usr/lib/x86_64-linux-gnu/libXi.so.6.1.0
7f18c9fad000-7f18ca1ac000 ---p 0000f000 08:01 12367                      /usr/lib/x86_64-linux-gnu/libXi.so.6.1.0
7f18ca1ac000-7f18ca1ad000 r--p 0000e000 08:01 12367                      /usr/lib/x86_64-linux-gnu/libXi.so.6.1.0
7f18ca1ad000-7f18ca1ae000 rw-p 0000f000 08:01 12367                      /usr/lib/x86_64-linux-gnu/libXi.so.6.1.0
7f18ca1ae000-7f18ca1b3000 r-xp 00000000 08:01 12385                      /usr/lib/x86_64-linux-gnu/libXtst.so.6.1.0
7f18ca1b3000-7f18ca3b2000 ---p 00005000 08:01 12385                      /usr/lib/x86_64-linux-gnu/libXtst.so.6.1.0
7f18ca3b2000-7f18ca3b3000 r--p 00004000 08:01 12385                      /usr/lib/x86_64-linux-gnu/libXtst.so.6.1.0
7f18ca3b3000-7f18ca3b4000 rw-p 00005000 08:01 12385                      /usr/lib/x86_64-linux-gnu/libXtst.so.6.1.0
7f18ca3b4000-7f18ca3bd000 r-xp 00000000 08:01 12379                      /usr/lib/x86_64-linux-gnu/libXrender.so.1.3.0
7f18ca3bd000-7f18ca5bc000 ---p 00009000 08:01 12379                      /usr/lib/x86_64-linux-gnu/libXrender.so.1.3.0
7f18ca5bc000-7f18ca5bd000 r--p 00008000 08:01 12379                      /usr/lib/x86_64-linux-gnu/libXrender.so.1.3.0
7f18ca5bd000-7f18ca5be000 rw-p 00009000 08:01 12379                      /usr/lib/x86_64-linux-gnu/libXrender.so.1.3.0
7f18ca5be000-7f18ca6f3000 r-xp 00000000 08:01 2069                       /usr/lib/x86_64-linux-gnu/libX11.so.6.3.0
7f18ca6f3000-7f18ca8f3000 ---p 00135000 08:01 2069                       /usr/lib/x86_64-linux-gnu/libX11.so.6.3.0
7f18ca8f3000-7f18ca8f4000 r--p 00135000 08:01 2069                       /usr/lib/x86_64-linux-gnu/libX11.so.6.3.0
7f18ca8f4000-7f18ca8f8000 rw-p 00136000 08:01 2069                       /usr/lib/x86_64-linux-gnu/libX11.so.6.3.0
7f18ca8f8000-7f18ca909000 r-xp 00000000 08:01 12357                      /usr/lib/x86_64-linux-gnu/libXext.so.6.4.0
7f18ca909000-7f18cab08000 ---p 00011000 08:01 12357                      /usr/lib/x86_64-linux-gnu/libXext.so.6.4.0
7f18cab08000-7f18cab09000 r--p 00010000 08:01 12357                      /usr/lib/x86_64-linux-gnu/libXext.so.6.4.0
7f18cab09000-7f18cab0a000 rw-p 00011000 08:01 12357                      /usr/lib/x86_64-linux-gnu/libXext.so.6.4.0
7f18cab0a000-7f18cab66000 r-xp 00000000 08:01 2651                       /usr/lib/jvm/java-8-openjdk-amd64/jre/lib/amd64/libawt_xawt.so
7f18cab66000-7f18cad65000 ---p 0005c000 08:01 2651                       /usr/lib/jvm/java-8-openjdk-amd64/jre/lib/amd64/libawt_xawt.so
7f18cad65000-7f18cad66000 r--p 0005b000 08:01 2651                       /usr/lib/jvm/java-8-openjdk-amd64/jre/lib/amd64/libawt_xawt.so
7f18cad66000-7f18cad69000 rw-p 0005c000 08:01 2651                       /usr/lib/jvm/java-8-openjdk-amd64/jre/lib/amd64/libawt_xawt.so
7f18cad69000-7f18cad6b000 rw-p 00000000 00:00 0 
7f18cad6b000-7f18cae0a000 r-xp 00000000 08:01 2652                       /usr/lib/jvm/java-8-openjdk-amd64/jre/lib/amd64/libawt.so
7f18cae0a000-7f18cb00a000 ---p 0009f000 08:01 2652                       /usr/lib/jvm/java-8-openjdk-amd64/jre/lib/amd64/libawt.so
7f18cb00a000-7f18cb00b000 r--p 0009f000 08:01 2652                       /usr/lib/jvm/java-8-openjdk-amd64/jre/lib/amd64/libawt.so
7f18cb00b000-7f18cb016000 rw-p 000a0000 08:01 2652                       /usr/lib/jvm/java-8-openjdk-amd64/jre/lib/amd64/libawt.so
7f18cb016000-7f18cb03b000 rw-p 00000000 00:00 0 
7f18cb03b000-7f18cb03c000 ---p 00000000 00:00 0 
7f18cb03c000-7f18cb13c000 rw-p 00000000 00:00 0 
7f18cb13c000-7f18cb13f000 ---p 00000000 00:00 0 
7f18cb13f000-7f18cb23d000 rw-p 00000000 00:00 0 
7f18cb23d000-7f18cb240000 ---p 00000000 00:00 0 
7f18cb240000-7f18cb33e000 rw-p 00000000 00:00 0 
7f18cb33e000-7f18cb341000 ---p 00000000 00:00 0 
7f18cb341000-7f18cb43f000 rw-p 00000000 00:00 0 
7f18cb43f000-7f18cb442000 ---p 00000000 00:00 0 
7f18cb442000-7f18cb540000 rw-p 00000000 00:00 0 
7f18cb540000-7f18cb543000 ---p 00000000 00:00 0 
7f18cb543000-7f18cb641000 rw-p 00000000 00:00 0 
7f18cb641000-7f18cc000000 r--p 00000000 08:01 9193                       /usr/lib/locale/locale-archive
7f18cc000000-7f18cc021000 rw-p 00000000 00:00 0 
7f18cc021000-7f18d0000000 ---p 00000000 00:00 0 
7f18d0000000-7f18d0001000 r--s 00000000 08:01 865097                     /var/cache/fontconfig/406a1d2d2bf3ed7664fbadefac0b2f66-le64.cache-6
7f18d0001000-7f18d0002000 r--s 00000000 08:01 825281                     /var/cache/fontconfig/30829fa25452a46451e813d634d7f916-le64.cache-6
7f18d0002000-7f18d0003000 r--s 00000000 08:01 825275                     /var/cache/fontconfig/0c9eb80ebd1c36541ebe2852d3bb0c49-le64.cache-6
7f18d0003000-7f18d0006000 r--s 00000000 08:01 825292                     /var/cache/fontconfig/75114ca45c98e8a441da0ff356701271-le64.cache-6
7f18d0006000-7f18d000f000 r--s 00000000 08:01 865091                     /var/cache/fontconfig/d0972c3d32f097851eb916381fc38920-le64.cache-6
7f18d000f000-7f18d0011000 r--s 00000000 08:01 865090                     /var/cache/fontconfig/6e6b34ae150a7ad95e82fb4a522f0bda-le64.cache-6
7f18d0011000-7f18d0018000 r--s 00000000 08:01 865087                     /var/cache/fontconfig/53d14c92082a93e67d5078324eb314ca-le64.cache-6
7f18d0018000-7f18d001a000 r--s 00000000 08:01 865086                     /var/cache/fontconfig/43bfe21a9e1edebcf703d79ee2950b06-le64.cache-6
7f18d001a000-7f18d002d000 r--s 00000000 08:01 865084                     /var/cache/fontconfig/4ac51e5cfbc76fc3f983e470323a16d3-le64.cache-6
7f18d002d000-7f18d0031000 r--s 00000000 08:01 865076                     /var/cache/fontconfig/3629f2adf904f9a612908891fae71ceb-le64.cache-6
7f18d0031000-7f18d0034000 r--s 00000000 08:01 865075                     /var/cache/fontconfig/de83a0a961185c8bd1f159015d56c039-le64.cache-6
7f18d0034000-7f18d004a000 r--s 00000000 08:01 865072                     /var/cache/fontconfig/e13b20fdb08344e0e664864cc2ede53d-le64.cache-6
7f18d004a000-7f18d004e000 r--s 00000000 08:01 820514                     /var/cache/fontconfig/7ef2298fde41cc6eeb7af42e48b7d293-le64.cache-6
7f18d004e000-7f18d005b000 r--s 00000000 08:01 865064                     /var/cache/fontconfig/8f02d4cb045bd6ce15663e43f347c9f8-le64.cache-6
7f18d005b000-7f18d007c000 r--s 00000000 08:01 865047                     /var/cache/fontconfig/467c019e582ee353435ea5c21d137ef6-le64.cache-6
7f18d007c000-7f18d008f000 r--s 00346000 08:01 92840                      /usr/lib/jvm/java-8-openjdk-amd64/jre/lib/resources.jar
7f18d008f000-7f18d00ac000 r--s 0014f000 08:01 1011190                    /home/tryfon/contiki/tools/cooja/lib/swingx-all-1.6.4.jar
7f18d00ac000-7f18d00b3000 r--s 0005b000 08:01 1011188                    /home/tryfon/contiki/tools/cooja/lib/jsyntaxpane.jar
7f18d00b3000-7f18d00ba000 r--s 0004f000 08:01 1011189                    /home/tryfon/contiki/tools/cooja/lib/log4j.jar
7f18d00ba000-7f18d00d5000 r--s 001d6000 08:01 2616                       /usr/lib/jvm/java-8-openjdk-amd64/jre/lib/ext/nashorn.jar
7f18d00d5000-7f18d00f0000 r--s 00394000 08:01 2619                       /usr/lib/jvm/java-8-openjdk-amd64/jre/lib/ext/cldrdata.jar
7f18d00f0000-7f18d00f5000 r--s 0003c000 08:01 2621                       /usr/lib/jvm/java-8-openjdk-amd64/jre/lib/ext/sunjce_provider.jar
7f18d00f5000-7f18d00f8000 ---p 00000000 00:00 0 
7f18d00f8000-7f18d01f6000 rw-p 00000000 00:00 0 
7f18d01f6000-7f18d01f9000 ---p 00000000 00:00 0 
7f18d01f9000-7f18d0345000 rw-p 00000000 00:00 0 
7f18d0345000-7f18d0515000 r--s 03c5c000 08:01 2502                       /usr/lib/jvm/java-8-openjdk-amd64/jre/lib/rt.jar
7f18d0515000-7f18d0518000 ---p 00000000 00:00 0 
7f18d0518000-7f18d0616000 rw-p 00000000 00:00 0 
7f18d0616000-7f18d0617000 ---p 00000000 00:00 0 
7f18d0617000-7f18d2af8000 rw-p 00000000 00:00 0 
7f18d2af8000-7f18d3bf8000 rw-p 00000000 00:00 0 
7f18d3bf8000-7f18d3bf9000 ---p 00000000 00:00 0 
7f18d3bf9000-7f18d3cf9000 rw-p 00000000 00:00 0 
7f18d3cf9000-7f18d3cfa000 ---p 00000000 00:00 0 
7f18d3cfa000-7f18d3dfa000 rw-p 00000000 00:00 0 
7f18d3dfa000-7f18d3dfb000 ---p 00000000 00:00 0 
7f18d3dfb000-7f18d3efb000 rw-p 00000000 00:00 0 
7f18d3efb000-7f18d3efc000 ---p 00000000 00:00 0 
7f18d3efc000-7f18d3ffc000 rw-p 00000000 00:00 0 
7f18d3ffc000-7f18d3ffd000 ---p 00000000 00:00 0 
7f18d3ffd000-7f18d40fd000 rw-p 00000000 00:00 0 
7f18d40fd000-7f18d40fe000 ---p 00000000 00:00 0 
7f18d40fe000-7f18d41fe000 rw-p 00000000 00:00 0 
7f18d41fe000-7f18d41ff000 ---p 00000000 00:00 0 
7f18d41ff000-7f18d42ff000 rw-p 00000000 00:00 0 
7f18d42ff000-7f18d4300000 ---p 00000000 00:00 0 
7f18d4300000-7f18d4464000 rw-p 00000000 00:00 0 
7f18d4464000-7f18d47c0000 ---p 00000000 00:00 0 
7f18d47c0000-7f18d6090000 rwxp 00000000 00:00 0 
7f18d6090000-7f18e37c0000 ---p 00000000 00:00 0 
7f18e37c0000-7f18e37c8000 r-xp 00000000 08:01 2655                       /usr/lib/jvm/java-8-openjdk-amd64/jre/lib/amd64/libzip.so
7f18e37c8000-7f18e39c7000 ---p 00008000 08:01 2655                       /usr/lib/jvm/java-8-openjdk-amd64/jre/lib/amd64/libzip.so
7f18e39c7000-7f18e39c8000 r--p 00007000 08:01 2655                       /usr/lib/jvm/java-8-openjdk-amd64/jre/lib/amd64/libzip.so
7f18e39c8000-7f18e39c9000 rw-p 00008000 08:01 2655                       /usr/lib/jvm/java-8-openjdk-amd64/jre/lib/amd64/libzip.so
7f18e39c9000-7f18e39d4000 r-xp 00000000 08:01 530513                     /lib/x86_64-linux-gnu/libnss_files-2.23.so
7f18e39d4000-7f18e3bd3000 ---p 0000b000 08:01 530513                     /lib/x86_64-linux-gnu/libnss_files-2.23.so
7f18e3bd3000-7f18e3bd4000 r--p 0000a000 08:01 530513                     /lib/x86_64-linux-gnu/libnss_files-2.23.so
7f18e3bd4000-7f18e3bd5000 rw-p 0000b000 08:01 530513                     /lib/x86_64-linux-gnu/libnss_files-2.23.so
7f18e3bd5000-7f18e3bdb000 rw-p 00000000 00:00 0 
7f18e3bdb000-7f18e3be6000 r-xp 00000000 08:01 530523                     /lib/x86_64-linux-gnu/libnss_nis-2.23.so
7f18e3be6000-7f18e3de5000 ---p 0000b000 08:01 530523                     /lib/x86_64-linux-gnu/libnss_nis-2.23.so
7f18e3de5000-7f18e3de6000 r--p 0000a000 08:01 530523                     /lib/x86_64-linux-gnu/libnss_nis-2.23.so
7f18e3de6000-7f18e3de7000 rw-p 0000b000 08:01 530523                     /lib/x86_64-linux-gnu/libnss_nis-2.23.so
7f18e3de7000-7f18e3dfd000 r-xp 00000000 08:01 530507                     /lib/x86_64-linux-gnu/libnsl-2.23.so
7f18e3dfd000-7f18e3ffc000 ---p 00016000 08:01 530507                     /lib/x86_64-linux-gnu/libnsl-2.23.so
7f18e3ffc000-7f18e3ffd000 r--p 00015000 08:01 530507                     /lib/x86_64-linux-gnu/libnsl-2.23.so
7f18e3ffd000-7f18e3ffe000 rw-p 00016000 08:01 530507                     /lib/x86_64-linux-gnu/libnsl-2.23.so
7f18e3ffe000-7f18e4000000 rw-p 00000000 00:00 0 
7f18e4000000-7f18e435d000 rw-p 00000000 00:00 0 
7f18e435d000-7f18e8000000 ---p 00000000 00:00 0 
7f18e8000000-7f18e8001000 r--s 00000000 08:01 865089                     /var/cache/fontconfig/3334a778d104e76d188e9df399bc24d2-le64.cache-6
7f18e8001000-7f18e8002000 r--s 00000000 08:01 865077                     /var/cache/fontconfig/c277e94e32b20404286a1ddafa5a80f0-le64.cache-6
7f18e8002000-7f18e8004000 r--s 00000000 08:01 865067                     /var/cache/fontconfig/16326683038b281783a0ef8c680e3a10-le64.cache-6
7f18e8004000-7f18e80e0000 rw-p 00000000 00:00 0 
7f18e80e0000-7f18e8166000 ---p 00000000 00:00 0 
7f18e8166000-7f18e81bb000 rw-p 00000000 00:00 0 
7f18e81bb000-7f18e81bc000 ---p 00000000 00:00 0 
7f18e81bc000-7f18e81bd000 rw-p 00000000 00:00 0 
7f18e81bd000-7f18e81c5000 r-xp 00000000 08:01 530509                     /lib/x86_64-linux-gnu/libnss_compat-2.23.so
7f18e81c5000-7f18e83c4000 ---p 00008000 08:01 530509                     /lib/x86_64-linux-gnu/libnss_compat-2.23.so
7f18e83c4000-7f18e83c5000 r--p 00007000 08:01 530509                     /lib/x86_64-linux-gnu/libnss_compat-2.23.so
7f18e83c5000-7f18e83c6000 rw-p 00008000 08:01 530509                     /lib/x86_64-linux-gnu/libnss_compat-2.23.so
7f18e83c6000-7f18e83ef000 r-xp 00000000 08:01 2639                       /usr/lib/jvm/java-8-openjdk-amd64/jre/lib/amd64/libjava.so
7f18e83ef000-7f18e85ee000 ---p 00029000 08:01 2639                       /usr/lib/jvm/java-8-openjdk-amd64/jre/lib/amd64/libjava.so
7f18e85ee000-7f18e85ef000 r--p 00028000 08:01 2639                       /usr/lib/jvm/java-8-openjdk-amd64/jre/lib/amd64/libjava.so
7f18e85ef000-7f18e85f1000 rw-p 00029000 08:01 2639                       /usr/lib/jvm/java-8-openjdk-amd64/jre/lib/amd64/libjava.so
7f18e85f1000-7f18e8600000 r-xp 00000000 08:01 2657                       /usr/lib/jvm/java-8-openjdk-amd64/jre/lib/amd64/libverify.so
7f18e8600000-7f18e87ff000 ---p 0000f000 08:01 2657                       /usr/lib/jvm/java-8-openjdk-amd64/jre/lib/amd64/libverify.so
7f18e87ff000-7f18e8801000 r--p 0000e000 08:01 2657                       /usr/lib/jvm/java-8-openjdk-amd64/jre/lib/amd64/libverify.so
7f18e8801000-7f18e8802000 rw-p 00010000 08:01 2657                       /usr/lib/jvm/java-8-openjdk-amd64/jre/lib/amd64/libverify.so
7f18e8802000-7f18e8809000 r-xp 00000000 08:01 530568                     /lib/x86_64-linux-gnu/librt-2.23.so
7f18e8809000-7f18e8a08000 ---p 00007000 08:01 530568                     /lib/x86_64-linux-gnu/librt-2.23.so
7f18e8a08000-7f18e8a09000 r--p 00006000 08:01 530568                     /lib/x86_64-linux-gnu/librt-2.23.so
7f18e8a09000-7f18e8a0a000 rw-p 00007000 08:01 530568                     /lib/x86_64-linux-gnu/librt-2.23.so
7f18e8a0a000-7f18e8a20000 r-xp 00000000 08:01 530452                     /lib/x86_64-linux-gnu/libgcc_s.so.1
7f18e8a20000-7f18e8c1f000 ---p 00016000 08:01 530452                     /lib/x86_64-linux-gnu/libgcc_s.so.1
7f18e8c1f000-7f18e8c20000 rw-p 00015000 08:01 530452                     /lib/x86_64-linux-gnu/libgcc_s.so.1
7f18e8c20000-7f18e8d28000 r-xp 00000000 08:01 530484                     /lib/x86_64-linux-gnu/libm-2.23.so
7f18e8d28000-7f18e8f27000 ---p 00108000 08:01 530484                     /lib/x86_64-linux-gnu/libm-2.23.so
7f18e8f27000-7f18e8f28000 r--p 00107000 08:01 530484                     /lib/x86_64-linux-gnu/libm-2.23.so
7f18e8f28000-7f18e8f29000 rw-p 00108000 08:01 530484                     /lib/x86_64-linux-gnu/libm-2.23.so
7f18e8f29000-7f18e909b000 r-xp 00000000 08:01 2086                       /usr/lib/x86_64-linux-gnu/libstdc++.so.6.0.21
7f18e909b000-7f18e929b000 ---p 00172000 08:01 2086                       /usr/lib/x86_64-linux-gnu/libstdc++.so.6.0.21
7f18e929b000-7f18e92a5000 r--p 00172000 08:01 2086                       /usr/lib/x86_64-linux-gnu/libstdc++.so.6.0.21
7f18e92a5000-7f18e92a7000 rw-p 0017c000 08:01 2086                       /usr/lib/x86_64-linux-gnu/libstdc++.so.6.0.21
7f18e92a7000-7f18e92ab000 rw-p 00000000 00:00 0 
7f18e92ab000-7f18e9f0f000 r-xp 00000000 08:01 68207                      /usr/lib/jvm/java-8-openjdk-amd64/jre/lib/amd64/server/libjvm.so
7f18e9f0f000-7f18ea10e000 ---p 00c64000 08:01 68207                      /usr/lib/jvm/java-8-openjdk-amd64/jre/lib/amd64/server/libjvm.so
7f18ea10e000-7f18ea1a2000 r--p 00c63000 08:01 68207                      /usr/lib/jvm/java-8-openjdk-amd64/jre/lib/amd64/server/libjvm.so
7f18ea1a2000-7f18ea1cb000 rw-p 00cf7000 08:01 68207                      /usr/lib/jvm/java-8-openjdk-amd64/jre/lib/amd64/server/libjvm.so
7f18ea1cb000-7f18ea1fb000 rw-p 00000000 00:00 0 
7f18ea1fb000-7f18ea213000 r-xp 00000000 08:01 530560                     /lib/x86_64-linux-gnu/libpthread-2.23.so
7f18ea213000-7f18ea412000 ---p 00018000 08:01 530560                     /lib/x86_64-linux-gnu/libpthread-2.23.so
7f18ea412000-7f18ea413000 r--p 00017000 08:01 530560                     /lib/x86_64-linux-gnu/libpthread-2.23.so
7f18ea413000-7f18ea414000 rw-p 00018000 08:01 530560                     /lib/x86_64-linux-gnu/libpthread-2.23.so
7f18ea414000-7f18ea418000 rw-p 00000000 00:00 0 
7f18ea418000-7f18ea41b000 r-xp 00000000 08:01 530438                     /lib/x86_64-linux-gnu/libdl-2.23.so
7f18ea41b000-7f18ea61a000 ---p 00003000 08:01 530438                     /lib/x86_64-linux-gnu/libdl-2.23.so
7f18ea61a000-7f18ea61b000 r--p 00002000 08:01 530438                     /lib/x86_64-linux-gnu/libdl-2.23.so
7f18ea61b000-7f18ea61c000 rw-p 00003000 08:01 530438                     /lib/x86_64-linux-gnu/libdl-2.23.so
7f18ea61c000-7f18ea635000 r-xp 00000000 08:01 530605                     /lib/x86_64-linux-gnu/libz.so.1.2.8
7f18ea635000-7f18ea834000 ---p 00019000 08:01 530605                     /lib/x86_64-linux-gnu/libz.so.1.2.8
7f18ea834000-7f18ea835000 r--p 00018000 08:01 530605                     /lib/x86_64-linux-gnu/libz.so.1.2.8
7f18ea835000-7f18ea836000 rw-p 00019000 08:01 530605                     /lib/x86_64-linux-gnu/libz.so.1.2.8
7f18ea836000-7f18ea9f6000 r-xp 00000000 08:01 530414                     /lib/x86_64-linux-gnu/libc-2.23.so
7f18ea9f6000-7f18eabf6000 ---p 001c0000 08:01 530414                     /lib/x86_64-linux-gnu/libc-2.23.so
7f18eabf6000-7f18eabfa000 r--p 001c0000 08:01 530414                     /lib/x86_64-linux-gnu/libc-2.23.so
7f18eabfa000-7f18eabfc000 rw-p 001c4000 08:01 530414                     /lib/x86_64-linux-gnu/libc-2.23.so
7f18eabfc000-7f18eac00000 rw-p 00000000 00:00 0 
7f18eac00000-7f18eac0d000 r-xp 00000000 08:01 2648                       /usr/lib/jvm/java-8-openjdk-amd64/jre/lib/amd64/jli/libjli.so
7f18eac0d000-7f18eae0c000 ---p 0000d000 08:01 2648                       /usr/lib/jvm/java-8-openjdk-amd64/jre/lib/amd64/jli/libjli.so
7f18eae0c000-7f18eae0d000 r--p 0000c000 08:01 2648                       /usr/lib/jvm/java-8-openjdk-amd64/jre/lib/amd64/jli/libjli.so
7f18eae0d000-7f18eae0e000 rw-p 0000d000 08:01 2648                       /usr/lib/jvm/java-8-openjdk-amd64/jre/lib/amd64/jli/libjli.so
7f18eae0e000-7f18eae34000 r-xp 00000000 08:01 530386                     /lib/x86_64-linux-gnu/ld-2.23.so
7f18eae34000-7f18eae35000 r--s 00000000 08:01 865057                     /var/cache/fontconfig/e0aa53bcfa504e64f87823c16bc01eb6-le64.cache-6
7f18eae35000-7f18eae38000 r--s 00022000 08:01 1011187                    /home/tryfon/contiki/tools/cooja/lib/jdom.jar
7f18eae38000-7f18eae3b000 r--s 00039000 08:01 2618                       /usr/lib/jvm/java-8-openjdk-amd64/jre/lib/ext/sunpkcs11.jar
7f18eae3b000-7f18eae3d000 r--s 00001000 08:01 2620                       /usr/lib/jvm/java-8-openjdk-amd64/jre/lib/ext/dnsns.jar
7f18eae3d000-7f18eae3e000 r--s 0000a000 08:01 2617                       /usr/lib/jvm/java-8-openjdk-amd64/jre/lib/ext/jaccess.jar
7f18eae3e000-7f18eae48000 r--s 00116000 08:01 2623                       /usr/lib/jvm/java-8-openjdk-amd64/jre/lib/ext/localedata.jar
7f18eae48000-7f18eae8d000 rw-p 00000000 00:00 0 
7f18eae8d000-7f18eaf14000 ---p 00000000 00:00 0 
7f18eaf14000-7f18eaf17000 ---p 00000000 00:00 0 
7f18eaf17000-7f18eb019000 rw-p 00000000 00:00 0 
7f18eb019000-7f18eb01a000 r--s 0000d000 08:01 2614                       /usr/lib/jvm/java-8-openjdk-amd64/jre/lib/ext/sunec.jar
7f18eb01a000-7f18eb01d000 r--s 0000f000 08:01 2615                       /usr/lib/jvm/java-8-openjdk-amd64/jre/lib/ext/icedtea-sound.jar
7f18eb01d000-7f18eb01e000 r--s 00010000 08:01 2622                       /usr/lib/jvm/java-8-openjdk-amd64/jre/lib/ext/zipfs.jar
7f18eb01e000-7f18eb028000 rw-p 00000000 00:00 0 
7f18eb028000-7f18eb030000 rw-s 00000000 08:01 655467                     /tmp/hsperfdata_tryfon/67327
7f18eb030000-7f18eb031000 rw-p 00000000 00:00 0 
7f18eb031000-7f18eb032000 r--p 00000000 00:00 0 
7f18eb032000-7f18eb033000 rw-p 00000000 00:00 0 
7f18eb033000-7f18eb034000 r--p 00025000 08:01 530386                     /lib/x86_64-linux-gnu/ld-2.23.so
7f18eb034000-7f18eb035000 rw-p 00026000 08:01 530386                     /lib/x86_64-linux-gnu/ld-2.23.so
7f18eb035000-7f18eb036000 rw-p 00000000 00:00 0 
7ffe00930000-7ffe00952000 rw-p 00000000 00:00 0                          [stack]
7ffe009d4000-7ffe009d7000 r--p 00000000 00:00 0                          [vvar]
7ffe009d7000-7ffe009d9000 r-xp 00000000 00:00 0                          [vdso]
ffffffffff600000-ffffffffff601000 r-xp 00000000 00:00 0                  [vsyscall]

VM Arguments:
jvm_args: -Dfile.encoding=UTF-8 -Xshare:on -Xmx512m -Duser.language=en 
java_command: org.contikios.cooja.Cooja
java_class_path (initial): /home/tryfon/contiki/tools/cooja/build:/home/tryfon/contiki/tools/cooja/lib/jdom.jar:/home/tryfon/contiki/tools/cooja/lib/log4j.jar:/home/tryfon/contiki/tools/cooja/lib/jsyntaxpane.jar:/home/tryfon/contiki/tools/cooja/lib/swingx-all-1.6.4.jar
Launcher Type: SUN_STANDARD

Environment Variables:
JAVA_HOME=/usr/lib/jvm/java-8-openjdk-amd64
JAVA_TOOL_OPTIONS=-Dfile.encoding=UTF-8
CLASSPATH=:/usr/src/tinyos/support/sdk/java/tinyos.jar
PATH=/home/tryfon/gfc-2.10/src:/home/tryfon/gfc-2.10/examples:/home/tryfon/bin:/home/tryfon/.local/bin:/usr/local/sbin:/usr/local/bin:/usr/sbin:/usr/bin:/sbin:/bin:/usr/games:/usr/local/games:/snap/bin:/opt/msp430-47-expr/bin/:/usr/local/sbin:/usr/local/bin:/usr/sbin:/usr/bin:/sbin:/bin
LD_LIBRARY_PATH=.
SHELL=/bin/bash
DISPLAY=:0

Signal Handlers:
SIGSEGV: [libjvm.so+0xa783e0], sa_mask[0]=11111111011111111101111111111110, sa_flags=SA_RESTART|SA_SIGINFO
SIGBUS: [libjvm.so+0xa783e0], sa_mask[0]=11111111011111111101111111111110, sa_flags=SA_RESTART|SA_SIGINFO
SIGFPE: [libjvm.so+0x8c0e10], sa_mask[0]=11111111011111111101111111111110, sa_flags=SA_RESTART|SA_SIGINFO
SIGPIPE: [libjvm.so+0x8c0e10], sa_mask[0]=11111111011111111101111111111110, sa_flags=SA_RESTART|SA_SIGINFO
SIGXFSZ: [libjvm.so+0x8c0e10], sa_mask[0]=11111111011111111101111111111110, sa_flags=SA_RESTART|SA_SIGINFO
SIGILL: [libjvm.so+0x8c0e10], sa_mask[0]=11111111011111111101111111111110, sa_flags=SA_RESTART|SA_SIGINFO
SIGUSR1: SIG_DFL, sa_mask[0]=00000000000000000000000000000000, sa_flags=none
SIGUSR2: [libjvm.so+0x8c0cc0], sa_mask[0]=00100000000000000000000000000000, sa_flags=SA_RESTART|SA_SIGINFO
SIGHUP: [libjvm.so+0x8c1350], sa_mask[0]=11111111011111111101111111111110, sa_flags=SA_RESTART|SA_SIGINFO
SIGINT: [libjvm.so+0x8c1350], sa_mask[0]=11111111011111111101111111111110, sa_flags=SA_RESTART|SA_SIGINFO
SIGTERM: [libjvm.so+0x8c1350], sa_mask[0]=11111111011111111101111111111110, sa_flags=SA_RESTART|SA_SIGINFO
SIGQUIT: [libjvm.so+0x8c1350], sa_mask[0]=11111111011111111101111111111110, sa_flags=SA_RESTART|SA_SIGINFO


---------------  S Y S T E M  ---------------

OS:DISTRIB_ID=Ubuntu
DISTRIB_RELEASE=16.04
DISTRIB_CODENAME=xenial
DISTRIB_DESCRIPTION="Ubuntu 16.04.4 LTS"

uname:Linux 4.15.0-54-generic #58~16.04.1-Ubuntu SMP Mon Jun 24 13:21:41 UTC 2019 x86_64
libc:glibc 2.23 NPTL 2.23 
rlimit: STACK 8192k, CORE 0k, NPROC 27402, NOFILE 1048576, AS infinity
load average:0.56 0.54 0.44

/proc/meminfo:
MemTotal:        7075360 kB
MemFree:         1743716 kB
MemAvailable:    4539348 kB
Buffers:          369956 kB
Cached:          2410436 kB
SwapCached:            0 kB
Active:          2989944 kB
Inactive:        1351824 kB
Active(anon):    1564760 kB
Inactive(anon):    42452 kB
Active(file):    1425184 kB
Inactive(file):  1309372 kB
Unevictable:          48 kB
Mlocked:              48 kB
SwapTotal:       5530620 kB
SwapFree:        5530620 kB
Dirty:              2100 kB
Writeback:             0 kB
AnonPages:       1561456 kB
Mapped:           378168 kB
Shmem:             45840 kB
Slab:             524392 kB
SReclaimable:     362648 kB
SUnreclaim:       161744 kB
KernelStack:       12976 kB
PageTables:        33056 kB
NFS_Unstable:          0 kB
Bounce:                0 kB
WritebackTmp:          0 kB
CommitLimit:     9068300 kB
Committed_AS:    5410952 kB
VmallocTotal:   34359738367 kB
VmallocUsed:           0 kB
VmallocChunk:          0 kB
HardwareCorrupted:     0 kB
AnonHugePages:         0 kB
ShmemHugePages:        0 kB
ShmemPmdMapped:        0 kB
CmaTotal:              0 kB
CmaFree:               0 kB
HugePages_Total:       0
HugePages_Free:        0
HugePages_Rsvd:        0
HugePages_Surp:        0
Hugepagesize:       2048 kB
DirectMap4k:      407360 kB
DirectMap2M:     6895616 kB
DirectMap1G:           0 kB

container (cgroup) information:
container_type: cgroupv1
cpu_cpuset_cpus: 0-7
cpu_memory_nodes: 0
active_processor_count: 8
cpu_quota: -1
cpu_period: 100000
cpu_shares: -1
memory_limit_in_bytes: -1
memory_and_swap_limit_in_bytes: -2
memory_soft_limit_in_bytes: -1
memory_usage_in_bytes: 2251927552
memory_max_usage_in_bytes: 2808061952


CPU:total 8 (initial active 8) (2 cores per cpu, 1 threads per core) family 6 model 60 stepping 3, cmov, cx8, fxsr, mmx, sse, sse2, sse3, ssse3, sse4.1, sse4.2, popcnt, avx, avx2, aes, clmul, erms, lzcnt, tsc, tscinvbit, bmi1, bmi2

/proc/cpuinfo:
processor	: 0
vendor_id	: GenuineIntel
cpu family	: 6
model		: 60
model name	: Intel(R) Core(TM) i7-4702MQ CPU @ 2.20GHz
stepping	: 3
microcode	: 0x25
cpu MHz		: 2201.000
cache size	: 6144 KB
physical id	: 0
siblings	: 2
core id		: 0
cpu cores	: 2
apicid		: 0
initial apicid	: 0
fpu		: yes
fpu_exception	: yes
cpuid level	: 13
wp		: yes
flags		: fpu vme de pse tsc msr pae mce cx8 apic sep mtrr pge mca cmov pat pse36 clflush dts mmx fxsr sse sse2 ss ht syscall nx pdpe1gb rdtscp lm constant_tsc arch_perfmon pebs bts nopl xtopology tsc_reliable nonstop_tsc cpuid aperfmperf pni pclmulqdq ssse3 fma cx16 pcid sse4_1 sse4_2 x2apic movbe popcnt tsc_deadline_timer aes xsave avx f16c rdrand hypervisor lahf_lm abm cpuid_fault epb invpcid_single pti fsgsbase tsc_adjust bmi1 avx2 smep bmi2 invpcid xsaveopt dtherm ida arat pln pts
bugs		: cpu_meltdown spectre_v1 spectre_v2 spec_store_bypass l1tf mds
bogomips	: 4402.00
clflush size	: 64
cache_alignment	: 64
address sizes	: 42 bits physical, 48 bits virtual
power management:

processor	: 1
vendor_id	: GenuineIntel
cpu family	: 6
model		: 60
model name	: Intel(R) Core(TM) i7-4702MQ CPU @ 2.20GHz
stepping	: 3
microcode	: 0x25
cpu MHz		: 2201.000
cache size	: 6144 KB
physical id	: 0
siblings	: 2
core id		: 1
cpu cores	: 2
apicid		: 1
initial apicid	: 1
fpu		: yes
fpu_exception	: yes
cpuid level	: 13
wp		: yes
flags		: fpu vme de pse tsc msr pae mce cx8 apic sep mtrr pge mca cmov pat pse36 clflush dts mmx fxsr sse sse2 ss ht syscall nx pdpe1gb rdtscp lm constant_tsc arch_perfmon pebs bts nopl xtopology tsc_reliable nonstop_tsc cpuid aperfmperf pni pclmulqdq ssse3 fma cx16 pcid sse4_1 sse4_2 x2apic movbe popcnt tsc_deadline_timer aes xsave avx f16c rdrand hypervisor lahf_lm abm cpuid_fault epb invpcid_single pti fsgsbase tsc_adjust bmi1 avx2 smep bmi2 invpcid xsaveopt dtherm ida arat pln pts
bugs		: cpu_meltdown spectre_v1 spectre_v2 spec_store_bypass l1tf mds
bogomips	: 4402.00
clflush size	: 64
cache_alignment	: 64
address sizes	: 42 bits physical, 48 bits virtual
power management:

processor	: 2
vendor_id	: GenuineIntel
cpu family	: 6
model		: 60
model name	: Intel(R) Core(TM) i7-4702MQ CPU @ 2.20GHz
stepping	: 3
microcode	: 0x25
cpu MHz		: 2201.000
cache size	: 6144 KB
physical id	: 1
siblings	: 2
core id		: 0
cpu cores	: 2
apicid		: 2
initial apicid	: 2
fpu		: yes
fpu_exception	: yes
cpuid level	: 13
wp		: yes
flags		: fpu vme de pse tsc msr pae mce cx8 apic sep mtrr pge mca cmov pat pse36 clflush dts mmx fxsr sse sse2 ss ht syscall nx pdpe1gb rdtscp lm constant_tsc arch_perfmon pebs bts nopl xtopology tsc_reliable nonstop_tsc cpuid aperfmperf pni pclmulqdq ssse3 fma cx16 pcid sse4_1 sse4_2 x2apic movbe popcnt tsc_deadline_timer aes xsave avx f16c rdrand hypervisor lahf_lm abm cpuid_fault epb invpcid_single pti fsgsbase tsc_adjust bmi1 avx2 smep bmi2 invpcid xsaveopt dtherm ida arat pln pts
bugs		: cpu_meltdown spectre_v1 spectre_v2 spec_store_bypass l1tf mds
bogomips	: 4402.00
clflush size	: 64
cache_alignment	: 64
address sizes	: 42 bits physical, 48 bits virtual
power management:

processor	: 3
vendor_id	: GenuineIntel
cpu family	: 6
model		: 60
model name	: Intel(R) Core(TM) i7-4702MQ CPU @ 2.20GHz
stepping	: 3
microcode	: 0x25
cpu MHz		: 2201.000
cache size	: 6144 KB
physical id	: 1
siblings	: 2
core id		: 1
cpu cores	: 2
apicid		: 3
initial apicid	: 3
fpu		: yes
fpu_exception	: yes
cpuid level	: 13
wp		: yes
flags		: fpu vme de pse tsc msr pae mce cx8 apic sep mtrr pge mca cmov pat pse36 clflush dts mmx fxsr sse sse2 ss ht syscall nx pdpe1gb rdtscp lm constant_tsc arch_perfmon pebs bts nopl xtopology tsc_reliable nonstop_tsc cpuid aperfmperf pni pclmulqdq ssse3 fma cx16 pcid sse4_1 sse4_2 x2apic movbe popcnt tsc_deadline_timer aes xsave avx f16c rdrand hypervisor lahf_lm abm cpuid_fault epb invpcid_single pti fsgsbase tsc_adjust bmi1 avx2 smep bmi2 invpcid xsaveopt dtherm ida arat pln pts
bugs		: cpu_meltdown spectre_v1 spectre_v2 spec_store_bypass l1tf mds
bogomips	: 4402.00
clflush size	: 64
cache_alignment	: 64
address sizes	: 42 bits physical, 48 bits virtual
power management:

processor	: 4
vendor_id	: GenuineIntel
cpu family	: 6
model		: 60
model name	: Intel(R) Core(TM) i7-4702MQ CPU @ 2.20GHz
stepping	: 3
microcode	: 0x25
cpu MHz		: 2201.000
cache size	: 6144 KB
physical id	: 2
siblings	: 2
core id		: 0
cpu cores	: 2
apicid		: 4
initial apicid	: 4
fpu		: yes
fpu_exception	: yes
cpuid level	: 13
wp		: yes
flags		: fpu vme de pse tsc msr pae mce cx8 apic sep mtrr pge mca cmov pat pse36 clflush dts mmx fxsr sse sse2 ss ht syscall nx pdpe1gb rdtscp lm constant_tsc arch_perfmon pebs bts nopl xtopology tsc_reliable nonstop_tsc cpuid aperfmperf pni pclmulqdq ssse3 fma cx16 pcid sse4_1 sse4_2 x2apic movbe popcnt tsc_deadline_timer aes xsave avx f16c rdrand hypervisor lahf_lm abm cpuid_fault epb invpcid_single pti fsgsbase tsc_adjust bmi1 avx2 smep bmi2 invpcid xsaveopt dtherm ida arat pln pts
bugs		: cpu_meltdown spectre_v1 spectre_v2 spec_store_bypass l1tf mds
bogomips	: 4402.00
clflush size	: 64
cache_alignment	: 64
address sizes	: 42 bits physical, 48 bits virtual
power management:

processor	: 5
vendor_id	: GenuineIntel
cpu family	: 6
model		: 60
model name	: Intel(R) Core(TM) i7-4702MQ CPU @ 2.20GHz
stepping	: 3
microcode	: 0x25
cpu MHz		: 2201.000
cache size	: 6144 KB
physical id	: 2
siblings	: 2
core id		: 1
cpu cores	: 2
apicid		: 5
initial apicid	: 5
fpu		: yes
fpu_exception	: yes
cpuid level	: 13
wp		: yes
flags		: fpu vme de pse tsc msr pae mce cx8 apic sep mtrr pge mca cmov pat pse36 clflush dts mmx fxsr sse sse2 ss ht syscall nx pdpe1gb rdtscp lm constant_tsc arch_perfmon pebs bts nopl xtopology tsc_reliable nonstop_tsc cpuid aperfmperf pni pclmulqdq ssse3 fma cx16 pcid sse4_1 sse4_2 x2apic movbe popcnt tsc_deadline_timer aes xsave avx f16c rdrand hypervisor lahf_lm abm cpuid_fault epb invpcid_single pti fsgsbase tsc_adjust bmi1 avx2 smep bmi2 invpcid xsaveopt dtherm ida arat pln pts
bugs		: cpu_meltdown spectre_v1 spectre_v2 spec_store_bypass l1tf mds
bogomips	: 4402.00
clflush size	: 64
cache_alignment	: 64
address sizes	: 42 bits physical, 48 bits virtual
power management:

processor	: 6
vendor_id	: GenuineIntel
cpu family	: 6
model		: 60
model name	: Intel(R) Core(TM) i7-4702MQ CPU @ 2.20GHz
stepping	: 3
microcode	: 0x25
cpu MHz		: 2201.000
cache size	: 6144 KB
physical id	: 3
siblings	: 2
core id		: 0
cpu cores	: 2
apicid		: 6
initial apicid	: 6
fpu		: yes
fpu_exception	: yes
cpuid level	: 13
wp		: yes
flags		: fpu vme de pse tsc msr pae mce cx8 apic sep mtrr pge mca cmov pat pse36 clflush dts mmx fxsr sse sse2 ss ht syscall nx pdpe1gb rdtscp lm constant_tsc arch_perfmon pebs bts nopl xtopology tsc_reliable nonstop_tsc cpuid aperfmperf pni pclmulqdq ssse3 fma cx16 pcid sse4_1 sse4_2 x2apic movbe popcnt tsc_deadline_timer aes xsave avx f16c rdrand hypervisor lahf_lm abm cpuid_fault epb invpcid_single pti fsgsbase tsc_adjust bmi1 avx2 smep bmi2 invpcid xsaveopt dtherm ida arat pln pts
bugs		: cpu_meltdown spectre_v1 spectre_v2 spec_store_bypass l1tf mds
bogomips	: 4402.00
clflush size	: 64
cache_alignment	: 64
address sizes	: 42 bits physical, 48 bits virtual
power management:

processor	: 7
vendor_id	: GenuineIntel
cpu family	: 6
model		: 60
model name	: Intel(R) Core(TM) i7-4702MQ CPU @ 2.20GHz
stepping	: 3
microcode	: 0x25
cpu MHz		: 2201.000
cache size	: 6144 KB
physical id	: 3
siblings	: 2
core id		: 1
cpu cores	: 2
apicid		: 7
initial apicid	: 7
fpu		: yes
fpu_exception	: yes
cpuid level	: 13
wp		: yes
flags		: fpu vme de pse tsc msr pae mce cx8 apic sep mtrr pge mca cmov pat pse36 clflush dts mmx fxsr sse sse2 ss ht syscall nx pdpe1gb rdtscp lm constant_tsc arch_perfmon pebs bts nopl xtopology tsc_reliable nonstop_tsc cpuid aperfmperf pni pclmulqdq ssse3 fma cx16 pcid sse4_1 sse4_2 x2apic movbe popcnt tsc_deadline_timer aes xsave avx f16c rdrand hypervisor lahf_lm abm cpuid_fault epb invpcid_single pti fsgsbase tsc_adjust bmi1 avx2 smep bmi2 invpcid xsaveopt dtherm ida arat pln pts
bugs		: cpu_meltdown spectre_v1 spectre_v2 spec_store_bypass l1tf mds
bogomips	: 4402.00
clflush size	: 64
cache_alignment	: 64
address sizes	: 42 bits physical, 48 bits virtual
power management:



Memory: 4k page, physical 7075360k(1743796k free), swap 5530620k(5530620k free)

vm_info: OpenJDK 64-Bit Server VM (25.222-b10) for linux-amd64 JRE (1.8.0_222-8u222-b10-1ubuntu1~16.04.1-b10), built on Jul 18 2019 20:25:18 by "buildd" with gcc 5.4.0 20160609

time: Wed Aug  7 13:00:11 2019
timezone: PDT
elapsed time: 12289 seconds (0d 3h 24m 49s)

